#
# A fatal error has been detected by the Java Runtime Environment:
#
#  SIGBUS (0xa) at pc=0x000000010a0454f0, pid=8328, tid=30735
#
# JRE version: OpenJDK Runtime Environment (17.0.2+8) (build 17.0.2+8-86)
# Java VM: OpenJDK 64-Bit Server VM (17.0.2+8-86, mixed mode, sharing, tiered, compressed oops, compressed class ptrs, g1 gc, bsd-aarch64)
# Problematic frame:
# v  ~StubRoutines::SafeFetchN
#
# No core dump will be written. Core dumps have been disabled. To enable core dumping, try "ulimit -c unlimited" before starting Java again
#
# If you would like to submit a bug report, please visit:
#   https://bugreport.java.com/bugreport/crash.jsp
# The crash happened outside the Java Virtual Machine in native code.
# See problematic frame for where to report the bug.
#

---------------  S U M M A R Y ------------

Command Line: -javaagent:/Applications/IntelliJ IDEA CE.app/Contents/lib/idea_rt.jar=51741:/Applications/IntelliJ IDEA CE.app/Contents/bin -Dfile.encoding=UTF-8 --module-path=/Users/heliya/.m2/repository/org/openjfx/javafx-controls/17.0.1/javafx-controls-17.0.1-mac-aarch64.jar:/Users/heliya/demoMyTwitter/target/classes:/Users/heliya/.m2/repository/org/openjfx/javafx-graphics/17.0.1/javafx-graphics-17.0.1-mac-aarch64.jar:/Users/heliya/.m2/repository/org/openjfx/javafx-base/17.0.1/javafx-base-17.0.1-mac-aarch64.jar:/Users/heliya/.m2/repository/org/openjfx/javafx-fxml/17.0.1/javafx-fxml-17.0.1-mac-aarch64.jar -Djdk.module.main=com.example.demomytwitter com.example.demomytwitter/com.example.demomytwitter.HelloApplication

Host: "MacBookPro17,1" arm64 1 MHz, 8 cores, 8G, Darwin 21.3.0, macOS 12.2.1 (21D62)
Time: Sat Aug  6 19:13:19 2022 +0430 elapsed time: 2.106309 seconds (0d 0h 0m 2s)

---------------  T H R E A D  ---------------

Current thread (0x00000001590ac600):  JavaThread "InvokeLaterDispatcher" daemon [_thread_in_native, id=30735, stack(0x000000017214c000,0x000000017234f000)]

Stack: [0x000000017214c000,0x000000017234f000],  sp=0x000000017234e780,  free space=2057k
Native frames: (J=compiled Java code, j=interpreted, Vv=VM code, C=native code)
v  ~StubRoutines::SafeFetchN
V  [libjvm.dylib+0x7a6bcc]  _ZN10OopStorage7releaseEPKP7oopDesc+0x20
V  [libjvm.dylib+0x4ba824]  jni_DeleteGlobalRef+0xd8
C  [libglass.dylib+0xab08]  -[GlassRunnable dealloc]+0x34
C  [Foundation+0x84c7c]  -[_NSThreadPerformInfo dealloc]+0x30
C  [Foundation+0x51578]  -[NSObject(NSThreadPerformAdditions) performSelectorOnMainThread:withObject:waitUntilDone:]+0x88
C  0xd30a80010a04d8ac
j  com.sun.glass.ui.mac.MacApplication.submitForLaterInvocation(Ljava/lang/Runnable;)V+2 javafx.graphics
j  com.sun.glass.ui.InvokeLaterDispatcher.run()V+82 javafx.graphics
v  ~StubRoutines::call_stub
V  [libjvm.dylib+0x461d08]  _ZN9JavaCalls11call_helperEP9JavaValueRK12methodHandleP17JavaCallArgumentsP10JavaThread+0x38c
V  [libjvm.dylib+0x460d24]  _ZN9JavaCalls12call_virtualEP9JavaValueP5KlassP6SymbolS5_P17JavaCallArgumentsP10JavaThread+0x11c
V  [libjvm.dylib+0x460df0]  _ZN9JavaCalls12call_virtualEP9JavaValue6HandleP5KlassP6SymbolS6_P10JavaThread+0x64
V  [libjvm.dylib+0x515f04]  _ZL12thread_entryP10JavaThreadS0_+0xc4
V  [libjvm.dylib+0x9071ac]  _ZN10JavaThread17thread_main_innerEv+0x13c
V  [libjvm.dylib+0x9058c0]  _ZN6Thread8call_runEv+0x128
V  [libjvm.dylib+0x7ad7c8]  _ZL19thread_native_entryP6Thread+0x158
C  [libsystem_pthread.dylib+0x7240]  _pthread_start+0x94

Java frames: (J=compiled Java code, j=interpreted, Vv=VM code)
j  com.sun.glass.ui.mac.MacApplication._submitForLaterInvocation(Ljava/lang/Runnable;)V+0 javafx.graphics
j  com.sun.glass.ui.mac.MacApplication.submitForLaterInvocation(Ljava/lang/Runnable;)V+2 javafx.graphics
j  com.sun.glass.ui.InvokeLaterDispatcher.run()V+82 javafx.graphics
v  ~StubRoutines::call_stub

siginfo: si_signo: 10 (SIGBUS), si_code: 1 (BUS_ADRALN), si_addr: 0x000000010a0454f0

Register to memory mapping:

 x0=0x0000000147e055c8 is a global jni handle
 x1=0x0 is NULL
 x2=0x0000000785f81718 is an oop: com.sun.glass.ui.InvokeLaterDispatcher$Future 
{0x0000000785f81718} - klass: 'com/sun/glass/ui/InvokeLaterDispatcher$Future'
 - ---- fields (total size 3 words):
 - private 'done' 'Z' @12  true
 - private final 'runnable' 'Ljava/lang/Runnable;' @16  a 'com/sun/javafx/application/PlatformImpl$$Lambda$92+0x0000000800c82830'{0x0000000785ec5eb8} (f0bd8bd7)
 - final synthetic 'this$0' 'Lcom/sun/glass/ui/InvokeLaterDispatcher;' @20  a 'com/sun/glass/ui/InvokeLaterDispatcher'{0x000000078682ab58} (f0d0556b)
 x3=0x0 is NULL
 x4=0x00000000000130a8 is an unknown value
 x5=0x0 is NULL
 x6=0x0 is NULL
 x7=0x0 is NULL
 x8=0x000000010a0454ec is at begin+0 in a stub
StubRoutines::SafeFetchN [0x000000010a0454ec, 0x000000010a0454f8] (12 bytes)
 x9=0x0 is NULL
x10=0x2010000030300000 is an unknown value
x11=0x0000000000000007 is an unknown value
x12=0x0000000000000007 is an unknown value
x13=0x000060000257ed60 points into unknown readable memory: 0x88588001bf6d1738 | 38 17 6d bf 01 80 58 88
x14=0x0000000000000001 is an unknown value
x15=0x000000011f341f98: OBJC_CLASS_$_GlassRunnable+0 in /Users/heliya/.openjfx/cache/17.0.1/libglass.dylib at 0x000000011f2fc000
x16=0x00000001be740094: pthread_getspecific+0 in /usr/lib/system/libsystem_pthread.dylib at 0x00000001be73e000
x17=0x0000600002f3a100 points into unknown readable memory: 0xfffffffffffffffe | fe ff ff ff ff ff ff ff
x18=0x0 is NULL
x19=0x00006000020357a0 points into unknown readable memory: 0x00006000009315b0 | b0 15 93 00 00 60 00 00
x20=0x0000000147e053c0 points into unknown readable memory: 0x8bed02a6ad77e659 | 59 e6 77 ad a6 02 ed 8b
x21=0x0000000147e055c8 is a global jni handle
x22=0x00000001590ac600 is a thread
x23=0x0000000000000001 is an unknown value
x24=0x0000000147e05580 is a global jni handle
x25=0x00000001025055e8: _ZN12StubRoutines17_safefetchN_entryE+0 in /Users/heliya/Library/Java/JavaVirtualMachines/openjdk-17.0.2/Contents/Home/lib/server/libjvm.dylib at 0x0000000101954000
x26=0x000000011f918c88 is pointing into metadata
x27=0x0 is NULL
x28=0x00000001590ac600 is a thread


Registers:
 x0=0x0000000147e055c8  x1=0x0000000000000000  x2=0x0000000785f81718  x3=0x0000000000000000
 x4=0x00000000000130a8  x5=0x0000000000000000  x6=0x0000000000000000  x7=0x0000000000000000
 x8=0x000000010a0454ec  x9=0x0000000000000000 x10=0x2010000030300000 x11=0x0000000000000007
x12=0x0000000000000007 x13=0x000060000257ed60 x14=0x0000000000000001 x15=0x000000011f341f98
x16=0x00000001be740094 x17=0x0000600002f3a100 x18=0x0000000000000000 x19=0x00006000020357a0
x20=0x0000000147e053c0 x21=0x0000000147e055c8 x22=0x00000001590ac600 x23=0x0000000000000001
x24=0x0000000147e05580 x25=0x00000001025055e8 x26=0x000000011f918c88 x27=0x0000000000000000
x28=0x00000001590ac600  fp=0x000000017234e7c0  lr=0x00000001020f999c  sp=0x000000017234e780
pc=0x000000010a0454f0 cpsr=0x0000000060001000
Top of Stack: (sp=0x000000017234e780)
0x000000017234e780:   000000011f918c88 0000000000000001
0x000000017234e790:   000000017234e988 0000000000000000
0x000000017234e7a0:   00000001590b50a8 0000000147e055b0
0x000000017234e7b0:   0000000147e055b0 00006000020357a0
0x000000017234e7c0:   000000017234e800 00000001020fabcc
0x000000017234e7d0:   0000000000000001 0000000147e055b0
0x000000017234e7e0:   00000001590b50a8 0000000147e055b0
0x000000017234e7f0:   0000000000000001 00000001590b4e00
0x000000017234e800:   000000017234e840 0000000101e0e824
0x000000017234e810:   000000017234e988 0000600000914200
0x000000017234e820:   0000600000914260 0000000208cba9e3
0x000000017234e830:   0000000000000000 0000600000914260
0x000000017234e840:   000000017234e870 000000011f306b08
0x000000017234e850:   7029aed9bdfe0054 0000000000000000
0x000000017234e860:   0000000000000000 0000600001e25380
0x000000017234e870:   000000017234e8b0 00000001bf704c7c
0x000000017234e880:   000000017234e988 0000600000914200
0x000000017234e890:   0000600000914260 7029aed9bdfe0054
0x000000017234e8a0:   0000000000000000 0000000000000000
0x000000017234e8b0:   000000017234e8f0 b9130001bf6d1578
0x000000017234e8c0:   000000017234e988 000000010a04c7c0
0x000000017234e8d0:   0000000000000000 000000010250cfa8
0x000000017234e8e0:   000000017234e900 000000010a04b730
0x000000017234e8f0:   000000017234e960 d30a80010a04d8ac
0x000000017234e900:   000000017234e900 000000080098b325
0x000000017234e910:   000000017234e910 0000000000000000
0x000000017234e920:   000000017234e988 000000011f918c88
0x000000017234e930:   0000000786811e00 0000000000000000
0x000000017234e940:   0000000000000000 000000011f8f2160
0x000000017234e950:   0000000000000000 000000017234e960
0x000000017234e960:   000000017234e9e0 000000010a049fc8
0x000000017234e970:   0000000000000000 0000000000000000 

Instructions: (pc=0x000000010a0454f0)
0x000000010a0453f0:   f2a049a9 f2c00029 6d425935 1e640886
0x000000010a045400:   0c402d31 1e6408c7 1f5654d0 1e6c1017
0x000000010a045410:   1f5050d0 1f504cd0 1f5048d0 1e650af6
0x000000010a045420:   1f50d8f6 1f5694d6 1f5158f6 1e762880
0x000000010a045430:   36000501 1e614000 14000026 2e251ca5
0x000000010a045440:   d2843009 f2a049a9 f2c00029 6d425d36
0x000000010a045450:   1e600806 0c402d32 1f5758c7 1e6c101a
0x000000010a045460:   1f4754c7 1e650805 1f4750c7 d2866668
0x000000010a045470:   f2a7fa68 1f474cc7 1e6608c0 1f4748c7
0x000000010a045480:   1e6e1019 eb08007f 540000ac 1f479400
0x000000010a045490:   1f460340 1e603b20 1400000e d2a7fd29
0x000000010a0454a0:   eb09007f 540000ac 51480069 d3607d29
0x000000010a0454b0:   9e670121 14000002 1e6a5001 1f679417
0x000000010a0454c0:   1f668742 1e613b23 1e773857 1e773860
0x000000010a0454d0:   a8c17ff3 910003bf a8c17bfd d65f03c0
0x000000010a0454e0:   b9400001 aa0103e0 d65f03c0 f9400001
0x000000010a0454f0:   aa0103e0 d65f03c0 00000000 00000000
0x000000010a045500:   00000000 00000000 00000000 00000000
0x000000010a045510:   00000000 00000000 00000000 00000000
0x000000010a045520:   00000000 00000000 00000000 00000000
0x000000010a045530:   00000000 00000000 00000000 00000000
0x000000010a045540:   00000000 00000000 00000000 00000000
0x000000010a045550:   00000000 00000000 00000000 00000000
0x000000010a045560:   00000000 00000000 00000000 00000000
0x000000010a045570:   00000000 00000000 00000000 00000000
0x000000010a045580:   00000000 00000000 00000000 00000000
0x000000010a045590:   00000000 00000000 00000000 00000000
0x000000010a0455a0:   00000000 00000000 00000000 00000000
0x000000010a0455b0:   00000000 00000000 00000000 00000000
0x000000010a0455c0:   00000000 00000000 00000000 00000000
0x000000010a0455d0:   00000000 00000000 00000000 00000000
0x000000010a0455e0:   00000000 00000000 00000000 00000000 


Stack slot to memory mapping:
stack at sp + 0 slots: 0x000000011f918c88 is pointing into metadata
stack at sp + 1 slots: 0x0000000000000001 is an unknown value
stack at sp + 2 slots: 0x000000017234e988 is pointing into the stack for thread: 0x00000001590ac600
stack at sp + 3 slots: 0x0 is NULL
stack at sp + 4 slots: 0x00000001590b50a8 points into unknown readable memory: 0x00000001024c2738 | 38 27 4c 02 01 00 00 00
stack at sp + 5 slots: 0x0000000147e055b0 is a global jni handle
stack at sp + 6 slots: 0x0000000147e055b0 is a global jni handle
stack at sp + 7 slots: 0x00006000020357a0 points into unknown readable memory: 0x00006000009315b0 | b0 15 93 00 00 60 00 00

StubRoutines::SafeFetchN [0x000000010a0454ec, 0x000000010a0454f8] (12 bytes)
[MachCode]
  0x000000010a0454ec: 0100 40f9 | e003 01aa | c003 5fd6 
[/MachCode]

---------------  P R O C E S S  ---------------

Threads class SMR info:
_java_thread_list=0x0000600000bd7960, length=20, elements={
0x000000015800d800, 0x00000001580c0c00, 0x00000001580c3400, 0x000000015a01de00,
0x000000015a01ee00, 0x000000015a01f400, 0x000000015a022000, 0x000000015a022600,
0x000000015a022c00, 0x0000000140008200, 0x0000000158114200, 0x0000000158113a00,
0x0000000158115000, 0x00000001590ac600, 0x00000001590b4e00, 0x000000015911b000,
0x000000015a017400, 0x0000000158116000, 0x0000000159166800, 0x000000015915e400
}

Java Threads: ( => current thread )
  0x000000015800d800 JavaThread "main" [_thread_blocked, id=9731, stack(0x000000016f744000,0x000000016f947000)]
  0x00000001580c0c00 JavaThread "Reference Handler" daemon [_thread_blocked, id=17411, stack(0x0000000170598000,0x000000017079b000)]
  0x00000001580c3400 JavaThread "Finalizer" daemon [_thread_blocked, id=18691, stack(0x00000001707a4000,0x00000001709a7000)]
  0x000000015a01de00 JavaThread "Signal Dispatcher" daemon [_thread_blocked, id=42755, stack(0x0000000170ac8000,0x0000000170ccb000)]
  0x000000015a01ee00 JavaThread "Service Thread" daemon [_thread_blocked, id=23299, stack(0x0000000170cd4000,0x0000000170ed7000)]
  0x000000015a01f400 JavaThread "Monitor Deflation Thread" daemon [_thread_blocked, id=23555, stack(0x0000000170ee0000,0x00000001710e3000)]
  0x000000015a022000 JavaThread "C2 CompilerThread0" daemon [_thread_blocked, id=41987, stack(0x00000001710ec000,0x00000001712ef000)]
  0x000000015a022600 JavaThread "C1 CompilerThread0" daemon [_thread_blocked, id=24067, stack(0x00000001712f8000,0x00000001714fb000)]
  0x000000015a022c00 JavaThread "Sweeper thread" daemon [_thread_blocked, id=41219, stack(0x0000000171504000,0x0000000171707000)]
  0x0000000140008200 JavaThread "Common-Cleaner" daemon [_thread_blocked, id=40707, stack(0x0000000171710000,0x0000000171913000)]
  0x0000000158114200 JavaThread "Monitor Ctrl-Break" daemon [_thread_in_native, id=24579, stack(0x000000017191c000,0x0000000171b1f000)]
  0x0000000158113a00 JavaThread "Notification Thread" daemon [_thread_blocked, id=25091, stack(0x0000000171b28000,0x0000000171d2b000)]
  0x0000000158115000 JavaThread "QuantumRenderer-0" daemon [_thread_blocked, id=25603, stack(0x0000000171f40000,0x0000000172143000)]
=>0x00000001590ac600 JavaThread "InvokeLaterDispatcher" daemon [_thread_in_native, id=30735, stack(0x000000017214c000,0x000000017234f000)]
  0x00000001590b4e00 JavaThread "JavaFX Application Thread" [_thread_in_vm, id=259, stack(0x000000016eebc000,0x000000016f6b8000)]
  0x000000015911b000 JavaThread "PulseTimer-CVDisplayLink thread" daemon [_thread_in_native, id=78603, stack(0x00000001723e4000,0x0000000172467000)]
  0x000000015a017400 JavaThread "JavaFX-Launcher" [_thread_blocked, id=75799, stack(0x0000000172470000,0x0000000172673000)]
  0x0000000158116000 JavaThread "Prism Font Disposer" daemon [_thread_blocked, id=71307, stack(0x0000000173144000,0x0000000173347000)]
  0x0000000159166800 JavaThread "Cleaner-0" daemon [_thread_blocked, id=89379, stack(0x0000000173468000,0x000000017366b000)]
  0x000000015915e400 JavaThread "Attach Listener" daemon [_thread_blocked, id=69755, stack(0x0000000173674000,0x0000000173877000)]

Other Threads:
  0x0000000157e0ecc0 VMThread "VM Thread" [stack: 0x000000017038c000,0x000000017058f000] [id=19459]
  0x0000000157e15af0 WatcherThread [stack: 0x0000000171d34000,0x0000000171f37000] [id=40195]
  0x0000000157e078f0 GCTaskThread "GC Thread#0" [stack: 0x000000016f950000,0x000000016fb53000] [id=19971]
  0x000000015983a6b0 GCTaskThread "GC Thread#1" [stack: 0x0000000172708000,0x000000017290b000] [id=72195]
  0x0000000147e29630 GCTaskThread "GC Thread#2" [stack: 0x0000000172914000,0x0000000172b17000] [id=57091]
  0x0000000157e311d0 GCTaskThread "GC Thread#3" [stack: 0x0000000172b20000,0x0000000172d23000] [id=57603]
  0x0000000147e29ea0 GCTaskThread "GC Thread#4" [stack: 0x0000000172d2c000,0x0000000172f2f000] [id=71939]
  0x0000000157e31650 GCTaskThread "GC Thread#5" [stack: 0x0000000172f38000,0x000000017313b000] [id=58115]
  0x0000000157e07fa0 ConcurrentGCThread "G1 Main Marker" [stack: 0x000000016fb5c000,0x000000016fd5f000] [id=12803]
  0x0000000157e08820 ConcurrentGCThread "G1 Conc#0" [stack: 0x000000016fd68000,0x000000016ff6b000] [id=13827]
  0x0000000157e0a690 ConcurrentGCThread "G1 Refine#0" [stack: 0x000000016ff74000,0x0000000170177000] [id=14595]
  0x0000000157e0af30 ConcurrentGCThread "G1 Service" [stack: 0x0000000170180000,0x0000000170383000] [id=15107]

Threads with active compile tasks:

VM state: not at safepoint (normal execution)

VM Mutex/Monitor currently owned by a thread: None

Heap address: 0x0000000780000000, size: 2048 MB, Compressed Oops mode: Zero based, Oop shift amount: 3

CDS archive(s) mapped at: [0x0000000800000000-0x0000000800bd4000-0x0000000800bd4000), size 12402688, SharedBaseAddress: 0x0000000800000000, ArchiveRelocationMode: 0.
Compressed class space mapped at: 0x0000000800c00000-0x0000000840c00000, reserved size: 1073741824
Narrow klass base: 0x0000000800000000, Narrow klass shift: 0, Narrow klass range: 0x100000000

GC Precious Log:
 CPUs: 8 total, 8 available
 Memory: 8192M
 Large Page Support: Disabled
 NUMA Support: Disabled
 Compressed Oops: Enabled (Zero based)
 Heap Region Size: 1M
 Heap Min Capacity: 8M
 Heap Initial Capacity: 128M
 Heap Max Capacity: 2G
 Pre-touch: Disabled
 Parallel Workers: 8
 Concurrent Workers: 2
 Concurrent Refinement Workers: 8
 Periodic GC: Disabled

Heap:
 garbage-first heap   total 133120K, used 40631K [0x0000000780000000, 0x0000000800000000)
  region size 1024K, 34 young (34816K), 3 survivors (3072K)
 Metaspace       used 15334K, committed 15552K, reserved 1064960K
  class space    used 2289K, committed 2368K, reserved 1048576K

Heap Regions: E=young(eden), S=young(survivor), O=old, HS=humongous(starts), HC=humongous(continues), CS=collection set, F=free, OA=open archive, CA=closed archive, TAMS=top-at-mark-start (previous, next)
|   0|0x0000000780000000, 0x00000007800b5e00, 0x0000000780100000| 71%| O|  |TAMS 0x0000000780000000, 0x0000000780000000| Untracked 
|   1|0x0000000780100000, 0x0000000780200000, 0x0000000780200000|100%|HS|  |TAMS 0x0000000780100000, 0x0000000780100000| Complete 
|   2|0x0000000780200000, 0x0000000780300000, 0x0000000780300000|100%|HS|  |TAMS 0x0000000780200000, 0x0000000780200000| Complete 
|   3|0x0000000780300000, 0x0000000780400000, 0x0000000780400000|100%|HC|  |TAMS 0x0000000780300000, 0x0000000780300000| Complete 
|   4|0x0000000780400000, 0x0000000780500000, 0x0000000780500000|100%|HS|  |TAMS 0x0000000780400000, 0x0000000780400000| Complete 
|   5|0x0000000780500000, 0x0000000780600000, 0x0000000780600000|100%|HC|  |TAMS 0x0000000780500000, 0x0000000780500000| Complete 
|   6|0x0000000780600000, 0x0000000780600000, 0x0000000780700000|  0%| F|  |TAMS 0x0000000780600000, 0x0000000780600000| Untracked 
|   7|0x0000000780700000, 0x0000000780700000, 0x0000000780800000|  0%| F|  |TAMS 0x0000000780700000, 0x0000000780700000| Untracked 
|   8|0x0000000780800000, 0x0000000780800000, 0x0000000780900000|  0%| F|  |TAMS 0x0000000780800000, 0x0000000780800000| Untracked 
|   9|0x0000000780900000, 0x0000000780900000, 0x0000000780a00000|  0%| F|  |TAMS 0x0000000780900000, 0x0000000780900000| Untracked 
|  10|0x0000000780a00000, 0x0000000780a00000, 0x0000000780b00000|  0%| F|  |TAMS 0x0000000780a00000, 0x0000000780a00000| Untracked 
|  11|0x0000000780b00000, 0x0000000780b00000, 0x0000000780c00000|  0%| F|  |TAMS 0x0000000780b00000, 0x0000000780b00000| Untracked 
|  12|0x0000000780c00000, 0x0000000780c00000, 0x0000000780d00000|  0%| F|  |TAMS 0x0000000780c00000, 0x0000000780c00000| Untracked 
|  13|0x0000000780d00000, 0x0000000780d00000, 0x0000000780e00000|  0%| F|  |TAMS 0x0000000780d00000, 0x0000000780d00000| Untracked 
|  14|0x0000000780e00000, 0x0000000780e00000, 0x0000000780f00000|  0%| F|  |TAMS 0x0000000780e00000, 0x0000000780e00000| Untracked 
|  15|0x0000000780f00000, 0x0000000780f00000, 0x0000000781000000|  0%| F|  |TAMS 0x0000000780f00000, 0x0000000780f00000| Untracked 
|  16|0x0000000781000000, 0x0000000781000000, 0x0000000781100000|  0%| F|  |TAMS 0x0000000781000000, 0x0000000781000000| Untracked 
|  17|0x0000000781100000, 0x0000000781100000, 0x0000000781200000|  0%| F|  |TAMS 0x0000000781100000, 0x0000000781100000| Untracked 
|  18|0x0000000781200000, 0x0000000781200000, 0x0000000781300000|  0%| F|  |TAMS 0x0000000781200000, 0x0000000781200000| Untracked 
|  19|0x0000000781300000, 0x0000000781300000, 0x0000000781400000|  0%| F|  |TAMS 0x0000000781300000, 0x0000000781300000| Untracked 
|  20|0x0000000781400000, 0x0000000781400000, 0x0000000781500000|  0%| F|  |TAMS 0x0000000781400000, 0x0000000781400000| Untracked 
|  21|0x0000000781500000, 0x0000000781500000, 0x0000000781600000|  0%| F|  |TAMS 0x0000000781500000, 0x0000000781500000| Untracked 
|  22|0x0000000781600000, 0x0000000781600000, 0x0000000781700000|  0%| F|  |TAMS 0x0000000781600000, 0x0000000781600000| Untracked 
|  23|0x0000000781700000, 0x0000000781700000, 0x0000000781800000|  0%| F|  |TAMS 0x0000000781700000, 0x0000000781700000| Untracked 
|  24|0x0000000781800000, 0x0000000781800000, 0x0000000781900000|  0%| F|  |TAMS 0x0000000781800000, 0x0000000781800000| Untracked 
|  25|0x0000000781900000, 0x0000000781900000, 0x0000000781a00000|  0%| F|  |TAMS 0x0000000781900000, 0x0000000781900000| Untracked 
|  26|0x0000000781a00000, 0x0000000781a00000, 0x0000000781b00000|  0%| F|  |TAMS 0x0000000781a00000, 0x0000000781a00000| Untracked 
|  27|0x0000000781b00000, 0x0000000781b00000, 0x0000000781c00000|  0%| F|  |TAMS 0x0000000781b00000, 0x0000000781b00000| Untracked 
|  28|0x0000000781c00000, 0x0000000781c00000, 0x0000000781d00000|  0%| F|  |TAMS 0x0000000781c00000, 0x0000000781c00000| Untracked 
|  29|0x0000000781d00000, 0x0000000781d00000, 0x0000000781e00000|  0%| F|  |TAMS 0x0000000781d00000, 0x0000000781d00000| Untracked 
|  30|0x0000000781e00000, 0x0000000781e00000, 0x0000000781f00000|  0%| F|  |TAMS 0x0000000781e00000, 0x0000000781e00000| Untracked 
|  31|0x0000000781f00000, 0x0000000781f00000, 0x0000000782000000|  0%| F|  |TAMS 0x0000000781f00000, 0x0000000781f00000| Untracked 
|  32|0x0000000782000000, 0x0000000782000000, 0x0000000782100000|  0%| F|  |TAMS 0x0000000782000000, 0x0000000782000000| Untracked 
|  33|0x0000000782100000, 0x0000000782100000, 0x0000000782200000|  0%| F|  |TAMS 0x0000000782100000, 0x0000000782100000| Untracked 
|  34|0x0000000782200000, 0x0000000782200000, 0x0000000782300000|  0%| F|  |TAMS 0x0000000782200000, 0x0000000782200000| Untracked 
|  35|0x0000000782300000, 0x0000000782300000, 0x0000000782400000|  0%| F|  |TAMS 0x0000000782300000, 0x0000000782300000| Untracked 
|  36|0x0000000782400000, 0x0000000782400000, 0x0000000782500000|  0%| F|  |TAMS 0x0000000782400000, 0x0000000782400000| Untracked 
|  37|0x0000000782500000, 0x0000000782500000, 0x0000000782600000|  0%| F|  |TAMS 0x0000000782500000, 0x0000000782500000| Untracked 
|  38|0x0000000782600000, 0x0000000782600000, 0x0000000782700000|  0%| F|  |TAMS 0x0000000782600000, 0x0000000782600000| Untracked 
|  39|0x0000000782700000, 0x0000000782700000, 0x0000000782800000|  0%| F|  |TAMS 0x0000000782700000, 0x0000000782700000| Untracked 
|  40|0x0000000782800000, 0x0000000782800000, 0x0000000782900000|  0%| F|  |TAMS 0x0000000782800000, 0x0000000782800000| Untracked 
|  41|0x0000000782900000, 0x0000000782900000, 0x0000000782a00000|  0%| F|  |TAMS 0x0000000782900000, 0x0000000782900000| Untracked 
|  42|0x0000000782a00000, 0x0000000782a00000, 0x0000000782b00000|  0%| F|  |TAMS 0x0000000782a00000, 0x0000000782a00000| Untracked 
|  43|0x0000000782b00000, 0x0000000782b00000, 0x0000000782c00000|  0%| F|  |TAMS 0x0000000782b00000, 0x0000000782b00000| Untracked 
|  44|0x0000000782c00000, 0x0000000782c00000, 0x0000000782d00000|  0%| F|  |TAMS 0x0000000782c00000, 0x0000000782c00000| Untracked 
|  45|0x0000000782d00000, 0x0000000782d00000, 0x0000000782e00000|  0%| F|  |TAMS 0x0000000782d00000, 0x0000000782d00000| Untracked 
|  46|0x0000000782e00000, 0x0000000782e00000, 0x0000000782f00000|  0%| F|  |TAMS 0x0000000782e00000, 0x0000000782e00000| Untracked 
|  47|0x0000000782f00000, 0x0000000782f00000, 0x0000000783000000|  0%| F|  |TAMS 0x0000000782f00000, 0x0000000782f00000| Untracked 
|  48|0x0000000783000000, 0x0000000783000000, 0x0000000783100000|  0%| F|  |TAMS 0x0000000783000000, 0x0000000783000000| Untracked 
|  49|0x0000000783100000, 0x0000000783100000, 0x0000000783200000|  0%| F|  |TAMS 0x0000000783100000, 0x0000000783100000| Untracked 
|  50|0x0000000783200000, 0x0000000783200000, 0x0000000783300000|  0%| F|  |TAMS 0x0000000783200000, 0x0000000783200000| Untracked 
|  51|0x0000000783300000, 0x0000000783300000, 0x0000000783400000|  0%| F|  |TAMS 0x0000000783300000, 0x0000000783300000| Untracked 
|  52|0x0000000783400000, 0x0000000783400000, 0x0000000783500000|  0%| F|  |TAMS 0x0000000783400000, 0x0000000783400000| Untracked 
|  53|0x0000000783500000, 0x0000000783500000, 0x0000000783600000|  0%| F|  |TAMS 0x0000000783500000, 0x0000000783500000| Untracked 
|  54|0x0000000783600000, 0x0000000783600000, 0x0000000783700000|  0%| F|  |TAMS 0x0000000783600000, 0x0000000783600000| Untracked 
|  55|0x0000000783700000, 0x0000000783700000, 0x0000000783800000|  0%| F|  |TAMS 0x0000000783700000, 0x0000000783700000| Untracked 
|  56|0x0000000783800000, 0x0000000783800000, 0x0000000783900000|  0%| F|  |TAMS 0x0000000783800000, 0x0000000783800000| Untracked 
|  57|0x0000000783900000, 0x0000000783900000, 0x0000000783a00000|  0%| F|  |TAMS 0x0000000783900000, 0x0000000783900000| Untracked 
|  58|0x0000000783a00000, 0x0000000783a00000, 0x0000000783b00000|  0%| F|  |TAMS 0x0000000783a00000, 0x0000000783a00000| Untracked 
|  59|0x0000000783b00000, 0x0000000783b00000, 0x0000000783c00000|  0%| F|  |TAMS 0x0000000783b00000, 0x0000000783b00000| Untracked 
|  60|0x0000000783c00000, 0x0000000783c00000, 0x0000000783d00000|  0%| F|  |TAMS 0x0000000783c00000, 0x0000000783c00000| Untracked 
|  61|0x0000000783d00000, 0x0000000783d00000, 0x0000000783e00000|  0%| F|  |TAMS 0x0000000783d00000, 0x0000000783d00000| Untracked 
|  62|0x0000000783e00000, 0x0000000783e00000, 0x0000000783f00000|  0%| F|  |TAMS 0x0000000783e00000, 0x0000000783e00000| Untracked 
|  63|0x0000000783f00000, 0x0000000783f00000, 0x0000000784000000|  0%| F|  |TAMS 0x0000000783f00000, 0x0000000783f00000| Untracked 
|  64|0x0000000784000000, 0x0000000784000000, 0x0000000784100000|  0%| F|  |TAMS 0x0000000784000000, 0x0000000784000000| Untracked 
|  65|0x0000000784100000, 0x0000000784100000, 0x0000000784200000|  0%| F|  |TAMS 0x0000000784100000, 0x0000000784100000| Untracked 
|  66|0x0000000784200000, 0x0000000784200000, 0x0000000784300000|  0%| F|  |TAMS 0x0000000784200000, 0x0000000784200000| Untracked 
|  67|0x0000000784300000, 0x0000000784300000, 0x0000000784400000|  0%| F|  |TAMS 0x0000000784300000, 0x0000000784300000| Untracked 
|  68|0x0000000784400000, 0x0000000784400000, 0x0000000784500000|  0%| F|  |TAMS 0x0000000784400000, 0x0000000784400000| Untracked 
|  69|0x0000000784500000, 0x0000000784500000, 0x0000000784600000|  0%| F|  |TAMS 0x0000000784500000, 0x0000000784500000| Untracked 
|  70|0x0000000784600000, 0x0000000784600000, 0x0000000784700000|  0%| F|  |TAMS 0x0000000784600000, 0x0000000784600000| Untracked 
|  71|0x0000000784700000, 0x0000000784700000, 0x0000000784800000|  0%| F|  |TAMS 0x0000000784700000, 0x0000000784700000| Untracked 
|  72|0x0000000784800000, 0x0000000784800000, 0x0000000784900000|  0%| F|  |TAMS 0x0000000784800000, 0x0000000784800000| Untracked 
|  73|0x0000000784900000, 0x0000000784900000, 0x0000000784a00000|  0%| F|  |TAMS 0x0000000784900000, 0x0000000784900000| Untracked 
|  74|0x0000000784a00000, 0x0000000784a00000, 0x0000000784b00000|  0%| F|  |TAMS 0x0000000784a00000, 0x0000000784a00000| Untracked 
|  75|0x0000000784b00000, 0x0000000784b00000, 0x0000000784c00000|  0%| F|  |TAMS 0x0000000784b00000, 0x0000000784b00000| Untracked 
|  76|0x0000000784c00000, 0x0000000784c00000, 0x0000000784d00000|  0%| F|  |TAMS 0x0000000784c00000, 0x0000000784c00000| Untracked 
|  77|0x0000000784d00000, 0x0000000784d00000, 0x0000000784e00000|  0%| F|  |TAMS 0x0000000784d00000, 0x0000000784d00000| Untracked 
|  78|0x0000000784e00000, 0x0000000784e00000, 0x0000000784f00000|  0%| F|  |TAMS 0x0000000784e00000, 0x0000000784e00000| Untracked 
|  79|0x0000000784f00000, 0x0000000784f00000, 0x0000000785000000|  0%| F|  |TAMS 0x0000000784f00000, 0x0000000784f00000| Untracked 
|  80|0x0000000785000000, 0x0000000785000000, 0x0000000785100000|  0%| F|  |TAMS 0x0000000785000000, 0x0000000785000000| Untracked 
|  81|0x0000000785100000, 0x0000000785100000, 0x0000000785200000|  0%| F|  |TAMS 0x0000000785100000, 0x0000000785100000| Untracked 
|  82|0x0000000785200000, 0x0000000785200000, 0x0000000785300000|  0%| F|  |TAMS 0x0000000785200000, 0x0000000785200000| Untracked 
|  83|0x0000000785300000, 0x0000000785300000, 0x0000000785400000|  0%| F|  |TAMS 0x0000000785300000, 0x0000000785300000| Untracked 
|  84|0x0000000785400000, 0x0000000785400000, 0x0000000785500000|  0%| F|  |TAMS 0x0000000785400000, 0x0000000785400000| Untracked 
|  85|0x0000000785500000, 0x0000000785500000, 0x0000000785600000|  0%| F|  |TAMS 0x0000000785500000, 0x0000000785500000| Untracked 
|  86|0x0000000785600000, 0x0000000785600000, 0x0000000785700000|  0%| F|  |TAMS 0x0000000785600000, 0x0000000785600000| Untracked 
|  87|0x0000000785700000, 0x0000000785700000, 0x0000000785800000|  0%| F|  |TAMS 0x0000000785700000, 0x0000000785700000| Untracked 
|  88|0x0000000785800000, 0x0000000785800000, 0x0000000785900000|  0%| F|  |TAMS 0x0000000785800000, 0x0000000785800000| Untracked 
|  89|0x0000000785900000, 0x0000000785900000, 0x0000000785a00000|  0%| F|  |TAMS 0x0000000785900000, 0x0000000785900000| Untracked 
|  90|0x0000000785a00000, 0x0000000785a00000, 0x0000000785b00000|  0%| F|  |TAMS 0x0000000785a00000, 0x0000000785a00000| Untracked 
|  91|0x0000000785b00000, 0x0000000785b00000, 0x0000000785c00000|  0%| F|  |TAMS 0x0000000785b00000, 0x0000000785b00000| Untracked 
|  92|0x0000000785c00000, 0x0000000785c00000, 0x0000000785d00000|  0%| F|  |TAMS 0x0000000785c00000, 0x0000000785c00000| Untracked 
|  93|0x0000000785d00000, 0x0000000785d00000, 0x0000000785e00000|  0%| F|  |TAMS 0x0000000785d00000, 0x0000000785d00000| Untracked 
|  94|0x0000000785e00000, 0x0000000785f00000, 0x0000000785f00000|100%| E|  |TAMS 0x0000000785e00000, 0x0000000785e00000| Complete 
|  95|0x0000000785f00000, 0x0000000786000000, 0x0000000786000000|100%| E|CS|TAMS 0x0000000785f00000, 0x0000000785f00000| Complete 
|  96|0x0000000786000000, 0x0000000786100000, 0x0000000786100000|100%| E|CS|TAMS 0x0000000786000000, 0x0000000786000000| Complete 
|  97|0x0000000786100000, 0x0000000786200000, 0x0000000786200000|100%| E|CS|TAMS 0x0000000786100000, 0x0000000786100000| Complete 
|  98|0x0000000786200000, 0x0000000786300000, 0x0000000786300000|100%| E|CS|TAMS 0x0000000786200000, 0x0000000786200000| Complete 
|  99|0x0000000786300000, 0x0000000786400000, 0x0000000786400000|100%| E|CS|TAMS 0x0000000786300000, 0x0000000786300000| Complete 
| 100|0x0000000786400000, 0x0000000786500000, 0x0000000786500000|100%| E|CS|TAMS 0x0000000786400000, 0x0000000786400000| Complete 
| 101|0x0000000786500000, 0x0000000786600000, 0x0000000786600000|100%| E|CS|TAMS 0x0000000786500000, 0x0000000786500000| Complete 
| 102|0x0000000786600000, 0x0000000786700000, 0x0000000786700000|100%| S|CS|TAMS 0x0000000786600000, 0x0000000786600000| Complete 
| 103|0x0000000786700000, 0x0000000786800000, 0x0000000786800000|100%| S|CS|TAMS 0x0000000786700000, 0x0000000786700000| Complete 
| 104|0x0000000786800000, 0x0000000786900000, 0x0000000786900000|100%| S|CS|TAMS 0x0000000786800000, 0x0000000786800000| Complete 
| 105|0x0000000786900000, 0x0000000786a00000, 0x0000000786a00000|100%| E|CS|TAMS 0x0000000786900000, 0x0000000786900000| Complete 
| 106|0x0000000786a00000, 0x0000000786b00000, 0x0000000786b00000|100%| E|CS|TAMS 0x0000000786a00000, 0x0000000786a00000| Complete 
| 107|0x0000000786b00000, 0x0000000786c00000, 0x0000000786c00000|100%| E|CS|TAMS 0x0000000786b00000, 0x0000000786b00000| Complete 
| 108|0x0000000786c00000, 0x0000000786d00000, 0x0000000786d00000|100%| E|CS|TAMS 0x0000000786c00000, 0x0000000786c00000| Complete 
| 109|0x0000000786d00000, 0x0000000786e00000, 0x0000000786e00000|100%| E|CS|TAMS 0x0000000786d00000, 0x0000000786d00000| Complete 
| 110|0x0000000786e00000, 0x0000000786f00000, 0x0000000786f00000|100%| E|CS|TAMS 0x0000000786e00000, 0x0000000786e00000| Complete 
| 111|0x0000000786f00000, 0x0000000787000000, 0x0000000787000000|100%| E|CS|TAMS 0x0000000786f00000, 0x0000000786f00000| Complete 
| 112|0x0000000787000000, 0x0000000787100000, 0x0000000787100000|100%| E|CS|TAMS 0x0000000787000000, 0x0000000787000000| Complete 
| 113|0x0000000787100000, 0x0000000787200000, 0x0000000787200000|100%| E|CS|TAMS 0x0000000787100000, 0x0000000787100000| Complete 
| 114|0x0000000787200000, 0x0000000787300000, 0x0000000787300000|100%| E|CS|TAMS 0x0000000787200000, 0x0000000787200000| Complete 
| 115|0x0000000787300000, 0x0000000787400000, 0x0000000787400000|100%| E|CS|TAMS 0x0000000787300000, 0x0000000787300000| Complete 
| 116|0x0000000787400000, 0x0000000787500000, 0x0000000787500000|100%| E|CS|TAMS 0x0000000787400000, 0x0000000787400000| Complete 
| 117|0x0000000787500000, 0x0000000787600000, 0x0000000787600000|100%| E|CS|TAMS 0x0000000787500000, 0x0000000787500000| Complete 
| 118|0x0000000787600000, 0x0000000787700000, 0x0000000787700000|100%| E|CS|TAMS 0x0000000787600000, 0x0000000787600000| Complete 
| 119|0x0000000787700000, 0x0000000787800000, 0x0000000787800000|100%| E|CS|TAMS 0x0000000787700000, 0x0000000787700000| Complete 
| 120|0x0000000787800000, 0x0000000787900000, 0x0000000787900000|100%| E|CS|TAMS 0x0000000787800000, 0x0000000787800000| Complete 
| 121|0x0000000787900000, 0x0000000787a00000, 0x0000000787a00000|100%| E|CS|TAMS 0x0000000787900000, 0x0000000787900000| Complete 
| 122|0x0000000787a00000, 0x0000000787b00000, 0x0000000787b00000|100%| E|CS|TAMS 0x0000000787a00000, 0x0000000787a00000| Complete 
| 123|0x0000000787b00000, 0x0000000787c00000, 0x0000000787c00000|100%| E|CS|TAMS 0x0000000787b00000, 0x0000000787b00000| Complete 
| 124|0x0000000787c00000, 0x0000000787d00000, 0x0000000787d00000|100%| E|CS|TAMS 0x0000000787c00000, 0x0000000787c00000| Complete 
| 125|0x0000000787d00000, 0x0000000787e00000, 0x0000000787e00000|100%| E|CS|TAMS 0x0000000787d00000, 0x0000000787d00000| Complete 
| 126|0x0000000787e00000, 0x0000000787f00000, 0x0000000787f00000|100%| E|CS|TAMS 0x0000000787e00000, 0x0000000787e00000| Complete 
| 127|0x0000000787f00000, 0x0000000788000000, 0x0000000788000000|100%| E|CS|TAMS 0x0000000787f00000, 0x0000000787f00000| Complete 
|2046|0x00000007ffe00000, 0x00000007ffe78000, 0x00000007fff00000| 46%|OA|  |TAMS 0x00000007ffe00000, 0x00000007ffe00000| Untracked 
|2047|0x00000007fff00000, 0x00000007fff80000, 0x0000000800000000| 50%|CA|  |TAMS 0x00000007fff00000, 0x00000007fff00000| Untracked 

Card table byte_map: [0x0000000101060000,0x0000000101460000] _byte_map_base: 0x00000000fd460000

Marking Bits (Prev, Next): (CMBitMap*) 0x0000000158033e10, (CMBitMap*) 0x0000000158033e50
 Prev Bits: [0x0000000119044000, 0x000000011b044000)
 Next Bits: [0x000000011b044000, 0x000000011d044000)

Polling page: 0x00000001008cc000

Metaspace:

Usage:
  Non-class:     12.74 MB used.
      Class:      2.24 MB used.
       Both:     14.98 MB used.

Virtual space:
  Non-class space:       16.00 MB reserved,      12.88 MB ( 80%) committed,  2 nodes.
      Class space:        1.00 GB reserved,       2.31 MB ( <1%) committed,  1 nodes.
             Both:        1.02 GB reserved,      15.19 MB (  1%) committed. 

Chunk freelists:
   Non-Class:  2.30 MB
       Class:  1.64 MB
        Both:  3.94 MB

MaxMetaspaceSize: unlimited
CompressedClassSpaceSize: 1.00 GB
Initial GC threshold: 21.00 MB
Current GC threshold: 21.00 MB
CDS: on
MetaspaceReclaimPolicy: balanced
 - commit_granule_bytes: 65536.
 - commit_granule_words: 8192.
 - virtual_space_node_default_size: 1048576.
 - enlarge_chunks_in_place: 1.
 - new_chunks_are_fully_committed: 0.
 - uncommit_free_chunks: 1.
 - use_allocation_guard: 0.
 - handle_deallocations: 1.


Internal statistics:

num_allocs_failed_limit: 0.
num_arena_births: 188.
num_arena_deaths: 0.
num_vsnodes_births: 3.
num_vsnodes_deaths: 0.
num_space_committed: 243.
num_space_uncommitted: 0.
num_chunks_returned_to_freelist: 0.
num_chunks_taken_from_freelist: 683.
num_chunk_merges: 0.
num_chunk_splits: 468.
num_chunks_enlarged: 368.
num_purges: 0.
num_inconsistent_stats: 0.

CodeHeap 'non-profiled nmethods': size=120032Kb used=726Kb max_used=726Kb free=119305Kb
 bounds [0x0000000111b0c000, 0x0000000111d7c000, 0x0000000119044000]
CodeHeap 'profiled nmethods': size=120016Kb used=4043Kb max_used=4043Kb free=115972Kb
 bounds [0x000000010a5d8000, 0x000000010a9d8000, 0x0000000111b0c000]
CodeHeap 'non-nmethods': size=5712Kb used=1382Kb max_used=1431Kb free=4329Kb
 bounds [0x000000010a044000, 0x000000010a2b4000, 0x000000010a5d8000]
 total_blobs=2761 nmethods=1994 adapters=683
 compilation: enabled
              stopped_count=0, restarted_count=0
 full_count=0

Compilation events (20 events):
Event: 1.958 Thread 0x000000015a022600 2023   !   3       javafx.scene.Node::pickNode (130 bytes)
Event: 1.959 Thread 0x000000015a022600 nmethod 2023 0x000000010a9b2390 code [0x000000010a9b2700, 0x000000010a9b37c8]
Event: 1.959 Thread 0x000000015a022600 2024       3       javafx.scene.Node::isDisable (19 bytes)
Event: 1.959 Thread 0x000000015a022600 nmethod 2024 0x000000010a9b3f90 code [0x000000010a9b4180, 0x000000010a9b4658]
Event: 1.973 Thread 0x000000015a022600 2026   !   3       javafx.scene.Node::intersectsBounds (1005 bytes)
Event: 1.973 Thread 0x000000015a022000 2029       4       javafx.scene.Node::getParent (22 bytes)
Event: 1.975 Thread 0x000000015a022000 nmethod 2029 0x0000000111bbdd10 code [0x0000000111bbdec0, 0x0000000111bbe000]
Event: 1.977 Thread 0x000000015a022600 nmethod 2026 0x000000010a9b4810 code [0x000000010a9b50c0, 0x000000010a9b8ab8]
Event: 1.977 Thread 0x000000015a022600 2027       3       com.sun.javafx.event.EventHandlerManager::dispatchCapturingEvent (41 bytes)
Event: 1.978 Thread 0x000000015a022600 nmethod 2027 0x000000010a9b9e10 code [0x000000010a9ba040, 0x000000010a9ba828]
Event: 1.978 Thread 0x000000015a022600 2028       3       com.sun.javafx.event.EventHandlerManager::dispatchBubblingEvent (41 bytes)
Event: 1.978 Thread 0x000000015a022600 nmethod 2028 0x000000010a9baa90 code [0x000000010a9bacc0, 0x000000010a9bb528]
Event: 2.070 Thread 0x000000015a022600 2030       3       java.util.WeakHashMap::putAll (133 bytes)
Event: 2.071 Thread 0x000000015a022600 nmethod 2030 0x000000010a9bb790 code [0x000000010a9bba40, 0x000000010a9bc698]
Event: 2.071 Thread 0x000000015a022600 2031       3       javafx.scene.Parent::setLayoutFlag (32 bytes)
Event: 2.072 Thread 0x000000015a022600 nmethod 2031 0x000000010a9bc990 code [0x000000010a9bcb40, 0x000000010a9bce58]
Event: 2.087 Thread 0x000000015a022600 2032       3       com.sun.scenario.animation.AnimationPulse::getDefaultBean (4 bytes)
Event: 2.087 Thread 0x000000015a022600 nmethod 2032 0x000000010a9bcf90 code [0x000000010a9bd140, 0x000000010a9bd228]
Event: 2.103 Thread 0x000000015a022600 2033       3       javafx.scene.Node::updateBounds (174 bytes)
Event: 2.103 Thread 0x000000015a022000 2034       4       com.sun.javafx.collections.ObservableListWrapper::get (11 bytes)

GC Heap History (2 events):
Event: 0.316 GC heap before
{Heap before GC invocations=0 (full 0):
 garbage-first heap   total 133120K, used 23520K [0x0000000780000000, 0x0000000800000000)
  region size 1024K, 23 young (23552K), 0 survivors (0K)
 Metaspace       used 7608K, committed 7744K, reserved 1056768K
  class space    used 970K, committed 1024K, reserved 1048576K
}
Event: 0.318 GC heap after
{Heap after GC invocations=1 (full 0):
 garbage-first heap   total 133120K, used 4791K [0x0000000780000000, 0x0000000800000000)
  region size 1024K, 3 young (3072K), 3 survivors (3072K)
 Metaspace       used 7608K, committed 7744K, reserved 1056768K
  class space    used 970K, committed 1024K, reserved 1048576K
}

Deoptimization events (20 events):
Event: 0.649 Thread 0x0000000158115000 DEOPT PACKING pc=0x000000010a91e6b8 sp=0x00000001721407e0
Event: 0.649 Thread 0x0000000158115000 DEOPT UNPACKING pc=0x000000010a082b7c sp=0x0000000172140440 mode 0
Event: 0.650 Thread 0x0000000158115000 DEOPT PACKING pc=0x000000010a91e6b8 sp=0x00000001721407e0
Event: 0.650 Thread 0x0000000158115000 DEOPT UNPACKING pc=0x000000010a082b7c sp=0x0000000172140440 mode 0
Event: 0.650 Thread 0x0000000158115000 DEOPT PACKING pc=0x000000010a91e6b8 sp=0x00000001721407e0
Event: 0.650 Thread 0x0000000158115000 DEOPT UNPACKING pc=0x000000010a082b7c sp=0x0000000172140440 mode 0
Event: 1.166 Thread 0x000000015915e400 Uncommon trap: trap_request=0xffffff45 fr.pc=0x0000000111b74448 relative=0x0000000000000dc8
Event: 1.166 Thread 0x000000015915e400 Uncommon trap: reason=unstable_if action=reinterpret pc=0x0000000111b74448 method=java.util.concurrent.ConcurrentHashMap.putVal(Ljava/lang/Object;Ljava/lang/Object;Z)Ljava/lang/Object; @ 148 c2
Event: 1.166 Thread 0x000000015915e400 DEOPT PACKING pc=0x0000000111b74448 sp=0x00000001738758c0
Event: 1.166 Thread 0x000000015915e400 DEOPT UNPACKING pc=0x000000010a082d1c sp=0x00000001738757d0 mode 2
Event: 1.167 Thread 0x000000015915e400 Uncommon trap: trap_request=0xffffff45 fr.pc=0x0000000111b19744 relative=0x0000000000000104
Event: 1.167 Thread 0x000000015915e400 Uncommon trap: reason=unstable_if action=reinterpret pc=0x0000000111b19744 method=java.lang.StringLatin1.lastIndexOf([BI[BII)I @ 86 c2
Event: 1.167 Thread 0x000000015915e400 DEOPT PACKING pc=0x0000000111b19744 sp=0x00000001738758b0
Event: 1.167 Thread 0x000000015915e400 DEOPT UNPACKING pc=0x000000010a082d1c sp=0x0000000173875810 mode 2
Event: 1.607 Thread 0x0000000158115000 DEOPT PACKING pc=0x000000010a957c80 sp=0x0000000172140a00
Event: 1.607 Thread 0x0000000158115000 DEOPT UNPACKING pc=0x000000010a082b7c sp=0x0000000172140600 mode 0
Event: 1.608 Thread 0x0000000158115000 DEOPT PACKING pc=0x000000010a97ef54 sp=0x0000000172140b20
Event: 1.608 Thread 0x0000000158115000 DEOPT UNPACKING pc=0x000000010a082b7c sp=0x0000000172140740 mode 0
Event: 1.611 Thread 0x0000000158115000 DEOPT PACKING pc=0x000000010a957c80 sp=0x0000000172140090
Event: 1.611 Thread 0x0000000158115000 DEOPT UNPACKING pc=0x000000010a082b7c sp=0x000000017213fc90 mode 0

Classes unloaded (0 events):
No events

Classes redefined (0 events):
No events

Internal exceptions (20 events):
Event: 0.341 Thread 0x00000001590b4e00 Exception <a 'java/lang/NoSuchMethodError'{0x0000000787b98ed8}: 'java.lang.Object java.lang.invoke.DirectMethodHandle$Holder.invokeSpecial(java.lang.Object, java.lang.Object, java.lang.Object, int, java.lang.Object)'> (0x0000000787b98ed8) 
thrown [open/src/hotspot/share/interpreter/linkResolver.cpp, line 766]
Event: 0.347 Thread 0x00000001590b4e00 Exception <a 'java/io/FileNotFoundException'{0x0000000787a69148}> (0x0000000787a69148) 
thrown [open/src/hotspot/share/prims/jni.cpp, line 516]
Event: 0.432 Thread 0x00000001590b4e00 Exception <a 'java/lang/NoSuchMethodError'{0x000000078778c288}: 'void java.lang.invoke.DirectMethodHandle$Holder.invokeSpecial(java.lang.Object, java.lang.Object, java.lang.Object, java.lang.Object, java.lang.Object)'> (0x000000078778c288) 
thrown [open/src/hotspot/share/interpreter/linkResolver.cpp, line 766]
Event: 0.441 Thread 0x00000001590b4e00 Exception <a 'java/io/FileNotFoundException'{0x0000000787662dc8}> (0x0000000787662dc8) 
thrown [open/src/hotspot/share/prims/jni.cpp, line 516]
Event: 0.446 Thread 0x00000001590b4e00 Exception <a 'sun/nio/fs/UnixException'{0x00000007876ed638}> (0x00000007876ed638) 
thrown [open/src/hotspot/share/prims/jni.cpp, line 516]
Event: 0.477 Thread 0x00000001590b4e00 Implicit null exception at 0x0000000111b56ed0 to 0x0000000111b573c0
Event: 0.488 Thread 0x00000001590b4e00 Exception <a 'java/lang/NoSuchMethodError'{0x000000078700bb68}: 'java.lang.Object java.lang.invoke.DirectMethodHandle$Holder.invokeInterface(java.lang.Object, java.lang.Object, java.lang.Object)'> (0x000000078700bb68) 
thrown [open/src/hotspot/share/interpreter/linkResolver.cpp, line 766]
Event: 0.488 Thread 0x00000001590b4e00 Exception <a 'java/lang/IncompatibleClassChangeError'{0x000000078700f4f0}: Found class java.lang.Object, but interface was expected> (0x000000078700f4f0) 
thrown [open/src/hotspot/share/interpreter/linkResolver.cpp, line 833]
Event: 0.497 Thread 0x00000001590b4e00 Exception <a 'java/lang/ClassNotFoundException'{0x0000000786fae348}: com/sun/javafx/scene/control/skin/resources/controls> (0x0000000786fae348) 
thrown [open/src/hotspot/share/prims/jni.cpp, line 535]
Event: 0.498 Thread 0x00000001590b4e00 Exception <a 'java/lang/ClassNotFoundException'{0x0000000786fbc2f8}: com/sun/javafx/scene/control/skin/resources/controls_en> (0x0000000786fbc2f8) 
thrown [open/src/hotspot/share/prims/jni.cpp, line 535]
Event: 0.498 Thread 0x00000001590b4e00 Exception <a 'java/lang/ClassNotFoundException'{0x0000000786fbd2a0}: com/sun/javafx/scene/control/skin/resources/controls_en_IR> (0x0000000786fbd2a0) 
thrown [open/src/hotspot/share/prims/jni.cpp, line 535]
Event: 0.509 Thread 0x00000001590b4e00 Exception <a 'java/lang/NoSuchMethodError'{0x0000000786d45f48}: 'void java.lang.invoke.DirectMethodHandle$Holder.invokeSpecial(java.lang.Object, java.lang.Object, java.lang.Object, java.lang.Object, java.lang.Object, java.lang.Object)'> (0x0000000786d45f48) 
thrown [open/src/hotspot/share/interpreter/linkResolver.cpp, line 766]
Event: 0.547 Thread 0x00000001590b4e00 Exception <a 'java/lang/NoSuchMethodError'{0x000000078699dac8}: 'java.lang.Object java.lang.invoke.DirectMethodHandle$Holder.newInvokeSpecial(java.lang.Object, java.lang.Object, int)'> (0x000000078699dac8) 
thrown [open/src/hotspot/share/interpreter/linkResolver.cpp, line 766]
Event: 0.604 Thread 0x0000000158115000 Exception <a 'java/lang/NoSuchMethodError'{0x0000000786452658}: 'int java.lang.invoke.DirectMethodHandle$Holder.invokeStaticInit(java.lang.Object, java.lang.Object)'> (0x0000000786452658) 
thrown [open/src/hotspot/share/interpreter/linkResolver.cpp, line 766]
Event: 0.628 Thread 0x00000001590b4e00 Exception <a 'java/lang/NoSuchMethodError'{0x00000007865df4c0}: 'long java.lang.invoke.DirectMethodHandle$Holder.invokeStatic(java.lang.Object, java.lang.Object, java.lang.Object)'> (0x00000007865df4c0) 
thrown [open/src/hotspot/share/interpreter/linkResolver.cpp, line 766]
Event: 0.628 Thread 0x00000001590b4e00 Exception <a 'java/lang/NoSuchMethodError'{0x00000007865e2c68}: 'long java.lang.invoke.DirectMethodHandle$Holder.invokeStaticInit(java.lang.Object, java.lang.Object, java.lang.Object)'> (0x00000007865e2c68) 
thrown [open/src/hotspot/share/interpreter/linkResolver.cpp, line 766]
Event: 0.629 Thread 0x00000001590b4e00 Exception <a 'java/lang/NoSuchMethodError'{0x00000007862883e8}: 'java.lang.Object java.lang.invoke.DirectMethodHandle$Holder.newInvokeSpecial(java.lang.Object, java.lang.Object, long)'> (0x00000007862883e8) 
thrown [open/src/hotspot/share/interpreter/linkResolver.cpp, line 766]
Event: 0.629 Thread 0x00000001590b4e00 Exception <a 'java/lang/NoSuchMethodError'{0x000000078628bcb0}: 'java.lang.Object java.lang.invoke.Invokers$Holder.linkToTargetMethod(java.lang.Object, long, java.lang.Object)'> (0x000000078628bcb0) 
thrown [open/src/hotspot/share/interpreter/linkResolver.cpp, line 766]
Event: 0.660 Thread 0x0000000158115000 Exception <a 'java/lang/NoSuchMethodError'{0x0000000786091f78}: 'java.lang.Object java.lang.invoke.DirectMethodHandle$Holder.invokeStaticInit(java.lang.Object, int)'> (0x0000000786091f78) 
thrown [open/src/hotspot/share/interpreter/linkResolver.cpp, line 766]
Event: 0.698 Thread 0x00000001590b4e00 Exception <a 'java/lang/NoSuchMethodError'{0x0000000785f5a3d8}: 'long java.lang.invoke.DirectMethodHandle$Holder.invokeStatic(java.lang.Object, java.lang.Object)'> (0x0000000785f5a3d8) 
thrown [open/src/hotspot/share/interpreter/linkResolver.cpp, line 766]

VM Operations (20 events):
Event: 0.060 Executing VM operation: HandshakeAllThreads
Event: 0.060 Executing VM operation: HandshakeAllThreads done
Event: 0.101 Executing VM operation: ICBufferFull
Event: 0.101 Executing VM operation: ICBufferFull done
Event: 0.309 Executing VM operation: HandshakeAllThreads
Event: 0.309 Executing VM operation: HandshakeAllThreads done
Event: 0.316 Executing VM operation: G1CollectForAllocation
Event: 0.318 Executing VM operation: G1CollectForAllocation done
Event: 0.422 Executing VM operation: HandshakeAllThreads
Event: 0.422 Executing VM operation: HandshakeAllThreads done
Event: 0.423 Executing VM operation: ICBufferFull
Event: 0.423 Executing VM operation: ICBufferFull done
Event: 0.520 Executing VM operation: ICBufferFull
Event: 0.521 Executing VM operation: ICBufferFull done
Event: 0.549 Executing VM operation: ICBufferFull
Event: 0.549 Executing VM operation: ICBufferFull done
Event: 0.698 Executing VM operation: HandshakeAllThreads
Event: 0.698 Executing VM operation: HandshakeAllThreads done
Event: 2.060 Executing VM operation: Cleanup
Event: 2.061 Executing VM operation: Cleanup done

Events (20 events):
Event: 1.166 loading class sun/util/resources/cldr/TimeZoneNames
Event: 1.167 loading class sun/util/resources/TimeZoneNamesBundle
Event: 1.167 loading class sun/util/resources/OpenListResourceBundle
Event: 1.167 loading class sun/util/resources/OpenListResourceBundle done
Event: 1.167 loading class sun/util/resources/TimeZoneNamesBundle done
Event: 1.167 loading class sun/util/resources/cldr/TimeZoneNames done
Event: 1.167 loading class sun/util/resources/cldr/TimeZoneNames_en
Event: 1.167 loading class sun/util/resources/cldr/TimeZoneNames_en done
Event: 1.167 loading class sun/util/resources/cldr/TimeZoneNames_en_US
Event: 1.167 loading class sun/util/resources/cldr/TimeZoneNames_en_US done
Event: 1.168 loading class sun/util/resources/TimeZoneNames
Event: 1.168 loading class sun/util/resources/TimeZoneNames done
Event: 1.168 loading class sun/util/resources/TimeZoneNames_en
Event: 1.168 loading class sun/util/resources/TimeZoneNames_en done
Event: 1.884 loading class java/util/EnumMap$Values
Event: 1.884 loading class java/util/EnumMap$Values done
Event: 1.884 loading class java/util/EnumMap$ValueIterator
Event: 1.884 loading class java/util/EnumMap$EnumMapIterator
Event: 1.884 loading class java/util/EnumMap$EnumMapIterator done
Event: 1.884 loading class java/util/EnumMap$ValueIterator done


Dynamic libraries:
0x000000010087c000 	/Users/heliya/Library/Java/JavaVirtualMachines/openjdk-17.0.2/Contents/Home/lib/libjli.dylib
0x00000001c90f5000 	/usr/lib/libz.1.dylib
0x00000001c91a5000 	/usr/lib/libSystem.B.dylib
0x00000001c919f000 	/usr/lib/system/libcache.dylib
0x00000001c915d000 	/usr/lib/system/libcommonCrypto.dylib
0x00000001c9186000 	/usr/lib/system/libcompiler_rt.dylib
0x00000001c917d000 	/usr/lib/system/libcopyfile.dylib
0x00000001be4de000 	/usr/lib/system/libcorecrypto.dylib
0x00000001be583000 	/usr/lib/system/libdispatch.dylib
0x00000001be74b000 	/usr/lib/system/libdyld.dylib
0x00000001c9195000 	/usr/lib/system/libkeymgr.dylib
0x00000001c913f000 	/usr/lib/system/libmacho.dylib
0x00000001c883f000 	/usr/lib/system/libquarantine.dylib
0x00000001c9192000 	/usr/lib/system/libremovefile.dylib
0x00000001c38dd000 	/usr/lib/system/libsystem_asl.dylib
0x00000001be488000 	/usr/lib/system/libsystem_blocks.dylib
0x00000001be609000 	/usr/lib/system/libsystem_c.dylib
0x00000001c918a000 	/usr/lib/system/libsystem_collections.dylib
0x00000001c7cfe000 	/usr/lib/system/libsystem_configuration.dylib
0x00000001c6f82000 	/usr/lib/system/libsystem_containermanager.dylib
0x00000001c8ea6000 	/usr/lib/system/libsystem_coreservices.dylib
0x00000001c0e6f000 	/usr/lib/system/libsystem_darwin.dylib
0x00000001c9196000 	/usr/lib/system/libsystem_dnssd.dylib
0x00000001be606000 	/usr/lib/system/libsystem_featureflags.dylib
0x00000001be760000 	/usr/lib/system/libsystem_info.dylib
0x00000001c9107000 	/usr/lib/system/libsystem_m.dylib
0x00000001be558000 	/usr/lib/system/libsystem_malloc.dylib
0x00000001c386e000 	/usr/lib/system/libsystem_networkextension.dylib
0x00000001c12c3000 	/usr/lib/system/libsystem_notify.dylib
0x00000001cf3a9000 	/usr/lib/system/libsystem_product_info_filter.dylib
0x00000001c7d03000 	/usr/lib/system/libsystem_sandbox.dylib
0x00000001c918f000 	/usr/lib/system/libsystem_secinit.dylib
0x00000001be708000 	/usr/lib/system/libsystem_kernel.dylib
0x00000001be758000 	/usr/lib/system/libsystem_platform.dylib
0x00000001be73e000 	/usr/lib/system/libsystem_pthread.dylib
0x00000001c501a000 	/usr/lib/system/libsystem_symptoms.dylib
0x00000001be4c4000 	/usr/lib/system/libsystem_trace.dylib
0x00000001c916a000 	/usr/lib/system/libunwind.dylib
0x00000001be48a000 	/usr/lib/system/libxpc.dylib
0x00000001be6ee000 	/usr/lib/libc++abi.dylib
0x00000001be5ca000 	/usr/lib/libobjc.A.dylib
0x00000001c9175000 	/usr/lib/liboah.dylib
0x00000001be68a000 	/usr/lib/libc++.1.dylib
0x00000001d4daa000 	/System/Library/Frameworks/Cocoa.framework/Versions/A/Cocoa
0x00000001c1323000 	/System/Library/Frameworks/AppKit.framework/Versions/C/AppKit
0x00000001c4859000 	/System/Library/Frameworks/CoreData.framework/Versions/A/CoreData
0x00000001bf680000 	/System/Library/Frameworks/Foundation.framework/Versions/C/Foundation
0x00000001c21da000 	/System/Library/PrivateFrameworks/UIFoundation.framework/Versions/A/UIFoundation
0x00000001cf0a3000 	/System/Library/PrivateFrameworks/RemoteViewServices.framework/Versions/A/RemoteViewServices
0x00000001c76bc000 	/System/Library/PrivateFrameworks/XCTTargetBootstrap.framework/Versions/A/XCTTargetBootstrap
0x00000001caea6000 	/System/Library/PrivateFrameworks/InternationalSupport.framework/Versions/A/InternationalSupport
0x00000001caf2f000 	/System/Library/PrivateFrameworks/UserActivity.framework/Versions/A/UserActivity
0x00000001ca3d4000 	/usr/lib/libspindump.dylib
0x00000001c244a000 	/System/Library/Frameworks/UniformTypeIdentifiers.framework/Versions/A/UniformTypeIdentifiers
0x00000001c5c49000 	/usr/lib/libapp_launch_measurement.dylib
0x00000001c51c1000 	/System/Library/PrivateFrameworks/CoreAnalytics.framework/Versions/A/CoreAnalytics
0x00000001c5c4c000 	/System/Library/PrivateFrameworks/CoreAutoLayout.framework/Versions/A/CoreAutoLayout
0x00000001c6fbf000 	/System/Library/Frameworks/Metal.framework/Versions/A/Metal
0x00000001c7d0e000 	/usr/lib/liblangid.dylib
0x00000001c76c0000 	/System/Library/PrivateFrameworks/CoreSVG.framework/Versions/A/CoreSVG
0x00000001c3911000 	/System/Library/PrivateFrameworks/SkyLight.framework/Versions/A/SkyLight
0x00000001c3cde000 	/System/Library/Frameworks/CoreGraphics.framework/Versions/A/CoreGraphics
0x00000001cf721000 	/System/Library/Frameworks/Accelerate.framework/Versions/A/Accelerate
0x00000001c9e48000 	/System/Library/PrivateFrameworks/IconServices.framework/Versions/A/IconServices
0x00000001c6fa1000 	/System/Library/Frameworks/IOSurface.framework/Versions/A/IOSurface
0x00000001c51f1000 	/usr/lib/libDiagnosticMessagesClient.dylib
0x00000001d2b6a000 	/System/Library/Frameworks/ApplicationServices.framework/Versions/A/ApplicationServices
0x00000001c76a4000 	/System/Library/PrivateFrameworks/DFRFoundation.framework/Versions/A/DFRFoundation
0x00000001c0bc4000 	/usr/lib/libicucore.A.dylib
0x00000001cbca7000 	/System/Library/Frameworks/AudioToolbox.framework/Versions/A/AudioToolbox
0x00000001caeb2000 	/System/Library/PrivateFrameworks/DataDetectorsCore.framework/Versions/A/DataDetectorsCore
0x00000001e1000000 	/System/Library/PrivateFrameworks/TextInput.framework/Versions/A/TextInput
0x00000001c3888000 	/usr/lib/libMobileGestalt.dylib
0x00000001c7374000 	/System/Library/Frameworks/Carbon.framework/Versions/A/Frameworks/HIToolbox.framework/Versions/A/HIToolbox
0x00000001c5652000 	/System/Library/Frameworks/QuartzCore.framework/Versions/A/QuartzCore
0x00000001c0841000 	/System/Library/Frameworks/Security.framework/Versions/A/Security
0x00000001cf0e3000 	/System/Library/Frameworks/Carbon.framework/Versions/A/Frameworks/SpeechRecognition.framework/Versions/A/SpeechRecognition
0x00000001c59a0000 	/System/Library/PrivateFrameworks/CoreUI.framework/Versions/A/CoreUI
0x00000001c0112000 	/System/Library/Frameworks/CoreAudio.framework/Versions/A/CoreAudio
0x00000001c52e5000 	/System/Library/Frameworks/DiskArbitration.framework/Versions/A/DiskArbitration
0x00000001ca7b9000 	/System/Library/PrivateFrameworks/MultitouchSupport.framework/Versions/A/MultitouchSupport
0x00000001c3886000 	/usr/lib/libenergytrace.dylib
0x00000001c11ed000 	/System/Library/Frameworks/IOKit.framework/Versions/A/IOKit
0x00000001cf4cc000 	/System/Library/Frameworks/CoreServices.framework/Versions/A/CoreServices
0x00000001c5bd9000 	/System/Library/PrivateFrameworks/PerformanceAnalysis.framework/Versions/A/PerformanceAnalysis
0x000000021fbad000 	/System/Library/Frameworks/OpenGL.framework/Versions/A/OpenGL
0x00000001c875f000 	/System/Library/PrivateFrameworks/MobileKeyBag.framework/Versions/A/MobileKeyBag
0x00000001c42ee000 	/System/Library/Frameworks/ColorSync.framework/Versions/A/ColorSync
0x00000001be78c000 	/System/Library/Frameworks/CoreFoundation.framework/Versions/A/CoreFoundation
0x00000001c7941000 	/System/Library/Frameworks/CoreImage.framework/Versions/A/CoreImage
0x00000001bff35000 	/System/Library/Frameworks/CoreText.framework/Versions/A/CoreText
0x00000001c76f0000 	/System/Library/Frameworks/ImageIO.framework/Versions/A/ImageIO
0x00000001c91ab000 	/System/Library/PrivateFrameworks/SoftLinking.framework/Versions/A/SoftLinking
0x00000001c5c96000 	/usr/lib/libxml2.2.dylib
0x00000001c9444000 	/usr/lib/libcompression.dylib
0x00000001cadff000 	/System/Library/PrivateFrameworks/TextureIO.framework/Versions/A/TextureIO
0x00000001c9b62000 	/usr/lib/libate.dylib
0x00000001c9a2a000 	/usr/lib/liblzma.5.dylib
0x00000001bf374000 	/System/Library/Frameworks/SystemConfiguration.framework/Versions/A/SystemConfiguration
0x00000001c91a7000 	/usr/lib/libfakelink.dylib
0x00000001c33b5000 	/System/Library/Frameworks/CFNetwork.framework/Versions/A/CFNetwork
0x00000001c92ee000 	/usr/lib/libarchive.2.dylib
0x00000001c7d0a000 	/System/Library/PrivateFrameworks/AppleSystemInfo.framework/Versions/A/AppleSystemInfo
0x00000001c886a000 	/usr/lib/libbsm.0.dylib
0x00000001c28ed000 	/usr/lib/libnetwork.dylib
0x00000001c9145000 	/usr/lib/system/libkxld.dylib
0x00000001c8481000 	/System/Library/PrivateFrameworks/IOMobileFramebuffer.framework/Versions/A/IOMobileFramebuffer
0x000000023b9de000 	/usr/lib/libCoreEntitlements.dylib
0x00000001c8e88000 	/System/Library/PrivateFrameworks/AppleFSCompression.framework/Versions/A/AppleFSCompression
0x00000001c8852000 	/usr/lib/libcoretls.dylib
0x00000001c9a43000 	/usr/lib/libcoretls_cfhelpers.dylib
0x00000001c943f000 	/usr/lib/libpam.2.dylib
0x00000001c4c42000 	/usr/lib/libsqlite3.dylib
0x00000001c9aab000 	/usr/lib/libxar.1.dylib
0x00000001c8e99000 	/usr/lib/libbz2.1.0.dylib
0x00000001c91ac000 	/usr/lib/libpcap.A.dylib
0x00000001c5011000 	/usr/lib/libdns_services.dylib
0x00000001c9412000 	/usr/lib/libapple_nghttp2.dylib
0x00000001c91e9000 	/usr/lib/libiconv.2.dylib
0x00000001c913e000 	/usr/lib/libcharset.1.dylib
0x00000001c5c15000 	/System/Library/Frameworks/CoreServices.framework/Versions/A/Frameworks/FSEvents.framework/Versions/A/FSEvents
0x00000001c0e7a000 	/System/Library/Frameworks/CoreServices.framework/Versions/A/Frameworks/CarbonCore.framework/Versions/A/CarbonCore
0x00000001c5248000 	/System/Library/Frameworks/CoreServices.framework/Versions/A/Frameworks/Metadata.framework/Versions/A/Metadata
0x00000001c8eac000 	/System/Library/Frameworks/CoreServices.framework/Versions/A/Frameworks/OSServices.framework/Versions/A/OSServices
0x00000001c9374000 	/System/Library/Frameworks/CoreServices.framework/Versions/A/Frameworks/SearchKit.framework/Versions/A/SearchKit
0x00000001c4f9f000 	/System/Library/Frameworks/CoreServices.framework/Versions/A/Frameworks/AE.framework/Versions/A/AE
0x00000001becd0000 	/System/Library/Frameworks/CoreServices.framework/Versions/A/Frameworks/LaunchServices.framework/Versions/A/LaunchServices
0x00000001c99d3000 	/System/Library/Frameworks/CoreServices.framework/Versions/A/Frameworks/DictionaryServices.framework/Versions/A/DictionaryServices
0x00000001c5c22000 	/System/Library/Frameworks/CoreServices.framework/Versions/A/Frameworks/SharedFileList.framework/Versions/A/SharedFileList
0x00000001c8842000 	/usr/lib/libCheckFix.dylib
0x00000001c38f5000 	/System/Library/PrivateFrameworks/TCC.framework/Versions/A/TCC
0x00000001c7d10000 	/System/Library/PrivateFrameworks/CoreNLP.framework/Versions/A/CoreNLP
0x00000001c51f4000 	/System/Library/PrivateFrameworks/MetadataUtilities.framework/Versions/A/MetadataUtilities
0x00000001bf42d000 	/usr/lib/libmecabra.dylib
0x00000001c887b000 	/usr/lib/libmecab.dylib
0x00000001bf3f9000 	/usr/lib/libCRFSuite.dylib
0x00000001c88d9000 	/usr/lib/libgermantok.dylib
0x00000001c93eb000 	/usr/lib/libThaiTokenizer.dylib
0x00000001c52ed000 	/System/Library/Frameworks/Accelerate.framework/Versions/A/Frameworks/vImage.framework/Versions/A/vImage
0x00000001cf4a3000 	/System/Library/Frameworks/Accelerate.framework/Versions/A/Frameworks/vecLib.framework/Versions/A/vecLib
0x00000001c9aef000 	/System/Library/Frameworks/Accelerate.framework/Versions/A/Frameworks/vecLib.framework/Versions/A/libvMisc.dylib
0x00000001c838b000 	/System/Library/Frameworks/Accelerate.framework/Versions/A/Frameworks/vecLib.framework/Versions/A/libvDSP.dylib
0x00000001bf053000 	/System/Library/Frameworks/Accelerate.framework/Versions/A/Frameworks/vecLib.framework/Versions/A/libBLAS.dylib
0x00000001c9513000 	/System/Library/Frameworks/Accelerate.framework/Versions/A/Frameworks/vecLib.framework/Versions/A/libLAPACK.dylib
0x00000001c88dc000 	/System/Library/Frameworks/Accelerate.framework/Versions/A/Frameworks/vecLib.framework/Versions/A/libLinearAlgebra.dylib
0x00000001c942a000 	/System/Library/Frameworks/Accelerate.framework/Versions/A/Frameworks/vecLib.framework/Versions/A/libSparseBLAS.dylib
0x00000001c950e000 	/System/Library/Frameworks/Accelerate.framework/Versions/A/Frameworks/vecLib.framework/Versions/A/libQuadrature.dylib
0x00000001c7e07000 	/System/Library/Frameworks/Accelerate.framework/Versions/A/Frameworks/vecLib.framework/Versions/A/libBNNS.dylib
0x00000001bf311000 	/System/Library/Frameworks/Accelerate.framework/Versions/A/Frameworks/vecLib.framework/Versions/A/libSparse.dylib
0x00000001c7dff000 	/System/Library/PrivateFrameworks/LinguisticData.framework/Versions/A/LinguisticData
0x00000001bf2c7000 	/System/Library/PrivateFrameworks/Lexicon.framework/Versions/A/Lexicon
0x00000001c9ae7000 	/usr/lib/libChineseTokenizer.dylib
0x00000001bfa6e000 	/System/Library/PrivateFrameworks/LanguageModeling.framework/Versions/A/LanguageModeling
0x00000001c93ed000 	/System/Library/PrivateFrameworks/AppleSauce.framework/Versions/A/AppleSauce
0x00000001c846e000 	/System/Library/PrivateFrameworks/CoreEmoji.framework/Versions/A/CoreEmoji
0x00000001c92dc000 	/usr/lib/libcmph.dylib
0x00000001c5bf5000 	/System/Library/Frameworks/OpenDirectory.framework/Versions/A/Frameworks/CFOpenDirectory.framework/Versions/A/CFOpenDirectory
0x00000001c5be5000 	/System/Library/Frameworks/OpenDirectory.framework/Versions/A/OpenDirectory
0x00000001c9a45000 	/System/Library/PrivateFrameworks/APFS.framework/Versions/A/APFS
0x00000001c879a000 	/System/Library/Frameworks/SecurityFoundation.framework/Versions/A/SecurityFoundation
0x00000001c9ab9000 	/usr/lib/libutil.dylib
0x00000001c11af000 	/System/Library/PrivateFrameworks/CoreServicesStore.framework/Versions/A/CoreServicesStore
0x00000001c9abd000 	/usr/lib/libxslt.1.dylib
0x00000001c882e000 	/System/Library/PrivateFrameworks/BackgroundTaskManagement.framework/Versions/A/BackgroundTaskManagement
0x00000001cad20000 	/System/Library/Frameworks/ImageIO.framework/Versions/A/Resources/libRadiance.dylib
0x00000001cad29000 	/System/Library/Frameworks/ImageIO.framework/Versions/A/Resources/libJPEG.dylib
0x00000001cac7b000 	/System/Library/Frameworks/ImageIO.framework/Versions/A/Resources/libPng.dylib
0x00000001cac9d000 	/System/Library/Frameworks/ImageIO.framework/Versions/A/Resources/libTIFF.dylib
0x00000001cad84000 	/System/Library/Frameworks/ImageIO.framework/Versions/A/Resources/libGIF.dylib
0x00000001ca6c9000 	/System/Library/Frameworks/ImageIO.framework/Versions/A/Resources/libJP2.dylib
0x00000001c9e0e000 	/usr/lib/libexpat.1.dylib
0x00000001ca684000 	/System/Library/PrivateFrameworks/AppleJPEG.framework/Versions/A/AppleJPEG
0x00000001c7233000 	/System/Library/PrivateFrameworks/FontServices.framework/libFontParser.dylib
0x00000001c4f44000 	/System/Library/PrivateFrameworks/RunningBoardServices.framework/Versions/A/RunningBoardServices
0x00000001d5420000 	/System/Library/PrivateFrameworks/IOSurfaceAccelerator.framework/Versions/A/IOSurfaceAccelerator
0x00000001ca7b5000 	/System/Library/PrivateFrameworks/WatchdogClient.framework/Versions/A/WatchdogClient
0x00000001bfb72000 	/System/Library/Frameworks/CoreDisplay.framework/Versions/A/CoreDisplay
0x00000001c7121000 	/System/Library/Frameworks/CoreMedia.framework/Versions/A/CoreMedia
0x00000001c6fb5000 	/System/Library/PrivateFrameworks/IOAccelerator.framework/Versions/A/IOAccelerator
0x00000001c5d83000 	/System/Library/Frameworks/CoreVideo.framework/Versions/A/CoreVideo
0x00000001c943d000 	/System/Library/Frameworks/MetalPerformanceShaders.framework/Versions/A/MetalPerformanceShaders
0x00000001ca7f2000 	/System/Library/Frameworks/VideoToolbox.framework/Versions/A/VideoToolbox
0x00000001c4e88000 	/System/Library/PrivateFrameworks/BaseBoard.framework/Versions/A/BaseBoard
0x00000001c4c27000 	/System/Library/PrivateFrameworks/ProtocolBuffer.framework/Versions/A/ProtocolBuffer
0x00000001cad1b000 	/System/Library/PrivateFrameworks/GPUWrangler.framework/Versions/A/GPUWrangler
0x00000001cacfa000 	/System/Library/PrivateFrameworks/IOPresentment.framework/Versions/A/IOPresentment
0x00000001cad23000 	/System/Library/PrivateFrameworks/DSExternalDisplay.framework/Versions/A/DSExternalDisplay
0x000000021fba0000 	/System/Library/Frameworks/OpenGL.framework/Versions/A/Libraries/libCoreFSCache.dylib
0x000000022938b000 	/System/Library/PrivateFrameworks/GPUCompiler.framework/Versions/31001/Libraries/libGPUCompilerUtils.dylib
0x00000001cad89000 	/System/Library/PrivateFrameworks/CMCaptureCore.framework/Versions/A/CMCaptureCore
0x00000001ca3c2000 	/System/Library/PrivateFrameworks/AppServerSupport.framework/Versions/A/AppServerSupport
0x00000001cc562000 	/System/Library/PrivateFrameworks/perfdata.framework/Versions/A/perfdata
0x00000001bfc92000 	/System/Library/PrivateFrameworks/AudioToolboxCore.framework/Versions/A/AudioToolboxCore
0x00000001c70f9000 	/System/Library/PrivateFrameworks/caulk.framework/Versions/A/caulk
0x00000001cbe57000 	/usr/lib/libAudioStatistics.dylib
0x00000001dd774000 	/System/Library/PrivateFrameworks/SystemPolicy.framework/Versions/A/SystemPolicy
0x00000001cc0b7000 	/usr/lib/libSMC.dylib
0x00000001d4c8c000 	/System/Library/Frameworks/CoreMIDI.framework/Versions/A/CoreMIDI
0x00000001cac49000 	/usr/lib/libAudioToolboxUtility.dylib
0x00000001d9ba1000 	/System/Library/PrivateFrameworks/OSAServicesClient.framework/Versions/A/OSAServicesClient
0x00000001cc56f000 	/usr/lib/libperfcheck.dylib
0x00000001de27b000 	/usr/lib/libmis.dylib
0x000000021fc01000 	/System/Library/Frameworks/OpenGL.framework/Versions/A/Libraries/libGLU.dylib
0x000000021fbc0000 	/System/Library/Frameworks/OpenGL.framework/Versions/A/Libraries/libGFXShared.dylib
0x000000021fdaa000 	/System/Library/Frameworks/OpenGL.framework/Versions/A/Libraries/libGL.dylib
0x000000021fbc9000 	/System/Library/Frameworks/OpenGL.framework/Versions/A/Libraries/libGLImage.dylib
0x000000021fbbd000 	/System/Library/Frameworks/OpenGL.framework/Versions/A/Libraries/libCVMSPluginSupport.dylib
0x000000021fba7000 	/System/Library/Frameworks/OpenGL.framework/Versions/A/Libraries/libCoreVMClient.dylib
0x00000001c7c8b000 	/System/Library/Frameworks/MetalPerformanceShaders.framework/Versions/A/Frameworks/MPSCore.framework/Versions/A/MPSCore
0x00000001c8dfb000 	/System/Library/Frameworks/MetalPerformanceShaders.framework/Versions/A/Frameworks/MPSImage.framework/Versions/A/MPSImage
0x00000001c88f1000 	/System/Library/Frameworks/MetalPerformanceShaders.framework/Versions/A/Frameworks/MPSNeuralNetwork.framework/Versions/A/MPSNeuralNetwork
0x00000001c8d2e000 	/System/Library/Frameworks/MetalPerformanceShaders.framework/Versions/A/Frameworks/MPSMatrix.framework/Versions/A/MPSMatrix
0x00000001c8b09000 	/System/Library/Frameworks/MetalPerformanceShaders.framework/Versions/A/Frameworks/MPSRayIntersector.framework/Versions/A/MPSRayIntersector
0x00000001c8d5f000 	/System/Library/Frameworks/MetalPerformanceShaders.framework/Versions/A/Frameworks/MPSNDArray.framework/Versions/A/MPSNDArray
0x00000002218d8000 	/System/Library/Frameworks/MetalPerformanceShaders.framework/Versions/A/Frameworks/MPSFunctions.framework/Versions/A/MPSFunctions
0x00000001bef31000 	/System/Library/PrivateFrameworks/MetalTools.framework/Versions/A/MetalTools
0x00000001c7d08000 	/System/Library/PrivateFrameworks/AggregateDictionary.framework/Versions/A/AggregateDictionary
0x00000001c9bf4000 	/usr/lib/libIOReport.dylib
0x00000001d3c73000 	/System/Library/PrivateFrameworks/ASEProcessing.framework/Versions/A/ASEProcessing
0x00000001c9f67000 	/System/Library/PrivateFrameworks/FaceCore.framework/Versions/A/FaceCore
0x00000001c9f59000 	/System/Library/PrivateFrameworks/GraphVisualizer.framework/Versions/A/GraphVisualizer
0x00000002292a2000 	/System/Library/PrivateFrameworks/FontServices.framework/Versions/A/FontServices
0x00000001ca37c000 	/System/Library/PrivateFrameworks/OTSVG.framework/Versions/A/OTSVG
0x00000001c5951000 	/System/Library/Frameworks/ApplicationServices.framework/Versions/A/Frameworks/ATS.framework/Versions/A/Resources/libFontRegistry.dylib
0x00000001ca3cb000 	/System/Library/PrivateFrameworks/FontServices.framework/libhvf.dylib
0x00000002292a3000 	/System/Library/PrivateFrameworks/FontServices.framework/libXTFontStaticRegistryData.dylib
0x000000021ff4c000 	/System/Library/Frameworks/OpenCL.framework/Versions/A/OpenCL
0x00000001c9dc2000 	/System/Library/PrivateFrameworks/AppleVA.framework/Versions/A/AppleVA
0x00000001cbe7f000 	/System/Library/Frameworks/ApplicationServices.framework/Versions/A/Frameworks/ATS.framework/Versions/A/ATS
0x00000001c43eb000 	/System/Library/Frameworks/ApplicationServices.framework/Versions/A/Frameworks/HIServices.framework/Versions/A/HIServices
0x00000001cad93000 	/System/Library/Frameworks/ApplicationServices.framework/Versions/A/Frameworks/PrintCore.framework/Versions/A/PrintCore
0x00000001cc20a000 	/System/Library/Frameworks/ApplicationServices.framework/Versions/A/Frameworks/QD.framework/Versions/A/QD
0x00000001cc202000 	/System/Library/Frameworks/ApplicationServices.framework/Versions/A/Frameworks/ColorSyncLegacy.framework/Versions/A/ColorSyncLegacy
0x00000001cbe6b000 	/System/Library/Frameworks/ApplicationServices.framework/Versions/A/Frameworks/SpeechSynthesis.framework/Versions/A/SpeechSynthesis
0x00000001cad54000 	/System/Library/Frameworks/ApplicationServices.framework/Versions/A/Frameworks/ATSUI.framework/Versions/A/ATSUI
0x00000001cc197000 	/usr/lib/libcups.2.dylib
0x00000001cc57d000 	/System/Library/Frameworks/Kerberos.framework/Versions/A/Kerberos
0x00000001cc58e000 	/System/Library/Frameworks/GSS.framework/Versions/A/GSS
0x00000001cbeee000 	/usr/lib/libresolv.9.dylib
0x00000001ca3d9000 	/System/Library/PrivateFrameworks/Heimdal.framework/Versions/A/Heimdal
0x00000001d2ee2000 	/System/Library/Frameworks/Kerberos.framework/Versions/A/Libraries/libHeimdalProxy.dylib
0x00000001c5023000 	/System/Library/Frameworks/Network.framework/Versions/A/Network
0x00000001c9e29000 	/usr/lib/libheimdal-asn1.dylib
0x00000001cc5d4000 	/System/Library/PrivateFrameworks/CommonAuth.framework/Versions/A/CommonAuth
0x00000001cbde5000 	/System/Library/PrivateFrameworks/AudioSession.framework/Versions/A/AudioSession
0x00000001c9eba000 	/System/Library/PrivateFrameworks/MediaExperience.framework/Versions/A/MediaExperience
0x00000001cbc6d000 	/System/Library/PrivateFrameworks/AudioSession.framework/libSessionUtility.dylib
0x00000001cc216000 	/System/Library/PrivateFrameworks/AudioResourceArbitration.framework/Versions/A/AudioResourceArbitration
0x00000001d0321000 	/System/Library/PrivateFrameworks/PowerLog.framework/Versions/A/PowerLog
0x00000001c9e32000 	/System/Library/PrivateFrameworks/IconFoundation.framework/Versions/A/IconFoundation
0x00000001cf0cf000 	/System/Library/PrivateFrameworks/SpeechRecognitionCore.framework/Versions/A/SpeechRecognitionCore
0x0000000101954000 	/Users/heliya/Library/Java/JavaVirtualMachines/openjdk-17.0.2/Contents/Home/lib/server/libjvm.dylib
0x00000001008e0000 	/Users/heliya/Library/Java/JavaVirtualMachines/openjdk-17.0.2/Contents/Home/lib/libjimage.dylib
0x000000010090c000 	/Users/heliya/Library/Java/JavaVirtualMachines/openjdk-17.0.2/Contents/Home/lib/libinstrument.dylib
0x0000000100958000 	/Users/heliya/Library/Java/JavaVirtualMachines/openjdk-17.0.2/Contents/Home/lib/libjava.dylib
0x00000001018c8000 	/Users/heliya/Library/Java/JavaVirtualMachines/openjdk-17.0.2/Contents/Home/lib/libnio.dylib
0x00000001018e8000 	/Users/heliya/Library/Java/JavaVirtualMachines/openjdk-17.0.2/Contents/Home/lib/libnet.dylib
0x0000000100940000 	/Users/heliya/Library/Java/JavaVirtualMachines/openjdk-17.0.2/Contents/Home/lib/libzip.dylib
0x000000010190c000 	/Users/heliya/.openjfx/cache/17.0.1/libprism_es2.dylib
0x00000001c1172000 	/System/Library/PrivateFrameworks/CoreServicesInternal.framework/Versions/A/CoreServicesInternal
0x000000021fdb4000 	/System/Library/Frameworks/OpenGL.framework/Versions/A/Resources/GLEngine.bundle/GLEngine
0x000000021fc3b000 	/System/Library/Frameworks/OpenGL.framework/Versions/A/Libraries/libGLProgrammability.dylib
0x000000011f200000 	/System/Library/Extensions/AppleMetalOpenGLRenderer.bundle/Contents/MacOS/AppleMetalOpenGLRenderer
0x000000021ff23000 	/System/Library/Frameworks/OpenGL.framework/Versions/A/Resources/GLRendererFloat.bundle/GLRendererFloat
0x000000021ffc4000 	/System/Library/Extensions/AGXMetal13_3.bundle/Contents/MacOS/AGXMetal13_3
0x00000001de297000 	/System/Library/PrivateFrameworks/GPURawCounter.framework/Versions/A/GPURawCounter
0x00000001d8d25000 	/System/Library/PrivateFrameworks/IOGPU.framework/Versions/A/IOGPU
0x000000011f2fc000 	/Users/heliya/.openjfx/cache/17.0.1/libglass.dylib
0x00000001d0575000 	/System/Library/Frameworks/FileProvider.framework/Versions/A/FileProvider
0x00000001c4df0000 	/System/Library/Frameworks/Accounts.framework/Versions/A/Accounts
0x00000001d06f5000 	/System/Library/PrivateFrameworks/GenerationalStorage.framework/Versions/A/GenerationalStorage
0x00000001d12ab000 	/System/Library/PrivateFrameworks/CoreSymbolication.framework/Versions/A/CoreSymbolication
0x00000001d0315000 	/System/Library/PrivateFrameworks/SymptomDiagnosticReporter.framework/Versions/A/SymptomDiagnosticReporter
0x00000001c245e000 	/System/Library/PrivateFrameworks/DesktopServicesPriv.framework/Versions/A/DesktopServicesPriv
0x00000001c12d2000 	/usr/lib/libsandbox.1.dylib
0x00000001c5e10000 	/System/Library/PrivateFrameworks/UserManagement.framework/Versions/A/UserManagement
0x00000001d126c000 	/System/Library/PrivateFrameworks/DebugSymbols.framework/Versions/A/DebugSymbols
0x00000001cc1f5000 	/System/Library/PrivateFrameworks/NetAuth.framework/Versions/A/NetAuth
0x00000001cd0f8000 	/System/Library/PrivateFrameworks/Sharing.framework/Versions/A/Sharing
0x00000001c5de0000 	/System/Library/PrivateFrameworks/login.framework/Versions/A/Frameworks/loginsupport.framework/Versions/A/loginsupport
0x00000001d2424000 	/System/Library/PrivateFrameworks/Apple80211.framework/Versions/A/Apple80211
0x00000001c8edf000 	/System/Library/PrivateFrameworks/AuthKit.framework/Versions/A/AuthKit
0x00000001c856d000 	/System/Library/PrivateFrameworks/CoreUtils.framework/Versions/A/CoreUtils
0x00000001c848d000 	/System/Library/Frameworks/CoreWLAN.framework/Versions/A/CoreWLAN
0x00000001cd262000 	/System/Library/Frameworks/IOBluetooth.framework/Versions/A/IOBluetooth
0x00000001d2484000 	/System/Library/PrivateFrameworks/CoreWiFi.framework/Versions/A/CoreWiFi
0x00000001d0e53000 	/System/Library/PrivateFrameworks/FrontBoardServices.framework/Versions/A/FrontBoardServices
0x00000001d0eeb000 	/System/Library/PrivateFrameworks/BoardServices.framework/Versions/A/BoardServices
0x00000001c8788000 	/System/Library/PrivateFrameworks/AssertionServices.framework/Versions/A/AssertionServices
0x00000001d25f2000 	/System/Library/PrivateFrameworks/BackBoardServices.framework/Versions/A/BackBoardServices
0x00000001cc667000 	/System/Library/PrivateFrameworks/CorePhoneNumbers.framework/Versions/A/CorePhoneNumbers
0x00000001d0445000 	/System/Library/PrivateFrameworks/DiskManagement.framework/Versions/A/DiskManagement
0x00000001d0348000 	/System/Library/PrivateFrameworks/AppleIDAuthSupport.framework/Versions/A/AppleIDAuthSupport
0x0000000223bc2000 	/System/Library/PrivateFrameworks/AAAFoundation.framework/Versions/A/AAAFoundation
0x00000001cc646000 	/System/Library/PrivateFrameworks/KeychainCircle.framework/Versions/A/KeychainCircle
0x00000001d0411000 	/System/Library/PrivateFrameworks/MediaKit.framework/Versions/A/MediaKit
0x00000001d0355000 	/System/Library/Frameworks/DiscRecording.framework/Versions/A/DiscRecording
0x00000001c9d3e000 	/usr/lib/libCoreStorage.dylib
0x00000001d28ee000 	/usr/lib/libcsfde.dylib
0x00000001cd337000 	/System/Library/PrivateFrameworks/ProtectedCloudStorage.framework/Versions/A/ProtectedCloudStorage
0x00000001d28e6000 	/System/Library/PrivateFrameworks/EFILogin.framework/Versions/A/EFILogin
0x00000001d071c000 	/System/Library/PrivateFrameworks/OctagonTrust.framework/Versions/A/OctagonTrust
0x00000002284ee000 	/System/Library/PrivateFrameworks/CoreUtilsExtras.framework/Versions/A/CoreUtilsExtras
0x00000001d028a000 	/System/Library/Frameworks/CoreBluetooth.framework/Versions/A/CoreBluetooth
0x00000001d2f67000 	/System/Library/Frameworks/AudioUnit.framework/Versions/A/AudioUnit
0x00000001c9d36000 	/usr/lib/libMatch.1.dylib
0x00000001e258d000 	/System/Library/Frameworks/Accelerate.framework/Versions/A/Frameworks/vImage.framework/Versions/A/Libraries/libCGInterfaces.dylib
0x0000000121fe4000 	/usr/lib/libobjc-trampolines.dylib
0x00000001c5add000 	/System/Library/PrivateFrameworks/ViewBridge.framework/Versions/A/ViewBridge
0x00000001ca487000 	/System/Library/PrivateFrameworks/login.framework/Versions/A/login
0x0000000125b58000 	/Users/heliya/.openjfx/cache/17.0.1/libjavafx_font.dylib
0x0000000224261000 	/System/Library/PrivateFrameworks/AccessibilityBundles.framework/Versions/A/AccessibilityBundles
0x000000023bb58000 	/usr/lib/libRosetta.dylib


VM Arguments:
jvm_args: -javaagent:/Applications/IntelliJ IDEA CE.app/Contents/lib/idea_rt.jar=51741:/Applications/IntelliJ IDEA CE.app/Contents/bin -Dfile.encoding=UTF-8 --module-path=/Users/heliya/.m2/repository/org/openjfx/javafx-controls/17.0.1/javafx-controls-17.0.1-mac-aarch64.jar:/Users/heliya/demoMyTwitter/target/classes:/Users/heliya/.m2/repository/org/openjfx/javafx-graphics/17.0.1/javafx-graphics-17.0.1-mac-aarch64.jar:/Users/heliya/.m2/repository/org/openjfx/javafx-base/17.0.1/javafx-base-17.0.1-mac-aarch64.jar:/Users/heliya/.m2/repository/org/openjfx/javafx-fxml/17.0.1/javafx-fxml-17.0.1-mac-aarch64.jar -Djdk.module.main=com.example.demomytwitter 
java_command: com.example.demomytwitter/com.example.demomytwitter.HelloApplication
java_class_path (initial): /Users/heliya/.m2/repository/org/openjfx/javafx-controls/17.0.1/javafx-controls-17.0.1.jar:/Users/heliya/.m2/repository/org/openjfx/javafx-graphics/17.0.1/javafx-graphics-17.0.1.jar:/Users/heliya/.m2/repository/org/openjfx/javafx-base/17.0.1/javafx-base-17.0.1.jar:/Users/heliya/.m2/repository/org/openjfx/javafx-fxml/17.0.1/javafx-fxml-17.0.1.jar
Launcher Type: SUN_STANDARD

[Global flags]
     intx CICompilerCount                          = 4                                         {product} {ergonomic}
     uint ConcGCThreads                            = 2                                         {product} {ergonomic}
     uint G1ConcRefinementThreads                  = 8                                         {product} {ergonomic}
   size_t G1HeapRegionSize                         = 1048576                                   {product} {ergonomic}
    uintx GCDrainStackTargetSize                   = 64                                        {product} {ergonomic}
   size_t InitialHeapSize                          = 134217728                                 {product} {ergonomic}
   size_t MarkStackSize                            = 4194304                                   {product} {ergonomic}
   size_t MaxHeapSize                              = 2147483648                                {product} {ergonomic}
   size_t MaxNewSize                               = 1287651328                                {product} {ergonomic}
   size_t MinHeapDeltaBytes                        = 1048576                                   {product} {ergonomic}
   size_t MinHeapSize                              = 8388608                                   {product} {ergonomic}
    uintx NonNMethodCodeHeapSize                   = 5839564                                {pd product} {ergonomic}
    uintx NonProfiledCodeHeapSize                  = 122909338                              {pd product} {ergonomic}
    uintx ProfiledCodeHeapSize                     = 122909338                              {pd product} {ergonomic}
    uintx ReservedCodeCacheSize                    = 251658240                              {pd product} {ergonomic}
     bool SegmentedCodeCache                       = true                                      {product} {ergonomic}
   size_t SoftMaxHeapSize                          = 2147483648                             {manageable} {ergonomic}
     bool UseCompressedClassPointers               = true                           {product lp64_product} {ergonomic}
     bool UseCompressedOops                        = true                           {product lp64_product} {ergonomic}
     bool UseG1GC                                  = true                                      {product} {ergonomic}
     bool UseNUMA                                  = false                                     {product} {ergonomic}
     bool UseNUMAInterleaving                      = false                                     {product} {ergonomic}

Logging:
Log output configuration:
 #0: stdout all=warning uptime,level,tags
 #1: stderr all=off uptime,level,tags

Environment Variables:
PATH=/usr/local/bin:/usr/bin:/bin:/usr/sbin:/sbin
SHELL=/bin/zsh
LC_CTYPE=en_US.UTF-8

Signal Handlers:
   SIGSEGV: _ZL13crash_handleriP9__siginfoPv in libjvm.dylib, mask=11100110000111110111111111111111, flags=SA_RESTART|SA_SIGINFO
    SIGBUS: _ZL13crash_handleriP9__siginfoPv in libjvm.dylib, mask=11100110000111110111111111111111, flags=SA_RESTART|SA_SIGINFO
    SIGFPE: _ZL13crash_handleriP9__siginfoPv in libjvm.dylib, mask=11100110000111110111111111111111, flags=SA_RESTART|SA_SIGINFO
   SIGPIPE: _ZL17javaSignalHandleriP9__siginfoPv in libjvm.dylib, mask=11100110000111110111111111111111, flags=SA_RESTART|SA_SIGINFO
   SIGXFSZ: _ZL17javaSignalHandleriP9__siginfoPv in libjvm.dylib, mask=11100110000111110111111111111111, flags=SA_RESTART|SA_SIGINFO
    SIGILL: _ZL13crash_handleriP9__siginfoPv in libjvm.dylib, mask=11100110000111110111111111111111, flags=SA_RESTART|SA_SIGINFO
   SIGUSR2: _ZL10SR_handleriP9__siginfoP17__darwin_ucontext in libjvm.dylib, mask=00100000000000000000000000000000, flags=SA_RESTART|SA_SIGINFO
    SIGHUP: _ZL11UserHandleriPvS_ in libjvm.dylib, mask=11100110000111110111111111111111, flags=SA_RESTART|SA_SIGINFO
    SIGINT: _ZL11UserHandleriPvS_ in libjvm.dylib, mask=11100110000111110111111111111111, flags=SA_RESTART|SA_SIGINFO
   SIGTERM: _ZL11UserHandleriPvS_ in libjvm.dylib, mask=11100110000111110111111111111111, flags=SA_RESTART|SA_SIGINFO
   SIGQUIT: _ZL11UserHandleriPvS_ in libjvm.dylib, mask=11100110000111110111111111111111, flags=SA_RESTART|SA_SIGINFO
   SIGTRAP: _ZL13crash_handleriP9__siginfoPv in libjvm.dylib, mask=11100110000111110111111111111111, flags=SA_RESTART|SA_SIGINFO


---------------  S Y S T E M  ---------------

OS:
uname: Darwin 21.3.0 Darwin Kernel Version 21.3.0: Wed Jan  5 21:37:58 PST 2022; root:xnu-8019.80.24~20/RELEASE_ARM64_T8101 arm64
OS uptime: 0 days 18:17 hours
rlimit (soft/hard): STACK 8176k/65520k , CORE 0k/infinity , NPROC 1333/2000 , NOFILE 10240/infinity , AS infinity/infinity , CPU infinity/infinity , DATA infinity/infinity , FSIZE infinity/infinity , MEMLOCK infinity/infinity , RSS infinity/infinity
load average: 2.02 1.87 1.74

CPU: total 8 (initial active 8) 0x61:0x0:0x1b588bb3:0, fp, simd, crc, lse

Memory: 16k page, physical 8388608k(156352k free), swap 1048576k(952064k free)

vm_info: OpenJDK 64-Bit Server VM (17.0.2+8-86) for bsd-aarch64 JRE (17.0.2+8-86), built on Dec  7 2021 21:45:06 by "mach5one" with clang Apple LLVM 12.0.0 (clang-1200.0.32.29)

END.
