#
# A fatal error has been detected by the Java Runtime Environment:
#
#  SIGBUS (0xa) at pc=0x000000010bbd58ac, pid=2700, tid=259
#
# JRE version: OpenJDK Runtime Environment (17.0.2+8) (build 17.0.2+8-86)
# Java VM: OpenJDK 64-Bit Server VM (17.0.2+8-86, mixed mode, sharing, tiered, compressed oops, compressed class ptrs, g1 gc, bsd-aarch64)
# Problematic frame:
# j  com.sun.glass.ui.mac.MacApplication._enterNestedEventLoopImpl()Ljava/lang/Object;+0 javafx.graphics
#
# No core dump will be written. Core dumps have been disabled. To enable core dumping, try "ulimit -c unlimited" before starting Java again
#
# If you would like to submit a bug report, please visit:
#   https://bugreport.java.com/bugreport/crash.jsp
# The crash happened outside the Java Virtual Machine in native code.
# See problematic frame for where to report the bug.
#

---------------  S U M M A R Y ------------

Command Line: -javaagent:/Applications/IntelliJ IDEA CE.app/Contents/lib/idea_rt.jar=51317:/Applications/IntelliJ IDEA CE.app/Contents/bin -Dfile.encoding=UTF-8 --module-path=/Users/heliya/.m2/repository/org/openjfx/javafx-base/17.0.1/javafx-base-17.0.1-mac-aarch64.jar:/Users/heliya/demoMyTwitter/target/classes:/Users/heliya/.m2/repository/org/openjfx/javafx-fxml/17.0.1/javafx-fxml-17.0.1-mac-aarch64.jar:/Users/heliya/.m2/repository/org/openjfx/javafx-graphics/17.0.1/javafx-graphics-17.0.1-mac-aarch64.jar:/Users/heliya/.m2/repository/org/openjfx/javafx-controls/17.0.1/javafx-controls-17.0.1-mac-aarch64.jar -Djdk.module.main=com.example.demomytwitter com.example.demomytwitter/com.example.demomytwitter.HelloApplication

Host: "MacBookPro17,1" arm64 1 MHz, 8 cores, 8G, Darwin 21.3.0, macOS 12.2.1 (21D62)
Time: Sat Aug  6 10:22:04 2022 +0430 elapsed time: 0.249590 seconds (0d 0h 0m 0s)

---------------  T H R E A D  ---------------

Current thread (0x000000014b8e3c00):  JavaThread "Thread-1" [_thread_in_native, id=259, stack(0x000000016d3c4000,0x000000016dbc0000)]

Stack: [0x000000016d3c4000,0x000000016dbc0000],  sp=0x000000016dbbbb20,  free space=8158k
Native frames: (J=compiled Java code, j=interpreted, Vv=VM code, C=native code)
j  com.sun.glass.ui.mac.MacApplication._enterNestedEventLoopImpl()Ljava/lang/Object;+0 javafx.graphics
j  com.sun.glass.ui.mac.MacApplication._enterNestedEventLoop()Ljava/lang/Object;+15 javafx.graphics
j  com.sun.glass.ui.Application.enterNestedEventLoop()Ljava/lang/Object;+14 javafx.graphics
j  com.sun.glass.ui.EventLoop.enter()Ljava/lang/Object;+42 javafx.graphics
j  com.sun.glass.ui.mac.MacApplication.waitForReactivation()V+30 javafx.graphics
j  com.sun.glass.ui.mac.MacApplication.lambda$runLoop$3(Ljava/lang/Runnable;)V+8 javafx.graphics
j  com.sun.glass.ui.mac.MacApplication$$Lambda$78+0x0000000800c306d8.run()V+8 javafx.graphics
v  ~StubRoutines::call_stub
V  [libjvm.dylib+0x461d08]  _ZN9JavaCalls11call_helperEP9JavaValueRK12methodHandleP17JavaCallArgumentsP10JavaThread+0x38c
V  [libjvm.dylib+0x4bb7dc]  _ZL20jni_invoke_nonstaticP7JNIEnv_P9JavaValueP8_jobject11JNICallTypeP10_jmethodIDP18JNI_ArgumentPusherP10JavaThread+0x31c
V  [libjvm.dylib+0x4bfeb8]  jni_CallVoidMethod+0x138
C  [libglass.dylib+0xadd0]  -[GlassApplication applicationWillFinishLaunching:]+0x1b8
C  [CoreFoundation+0x79200]  __CFNOTIFICATIONCENTER_IS_CALLING_OUT_TO_AN_OBSERVER__+0x1c
C  [CoreFoundation+0x11cb84]  ___CFXRegistrationPost_block_invoke+0x34
C  [CoreFoundation+0x11caf0]  _CFXRegistrationPost+0x1c8
C  [CoreFoundation+0x47eb0]  _CFXNotificationPost+0x2d0
C  [Foundation+0x9e3c]  -[NSNotificationCenter postNotificationName:object:userInfo:]+0x60
C  [AppKit+0x32c8c]  -[NSApplication finishLaunching]+0x16c
C  [AppKit+0x32884]  -[NSApplication run]+0x124
C  [libglass.dylib+0xcc1c]  -[GlassApplication runLoop:]+0x7cc
C  [Foundation+0x84914]  __NSThreadPerformPerform+0xd4
C  [CoreFoundation+0x84c5c]  __CFRUNLOOP_IS_CALLING_OUT_TO_A_SOURCE0_PERFORM_FUNCTION__+0x1c
C  [CoreFoundation+0x84ba8]  __CFRunLoopDoSource0+0xd0
C  [CoreFoundation+0x84894]  __CFRunLoopDoSources0+0x10c
C  [CoreFoundation+0x83208]  __CFRunLoopRun+0x334
C  [CoreFoundation+0x82734]  CFRunLoopRunSpecific+0x258
C  [libjli.dylib+0x6fec]  CreateExecutionEnvironment+0x190
C  [libjli.dylib+0x31fc]  JLI_Launch+0x4a0
C  [java+0x3bac]  main+0x198
C  0x00000001025210f4

Java frames: (J=compiled Java code, j=interpreted, Vv=VM code)
j  com.sun.glass.ui.mac.MacApplication._enterNestedEventLoopImpl()Ljava/lang/Object;+0 javafx.graphics
j  com.sun.glass.ui.mac.MacApplication._enterNestedEventLoop()Ljava/lang/Object;+15 javafx.graphics
j  com.sun.glass.ui.Application.enterNestedEventLoop()Ljava/lang/Object;+14 javafx.graphics
j  com.sun.glass.ui.EventLoop.enter()Ljava/lang/Object;+42 javafx.graphics
j  com.sun.glass.ui.mac.MacApplication.waitForReactivation()V+30 javafx.graphics
j  com.sun.glass.ui.mac.MacApplication.lambda$runLoop$3(Ljava/lang/Runnable;)V+8 javafx.graphics
j  com.sun.glass.ui.mac.MacApplication$$Lambda$78+0x0000000800c306d8.run()V+8 javafx.graphics
v  ~StubRoutines::call_stub

siginfo: si_signo: 10 (SIGBUS), si_code: 1 (BUS_ADRALN), si_addr: 0x000000010bbd58ac

Register to memory mapping:

 x0=0x000000014c0128d0 points into unknown readable memory: 0x0000000787504a30 | 30 4a 50 87 07 00 00 00
 x1=0x000000014b8e3c00 is a thread
 x2=0x0 is NULL
 x3=0x00000001be55a23c: nanov2_free_definite_size+0 in /usr/lib/system/libsystem_malloc.dylib at 0x00000001be558000
 x4=0x0000000080004000 is an unknown value
 x5=0x0000000000000012 is an unknown value
 x6=0x0 is NULL
 x7=0x000000016dbbb01c is pointing into the stack for thread: 0x000000014b8e3c00
 x8=0x0 is NULL
 x9=0x0000000000000004 is an unknown value
x10=0x000000015b80c090 points into unknown readable memory: 0xa3a3a3a3a3a3a3a3 | a3 a3 a3 a3 a3 a3 a3 a3
x11=0x0b0000021784e9b1: OBJC_CLASS_$_NSUserDefaults+0x1 in /System/Library/Frameworks/CoreFoundation.framework/Versions/A/CoreFoundation at 0x00000001be78c000
x12=0x000000000000000b is an unknown value
x13=0x000000008662480d is an unknown value
x14=0x0000000086825000 is an unknown value
x15=0x0000000000025000 is an unknown value
x16=0x00000001be75c684: OSAtomicCompareAndSwapPtrBarrier+0 in /usr/lib/system/libsystem_platform.dylib at 0x00000001be758000
x17=0x00000002185e47f0: <offset 0x58f647f0> in /System/Library/Frameworks/Foundation.framework/Versions/C/Foundation at 0x00000001bf680000
x18=0x00000001248333fc points into unknown readable memory: 62 76 78 32
x19=0x000000010bbd373c is at code_begin+60 in an Interpreter codelet
result handlers for native calls  [0x000000010bbd3700, 0x000000010bbd3780]  128 bytes
x20=0x000000016dbbbb28 is pointing into the stack for thread: 0x000000014b8e3c00
x21=0x0000000104094fa8: _ZN19TemplateInterpreter13_active_tableE+0 in /Users/heliya/Library/Java/JavaVirtualMachines/openjdk-17.0.2/Contents/Home/lib/server/libjvm.dylib at 0x00000001034dc000
x22=0x0 is NULL
x23=0x000000010bbd47c0 is at code_begin+0 in an Interpreter codelet
method entry point (kind = zerolocals)  [0x000000010bbd47c0, 0x000000010bbd4ac0]  768 bytes
x24=0x000000016dbbbba8 is pointing into the stack for thread: 0x000000014b8e3c00
x25=0x0000000000000001 is an unknown value
x26=0x0000000121118c38 is pointing into metadata
x27=0x0 is NULL
x28=0x000000014b8e3c00 is a thread


Registers:
 x0=0x000000014c0128d0  x1=0x000000014b8e3c00  x2=0x0000000000000000  x3=0x00000001be55a23c
 x4=0x0000000080004000  x5=0x0000000000000012  x6=0x0000000000000000  x7=0x000000016dbbb01c
 x8=0x0000000000000000  x9=0x0000000000000004 x10=0x000000015b80c090 x11=0x0b0000021784e9b1
x12=0x000000000000000b x13=0x000000008662480d x14=0x0000000086825000 x15=0x0000000000025000
x16=0x00000001be75c684 x17=0x00000002185e47f0 x18=0x00000001248333fc x19=0x000000010bbd373c
x20=0x000000016dbbbb28 x21=0x0000000104094fa8 x22=0x0000000000000000 x23=0x000000010bbd47c0
x24=0x000000016dbbbba8 x25=0x0000000000000001 x26=0x0000000121118c38 x27=0x0000000000000000
x28=0x000000014b8e3c00  fp=0x000000016dbbbb80  lr=0x000000010bbd58ac  sp=0x000000016dbbbb20
pc=0x000000010bbd58ac cpsr=0x0000000060001000
Top of Stack: (sp=0x000000016dbbbb20)
0x000000016dbbbb20:   000000010bbd56cc 00000001210f5ba8
0x000000016dbbbb30:   000000016dbbbb30 0000000000000000
0x000000016dbbbb40:   000000016dbbbba8 0000000121118c38
0x000000016dbbbb50:   0000000787634d50 0000000000000000
0x000000016dbbbb60:   0000000000000000 00000001210f5ba8
0x000000016dbbbb70:   0000000000000000 000000016dbbbb80
0x000000016dbbbb80:   000000016dbbbc00 000000010bbd1d80
0x000000016dbbbb90:   0000000000000000 0000000000000000
0x000000016dbbbba0:   00000007876b8968 00000007876b1f00
0x000000016dbbbbb0:   000000016dbbbbb0 00000001210f5c4f
0x000000016dbbbbc0:   000000016dbbbc28 0000000121118c38
0x000000016dbbbbd0:   0000000787634d50 0000000000000000
0x000000016dbbbbe0:   0000000000000000 00000001210f5c90
0x000000016dbbbbf0:   000000016dbbbba8 000000016dbbbc00
0x000000016dbbbc00:   000000016dbbbc80 000000010bbd1d80
0x000000016dbbbc10:   0000000000000000 0000000000000000
0x000000016dbbbc20:   0000000000000000 00000007876b1f00
0x000000016dbbbc30:   000000016dbbbc30 00000001210e31ee
0x000000016dbbbc40:   000000016dbbbc98 00000001210e5688
0x000000016dbbbc50:   00000007877d2908 0000000000000000
0x000000016dbbbc60:   0000000000000000 00000001210e3220
0x000000016dbbbc70:   000000016dbbbc28 000000016dbbbc60
0x000000016dbbbc80:   000000016dbbbcf0 000000010bbd1d80
0x000000016dbbbc90:   0000000000000000 0000000000000000
0x000000016dbbbca0:   000000016dbbbca0 000000012111ca2a
0x000000016dbbbcb0:   000000016dbbbd18 000000012111ce60
0x000000016dbbbcc0:   00000007875046c0 0000000000000000
0x000000016dbbbcd0:   0000000000000000 000000012111cb30
0x000000016dbbbce0:   000000016dbbbca0 000000016dbbbce0
0x000000016dbbbcf0:   000000016dbbbd70 000000010bbd1d80
0x000000016dbbbd00:   0000000000000000 0000000000000000
0x000000016dbbbd10:   0000000000000000 0000000787504a30 

Instructions: (pc=0x000000010bbd58ac)
0x000000010bbd57ac:   f9014f9f f9014b9f f9400788 b40000a8
0x000000010bbd57bc:   d2981008 f2a17788 f2c00028 d61f0100
0x000000010bbd57cc:   a97be3b6 f9403191 d63f0220 f85e83ac
0x000000010bbd57dc:   aa0003f3 b9402991 36180111 f9400591
0x000000010bbd57ec:   f9400631 f9400e31 f9403a31 f9400231
0x000000010bbd57fc:   f9000fb1 910063a1 f9402d8a d2960109
0x000000010bbd580c:   f2a07a29 f2c00029 f9400129 eb09015f
0x000000010bbd581c:   54000361 aa0c03e1 f81b83b6 aa1c03e0
0x000000010bbd582c:   10000128 f9014b88 f9014794 f9014f9d
0x000000010bbd583c:   a9bf33e8 d292db88 f2a07268 f2c00028
0x000000010bbd584c:   d63f0100 a8c133e8 10fffffe f901479f
0x000000010bbd585c:   f9014f9f f9014b9f f9400788 b40000a8
0x000000010bbd586c:   d2981008 f2a17788 f2c00028 d61f0100
0x000000010bbd587c:   a97be3b6 f85e83ac f9402d8a 910aa380
0x000000010bbd588c:   10000108 f9014b88 f9014794 f9014f9d
0x000000010bbd589c:   b27e03e8 910ce389 889ffd28 d63f0140
0x000000010bbd58ac:   f85e83ac d1008288 927ced1f fc1f0e80
0x000000010bbd58bc:   f81f8e9f f81f8e80 d28000a8 910ce389
0x000000010bbd58cc:   889ffd28 d5033bbf 910d0388 c8dffd08
0x000000010bbd58dc:   eb0803bf 54000068 b9432b89 b4000169
0x000000010bbd58ec:   aa1c03e0 d2895689 f2a07bc9 f2c00029
0x000000010bbd58fc:   d63f0120 f85e83ac d28ce11b f2a0809b
0x000000010bbd590c:   f2c0003b f940037b b27d03e8 910ce389
0x000000010bbd591c:   889ffd28 f901479f f9014f9f f9014b9f
0x000000010bbd592c:   f9406f91 f900823f 10fef051 eb13023f
0x000000010bbd593c:   54000441 f8410680 b40003a0 36000360
0x000000010bbd594c:   f85ff000 a9bf7bfd 910003fd 3940e391
0x000000010bbd595c:   34000271 b4000240 f9401391 b40000f1
0x000000010bbd596c:   d1002231 f9001391 f9401b88 8b080231
0x000000010bbd597c:   f9000220 1400000a a9bf7fe0 aa1c03e1
0x000000010bbd598c:   a9bf33e8 d29a7288 f2a07068 f2c00028
0x000000010bbd599c:   d63f0100 a8c133e8 a8c17fe0 910003bf 


Stack slot to memory mapping:
stack at sp + 0 slots: 0x000000010bbd56cc is at code_begin+204 in an Interpreter codelet
method entry point (kind = native)  [0x000000010bbd5600, 0x000000010bbd5c80]  1664 bytes
stack at sp + 1 slots: {method} {0x00000001210f5ba8} '_enterNestedEventLoopImpl' '()Ljava/lang/Object;' in 'com/sun/glass/ui/mac/MacApplication'
stack at sp + 2 slots: 0x000000016dbbbb30 is pointing into the stack for thread: 0x000000014b8e3c00
stack at sp + 3 slots: 0x0 is NULL
stack at sp + 4 slots: 0x000000016dbbbba8 is pointing into the stack for thread: 0x000000014b8e3c00
stack at sp + 5 slots: 0x0000000121118c38 is pointing into metadata
stack at sp + 6 slots: 0x0000000787634d50 is an oop: java.lang.Class 
{0x0000000787634d50} - klass: 'java/lang/Class'
 - ---- fields (total size 15 words):
 - private volatile transient 'classRedefinedCount' 'I' @12  0
 - private volatile transient 'cachedConstructor' 'Ljava/lang/reflect/Constructor;' @40  NULL (0)
 - private transient 'name' 'Ljava/lang/String;' @44  "com.sun.glass.ui.mac.MacApplication"{0x0000000787634dd8} (f0ec69bb)
 - private transient 'module' 'Ljava/lang/Module;' @48  a 'java/lang/Module'{0x0000000787c97998} (f0f92f33)
 - private final 'classLoader' 'Ljava/lang/ClassLoader;' @52  a 'jdk/internal/loader/ClassLoaders$AppClassLoader'{0x0000000787f19558} (f0fe32ab)
 - private transient 'classData' 'Ljava/lang/Object;' @56  NULL (0)
 - private transient 'packageName' 'Ljava/lang/String;' @60  "com.sun.glass.ui.mac"{0x0000000787626498} (f0ec4c93)
 - private final 'componentType' 'Ljava/lang/Class;' @64  NULL (0)
 - private volatile transient 'reflectionData' 'Ljava/lang/ref/SoftReference;' @68  NULL (0)
 - private volatile transient 'genericInfo' 'Lsun/reflect/generics/repository/ClassRepository;' @72  NULL (0)
 - private volatile transient 'enumConstants' '[Ljava/lang/Object;' @76  NULL (0)
 - private volatile transient 'enumConstantDirectory' 'Ljava/util/Map;' @80  NULL (0)
 - private volatile transient 'annotationData' 'Ljava/lang/Class$AnnotationData;' @84  NULL (0)
 - private volatile transient 'annotationType' 'Lsun/reflect/annotation/AnnotationType;' @88  NULL (0)
 - transient 'classValueMap' 'Ljava/lang/ClassValue$ClassValueMap;' @92  NULL (0)
 - signature: Lcom/sun/glass/ui/mac/MacApplication;
 - fake entry for mirror: 'com/sun/glass/ui/mac/MacApplication'
 - fake entry for array: NULL
 - fake entry for oop_size: 15
 - fake entry for static_oop_field_count: 0
 - static final 'BROWSER_PARENT_ID' 'J' @112  -1 (ffffffff ffffffff)
stack at sp + 7 slots: 0x0 is NULL

method entry point (kind = native)  [0x000000010bbd5600, 0x000000010bbd5c80]  1664 bytes
[MachCode]
  0x000000010bbd5600: 8205 40f9 | 4258 4079 | 986e 228b | 1823 00d1 | 9fee 7c92 | f4c3 01d1 | f603 1faa | f47f b9a9 
  0x000000010bbd5620: ff7f 06a9 | 8809 40f9 | 4800 00b4 | 08a1 0391 | e833 03a9 | 8a05 40f9 | 4a05 40f9 | 4a0d 40f9 
  0x000000010bbd5640: 4a39 40f9 | 4a01 40f9 | ea7f 02a9 | 9a05 40f9 | 5a07 40f9 | 5a0b 40f9 | f86b 01a9 | fd7b 05a9 
  0x000000010bbd5660: fd43 0191 | ff37 04a9 | e903 40b2 | 89a7 0d39 | 8009 40f9 | 0001 00b4 | 08ac 40b9 | 0809 0091 
  0x000000010bbd5680: 08ac 00b9 | 09c0 40b9 | 0801 09ea | 802b 0054 | 2300 0014 | 890d 40f9 | 6903 00b5 | e103 0caa 
  0x000000010bbd56a0: b683 1bf8 | e003 1caa | 2801 0010 | 884b 01f9 | 9447 01f9 | 9d4f 01f9 | e833 bfa9 | 8845 90d2 
  0x000000010bbd56c0: 6872 a0f2 | 2800 c0f2 | 0001 3fd6 | e833 c1a8 | feff ff10 | 9f47 01f9 | 9f4f 01f9 | 9f4b 01f9 
  0x000000010bbd56e0: 8807 40f9 | a800 00b4 | 0810 98d2 | 8877 a1f2 | 2800 c0f2 | 0001 1fd6 | b6e3 7ba9 | 890d 40f9 
  0x000000010bbd5700: e900 00b4 | 2809 40b9 | 0809 0091 | 2809 00b9 | 2121 40b9 | 0801 01ea | 2027 0054 | e953 40d1 
  0x000000010bbd5720: 3f01 00f9 | 9fa7 0d39 | 6825 fc90 | 08a9 5139 | 2801 0034 | a183 5ef8 | e003 1caa | e833 bfa9 
  0x000000010bbd5740: 889a 96d2 | 287a a0f2 | 2800 c0f2 | 0001 3fd6 | e833 c1a8 | 9105 40f9 | 315a 4079 | 886e 31cb 
  0x000000010bbd5760: 1fed 7c92 | f403 08aa | 9131 40f9 | 5103 00b5 | e103 0caa | b683 1bf8 | e003 1caa | 2801 0010 
  0x000000010bbd5780: 884b 01f9 | 9447 01f9 | 9d4f 01f9 | e833 bfa9 | 88db 92d2 | 6872 a0f2 | 2800 c0f2 | 0001 3fd6 
  0x000000010bbd57a0: e833 c1a8 | feff ff10 | 9f47 01f9 | 9f4f 01f9 | 9f4b 01f9 | 8807 40f9 | a800 00b4 | 0810 98d2 
  0x000000010bbd57c0: 8877 a1f2 | 2800 c0f2 | 0001 1fd6 | b6e3 7ba9 | 9131 40f9 | 2002 3fd6 | ac83 5ef8 | f303 00aa 
  0x000000010bbd57e0: 9129 40b9 | 1101 1836 | 9105 40f9 | 3106 40f9 | 310e 40f9 | 313a 40f9 | 3102 40f9 | b10f 00f9 
  0x000000010bbd5800: a163 0091 | 8a2d 40f9 | 0901 96d2 | 297a a0f2 | 2900 c0f2 | 2901 40f9 | 5f01 09eb | 6103 0054 
  0x000000010bbd5820: e103 0caa | b683 1bf8 | e003 1caa | 2801 0010 | 884b 01f9 | 9447 01f9 | 9d4f 01f9 | e833 bfa9 
  0x000000010bbd5840: 88db 92d2 | 6872 a0f2 | 2800 c0f2 | 0001 3fd6 | e833 c1a8 | feff ff10 | 9f47 01f9 | 9f4f 01f9 
  0x000000010bbd5860: 9f4b 01f9 | 8807 40f9 | a800 00b4 | 0810 98d2 | 8877 a1f2 | 2800 c0f2 | 0001 1fd6 | b6e3 7ba9 
  0x000000010bbd5880: ac83 5ef8 | 8a2d 40f9 | 80a3 0a91 | 0801 0010 | 884b 01f9 | 9447 01f9 | 9d4f 01f9 | e803 7eb2 
  0x000000010bbd58a0: 89e3 0c91 | 28fd 9f88 | 4001 3fd6 | ac83 5ef8 | 8882 00d1 | 1fed 7c92 | 800e 1ffc | 9f8e 1ff8 
  0x000000010bbd58c0: 808e 1ff8 | a800 80d2 | 89e3 0c91 | 28fd 9f88 | bf3b 03d5 | 8803 0d91 | 08fd dfc8 | bf03 08eb 
  0x000000010bbd58e0: 6800 0054 | 892b 43b9 | 6901 00b4 | e003 1caa | 8956 89d2 | c97b a0f2 | 2900 c0f2 | 2001 3fd6 
  0x000000010bbd5900: ac83 5ef8 | 1be1 8cd2 | 9b80 a0f2 | 3b00 c0f2 | 7b03 40f9 | e803 7db2 | 89e3 0c91 | 28fd 9f88 
  0x000000010bbd5920: 9f47 01f9 | 9f4f 01f9 | 9f4b 01f9 | 916f 40f9 | 3f82 00f9 | 51f0 fe10 | 3f02 13eb | 4104 0054 
  0x000000010bbd5940: 8006 41f8 | a003 00b4 | 6003 0036 | 00f0 5ff8 | fd7b bfa9 | fd03 0091 | 91e3 4039 | 7102 0034 
  0x000000010bbd5960: 4002 00b4 | 9113 40f9 | f100 00b4 | 3122 00d1 | 9113 00f9 | 881b 40f9 | 3102 088b | 2002 00f9 
  0x000000010bbd5980: 0a00 0014 | e07f bfa9 | e103 1caa | e833 bfa9 | 8872 9ad2 | 6870 a0f2 | 2800 c0f2 | 0001 3fd6 
  0x000000010bbd59a0: e833 c1a8 | e07f c1a8 | bf03 0091 | fd7b c1a8 | 0200 0014 | 0000 40f9 | a00f 00f9 | 9f8e 1ff8 
  0x000000010bbd59c0: 808e 1ff8 | 88a3 0e91 | 0801 40b9 | 1f09 00f1 | c104 0054 | e007 b0a9 | e20f 01a9 | e417 02a9 
  0x000000010bbd59e0: e61f 03a9 | e827 04a9 | ea2f 05a9 | ec37 06a9 | ee3f 07a9 | f047 08a9 | f24f 09a9 | f457 0aa9 
  0x000000010bbd5a00: f65f 0ba9 | f867 0ca9 | fa6f 0da9 | fc77 0ea9 | fe7f 0fa9 | e003 1caa | 89e1 9ad2 | 297a a0f2 
  0x000000010bbd5a20: 2900 c0f2 | 2001 3fd6 | e20f 41a9 | e417 42a9 | e61f 43a9 | e827 44a9 | ea2f 45a9 | ec37 46a9 
  0x000000010bbd5a40: ee3f 47a9 | f047 48a9 | f24f 49a9 | f457 4aa9 | f65f 4ba9 | f867 4ca9 | fa6f 4da9 | fc77 4ea9 
  0x000000010bbd5a60: fe7f 4fa9 | e007 d0a8 | ac83 5ef8 | 9605 40f9 | d6c2 0091 | 8807 40f9 | 6803 00b4 | b683 1bf8 
  0x000000010bbd5a80: e003 1caa | 2801 0010 | 884b 01f9 | 9447 01f9 | 9d4f 01f9 | e833 bfa9 | 0813 8bd2 | 6872 a0f2 
  0x000000010bbd5aa0: 2800 c0f2 | 0001 3fd6 | e833 c1a8 | feff ff10 | 9f47 01f9 | 9f4f 01f9 | 9f4b 01f9 | 8807 40f9 
  0x000000010bbd5ac0: a800 00b4 | 0810 98d2 | 8877 a1f2 | 2800 c0f2 | 0001 1fd6 | b6e3 7ba9 | c1d5 bbd4 | dfa5 ee03 
  0x000000010bbd5ae0: 0100 0000 | 9129 40b9 | 5106 2836 | a183 01d1 | 3104 40f9 | 7103 00b5 | b683 1bf8 | e003 1caa 
  0x000000010bbd5b00: 2801 0010 | 884b 01f9 | 9447 01f9 | 9d4f 01f9 | e833 bfa9 | 8821 8dd2 | 6872 a0f2 | 2800 c0f2 
  0x000000010bbd5b20: 0001 3fd6 | e833 c1a8 | feff ff10 | 9f47 01f9 | 9f4f 01f9 | 9f4b 01f9 | 8807 40f9 | a800 00b4 
  0x000000010bbd5b40: 0810 98d2 | 8877 a1f2 | 2800 c0f2 | 0001 1fd6 | b6e3 7ba9 | c1d5 bbd4 | dfa5 ee03 | 0100 0000 
  0x000000010bbd5b60: b683 1bf8 | 2000 00d1 | 2304 40f9 | 3f04 00f9 | 0200 40f9 | c201 00b4 | e803 00aa | 62fc e0c8 
  0x000000010bbd5b80: 1f01 00eb | 4001 0054 | bf3b 03d5 | 2304 00f9 | e003 01aa | e833 bfa9 | 8802 8dd2 | 6872 a0f2 
  0x000000010bbd5ba0: 2800 c0f2 | 0001 3fd6 | e833 c1a8 | b683 5bf8 | 6825 fc90 | 08a9 5139 | 2801 0034 | a183 5ef8 
  0x000000010bbd5bc0: e003 1caa | e833 bfa9 | 88b9 96d2 | 287a a0f2 | 2800 c0f2 | 0001 3fd6 | e833 c1a8 | 8006 41f8 
  0x000000010bbd5be0: 8006 41fc | 6002 3fd6 | b483 5ff8 | bf03 0091 | fd7b c1a8 | 9f02 0091 | c003 5fd6 | 0100 80d2 
  0x000000010bbd5c00: b683 1bf8 | e003 1caa | 2801 0010 | 884b 01f9 | 9447 01f9 | 9d4f 01f9 | e833 bfa9 | 0841 8fd2 
  0x000000010bbd5c20: 6872 a0f2 | 2800 c0f2 | 0001 3fd6 | e833 c1a8 | feff ff10 | 9f47 01f9 | 9f4f 01f9 | 9f4b 01f9 
  0x000000010bbd5c40: 8807 40f9 | a800 00b4 | 0810 98d2 | 8877 a1f2 | 2800 c0f2 | 0001 1fd6 | b6e3 7ba9 | b0fe ff17 
  0x000000010bbd5c60: 0000 0000 | 0000 0000 | 0000 0000 | 0000 0000 | 0000 0000 | 0000 0000 | 0000 0000 | 0000 0000 
[/MachCode]

---------------  P R O C E S S  ---------------

Threads class SMR info:
_java_thread_list=0x0000600003101a40, length=15, elements={
0x000000014b808a00, 0x000000014b89e200, 0x000000014b89e800, 0x000000015b831400,
0x000000015b82f000, 0x000000015b82f600, 0x000000015b82fc00, 0x000000015b830200,
0x000000015b830800, 0x000000015c815000, 0x000000014b8a0200, 0x000000013b808200,
0x000000014b809000, 0x000000014b8e5e00, 0x000000014b8e3c00
}

Java Threads: ( => current thread )
  0x000000014b808a00 JavaThread "main" [_thread_blocked, id=6147, stack(0x000000016dc4c000,0x000000016de4f000)]
  0x000000014b89e200 JavaThread "Reference Handler" daemon [_thread_blocked, id=14339, stack(0x000000016eaa0000,0x000000016eca3000)]
  0x000000014b89e800 JavaThread "Finalizer" daemon [_thread_blocked, id=15619, stack(0x000000016ecac000,0x000000016eeaf000)]
  0x000000015b831400 JavaThread "Signal Dispatcher" daemon [_thread_blocked, id=22531, stack(0x000000016efd0000,0x000000016f1d3000)]
  0x000000015b82f000 JavaThread "Service Thread" daemon [_thread_blocked, id=41731, stack(0x000000016f1dc000,0x000000016f3df000)]
  0x000000015b82f600 JavaThread "Monitor Deflation Thread" daemon [_thread_blocked, id=22787, stack(0x000000016f3e8000,0x000000016f5eb000)]
  0x000000015b82fc00 JavaThread "C2 CompilerThread0" daemon [_thread_blocked, id=23043, stack(0x000000016f5f4000,0x000000016f7f7000)]
  0x000000015b830200 JavaThread "C1 CompilerThread0" daemon [_thread_blocked, id=23299, stack(0x000000016f800000,0x000000016fa03000)]
  0x000000015b830800 JavaThread "Sweeper thread" daemon [_thread_blocked, id=23555, stack(0x000000016fa0c000,0x000000016fc0f000)]
  0x000000015c815000 JavaThread "Common-Cleaner" daemon [_thread_blocked, id=24067, stack(0x000000016fc18000,0x000000016fe1b000)]
  0x000000014b8a0200 JavaThread "Monitor Ctrl-Break" daemon [_thread_in_native, id=40195, stack(0x0000000280004000,0x0000000280207000)]
  0x000000013b808200 JavaThread "Notification Thread" daemon [_thread_blocked, id=39683, stack(0x0000000280210000,0x0000000280413000)]
  0x000000014b809000 JavaThread "QuantumRenderer-0" daemon [_thread_blocked, id=24579, stack(0x0000000280628000,0x000000028082b000)]
  0x000000014b8e5e00 JavaThread "InvokeLaterDispatcher" daemon [_thread_in_native, id=33295, stack(0x0000000280834000,0x0000000280a37000)]
=>0x000000014b8e3c00 JavaThread "Thread-1" [_thread_in_native, id=259, stack(0x000000016d3c4000,0x000000016dbc0000)]

Other Threads:
  0x000000015b6098f0 VMThread "VM Thread" [stack: 0x000000016e894000,0x000000016ea97000] [id=15875]
  0x000000014c00d2c0 WatcherThread [stack: 0x000000028041c000,0x000000028061f000] [id=24323]
  0x000000014c005c60 GCTaskThread "GC Thread#0" [stack: 0x000000016de58000,0x000000016e05b000] [id=19971]
  0x000000014c006310 ConcurrentGCThread "G1 Main Marker" [stack: 0x000000016e064000,0x000000016e267000] [id=19715]
  0x000000014c006b90 ConcurrentGCThread "G1 Conc#0" [stack: 0x000000016e270000,0x000000016e473000] [id=18947]
  0x000000014c008a00 ConcurrentGCThread "G1 Refine#0" [stack: 0x000000016e47c000,0x000000016e67f000] [id=13059]
  0x000000014c0092a0 ConcurrentGCThread "G1 Service" [stack: 0x000000016e688000,0x000000016e88b000] [id=17923]

Threads with active compile tasks:

VM state: not at safepoint (normal execution)

VM Mutex/Monitor currently owned by a thread: None

Heap address: 0x0000000780000000, size: 2048 MB, Compressed Oops mode: Zero based, Oop shift amount: 3

CDS archive(s) mapped at: [0x0000000800000000-0x0000000800bd4000-0x0000000800bd4000), size 12402688, SharedBaseAddress: 0x0000000800000000, ArchiveRelocationMode: 0.
Compressed class space mapped at: 0x0000000800c00000-0x0000000840c00000, reserved size: 1073741824
Narrow klass base: 0x0000000800000000, Narrow klass shift: 0, Narrow klass range: 0x100000000

GC Precious Log:
 CPUs: 8 total, 8 available
 Memory: 8192M
 Large Page Support: Disabled
 NUMA Support: Disabled
 Compressed Oops: Enabled (Zero based)
 Heap Region Size: 1M
 Heap Min Capacity: 8M
 Heap Initial Capacity: 128M
 Heap Max Capacity: 2G
 Pre-touch: Disabled
 Parallel Workers: 8
 Concurrent Workers: 2
 Concurrent Refinement Workers: 8
 Periodic GC: Disabled

Heap:
 garbage-first heap   total 133120K, used 10208K [0x0000000780000000, 0x0000000800000000)
  region size 1024K, 11 young (11264K), 0 survivors (0K)
 Metaspace       used 3263K, committed 3392K, reserved 1056768K
  class space    used 366K, committed 448K, reserved 1048576K

Heap Regions: E=young(eden), S=young(survivor), O=old, HS=humongous(starts), HC=humongous(continues), CS=collection set, F=free, OA=open archive, CA=closed archive, TAMS=top-at-mark-start (previous, next)
|   0|0x0000000780000000, 0x0000000780000000, 0x0000000780100000|  0%| F|  |TAMS 0x0000000780000000, 0x0000000780000000| Untracked 
|   1|0x0000000780100000, 0x0000000780100000, 0x0000000780200000|  0%| F|  |TAMS 0x0000000780100000, 0x0000000780100000| Untracked 
|   2|0x0000000780200000, 0x0000000780200000, 0x0000000780300000|  0%| F|  |TAMS 0x0000000780200000, 0x0000000780200000| Untracked 
|   3|0x0000000780300000, 0x0000000780300000, 0x0000000780400000|  0%| F|  |TAMS 0x0000000780300000, 0x0000000780300000| Untracked 
|   4|0x0000000780400000, 0x0000000780400000, 0x0000000780500000|  0%| F|  |TAMS 0x0000000780400000, 0x0000000780400000| Untracked 
|   5|0x0000000780500000, 0x0000000780500000, 0x0000000780600000|  0%| F|  |TAMS 0x0000000780500000, 0x0000000780500000| Untracked 
|   6|0x0000000780600000, 0x0000000780600000, 0x0000000780700000|  0%| F|  |TAMS 0x0000000780600000, 0x0000000780600000| Untracked 
|   7|0x0000000780700000, 0x0000000780700000, 0x0000000780800000|  0%| F|  |TAMS 0x0000000780700000, 0x0000000780700000| Untracked 
|   8|0x0000000780800000, 0x0000000780800000, 0x0000000780900000|  0%| F|  |TAMS 0x0000000780800000, 0x0000000780800000| Untracked 
|   9|0x0000000780900000, 0x0000000780900000, 0x0000000780a00000|  0%| F|  |TAMS 0x0000000780900000, 0x0000000780900000| Untracked 
|  10|0x0000000780a00000, 0x0000000780a00000, 0x0000000780b00000|  0%| F|  |TAMS 0x0000000780a00000, 0x0000000780a00000| Untracked 
|  11|0x0000000780b00000, 0x0000000780b00000, 0x0000000780c00000|  0%| F|  |TAMS 0x0000000780b00000, 0x0000000780b00000| Untracked 
|  12|0x0000000780c00000, 0x0000000780c00000, 0x0000000780d00000|  0%| F|  |TAMS 0x0000000780c00000, 0x0000000780c00000| Untracked 
|  13|0x0000000780d00000, 0x0000000780d00000, 0x0000000780e00000|  0%| F|  |TAMS 0x0000000780d00000, 0x0000000780d00000| Untracked 
|  14|0x0000000780e00000, 0x0000000780e00000, 0x0000000780f00000|  0%| F|  |TAMS 0x0000000780e00000, 0x0000000780e00000| Untracked 
|  15|0x0000000780f00000, 0x0000000780f00000, 0x0000000781000000|  0%| F|  |TAMS 0x0000000780f00000, 0x0000000780f00000| Untracked 
|  16|0x0000000781000000, 0x0000000781000000, 0x0000000781100000|  0%| F|  |TAMS 0x0000000781000000, 0x0000000781000000| Untracked 
|  17|0x0000000781100000, 0x0000000781100000, 0x0000000781200000|  0%| F|  |TAMS 0x0000000781100000, 0x0000000781100000| Untracked 
|  18|0x0000000781200000, 0x0000000781200000, 0x0000000781300000|  0%| F|  |TAMS 0x0000000781200000, 0x0000000781200000| Untracked 
|  19|0x0000000781300000, 0x0000000781300000, 0x0000000781400000|  0%| F|  |TAMS 0x0000000781300000, 0x0000000781300000| Untracked 
|  20|0x0000000781400000, 0x0000000781400000, 0x0000000781500000|  0%| F|  |TAMS 0x0000000781400000, 0x0000000781400000| Untracked 
|  21|0x0000000781500000, 0x0000000781500000, 0x0000000781600000|  0%| F|  |TAMS 0x0000000781500000, 0x0000000781500000| Untracked 
|  22|0x0000000781600000, 0x0000000781600000, 0x0000000781700000|  0%| F|  |TAMS 0x0000000781600000, 0x0000000781600000| Untracked 
|  23|0x0000000781700000, 0x0000000781700000, 0x0000000781800000|  0%| F|  |TAMS 0x0000000781700000, 0x0000000781700000| Untracked 
|  24|0x0000000781800000, 0x0000000781800000, 0x0000000781900000|  0%| F|  |TAMS 0x0000000781800000, 0x0000000781800000| Untracked 
|  25|0x0000000781900000, 0x0000000781900000, 0x0000000781a00000|  0%| F|  |TAMS 0x0000000781900000, 0x0000000781900000| Untracked 
|  26|0x0000000781a00000, 0x0000000781a00000, 0x0000000781b00000|  0%| F|  |TAMS 0x0000000781a00000, 0x0000000781a00000| Untracked 
|  27|0x0000000781b00000, 0x0000000781b00000, 0x0000000781c00000|  0%| F|  |TAMS 0x0000000781b00000, 0x0000000781b00000| Untracked 
|  28|0x0000000781c00000, 0x0000000781c00000, 0x0000000781d00000|  0%| F|  |TAMS 0x0000000781c00000, 0x0000000781c00000| Untracked 
|  29|0x0000000781d00000, 0x0000000781d00000, 0x0000000781e00000|  0%| F|  |TAMS 0x0000000781d00000, 0x0000000781d00000| Untracked 
|  30|0x0000000781e00000, 0x0000000781e00000, 0x0000000781f00000|  0%| F|  |TAMS 0x0000000781e00000, 0x0000000781e00000| Untracked 
|  31|0x0000000781f00000, 0x0000000781f00000, 0x0000000782000000|  0%| F|  |TAMS 0x0000000781f00000, 0x0000000781f00000| Untracked 
|  32|0x0000000782000000, 0x0000000782000000, 0x0000000782100000|  0%| F|  |TAMS 0x0000000782000000, 0x0000000782000000| Untracked 
|  33|0x0000000782100000, 0x0000000782100000, 0x0000000782200000|  0%| F|  |TAMS 0x0000000782100000, 0x0000000782100000| Untracked 
|  34|0x0000000782200000, 0x0000000782200000, 0x0000000782300000|  0%| F|  |TAMS 0x0000000782200000, 0x0000000782200000| Untracked 
|  35|0x0000000782300000, 0x0000000782300000, 0x0000000782400000|  0%| F|  |TAMS 0x0000000782300000, 0x0000000782300000| Untracked 
|  36|0x0000000782400000, 0x0000000782400000, 0x0000000782500000|  0%| F|  |TAMS 0x0000000782400000, 0x0000000782400000| Untracked 
|  37|0x0000000782500000, 0x0000000782500000, 0x0000000782600000|  0%| F|  |TAMS 0x0000000782500000, 0x0000000782500000| Untracked 
|  38|0x0000000782600000, 0x0000000782600000, 0x0000000782700000|  0%| F|  |TAMS 0x0000000782600000, 0x0000000782600000| Untracked 
|  39|0x0000000782700000, 0x0000000782700000, 0x0000000782800000|  0%| F|  |TAMS 0x0000000782700000, 0x0000000782700000| Untracked 
|  40|0x0000000782800000, 0x0000000782800000, 0x0000000782900000|  0%| F|  |TAMS 0x0000000782800000, 0x0000000782800000| Untracked 
|  41|0x0000000782900000, 0x0000000782900000, 0x0000000782a00000|  0%| F|  |TAMS 0x0000000782900000, 0x0000000782900000| Untracked 
|  42|0x0000000782a00000, 0x0000000782a00000, 0x0000000782b00000|  0%| F|  |TAMS 0x0000000782a00000, 0x0000000782a00000| Untracked 
|  43|0x0000000782b00000, 0x0000000782b00000, 0x0000000782c00000|  0%| F|  |TAMS 0x0000000782b00000, 0x0000000782b00000| Untracked 
|  44|0x0000000782c00000, 0x0000000782c00000, 0x0000000782d00000|  0%| F|  |TAMS 0x0000000782c00000, 0x0000000782c00000| Untracked 
|  45|0x0000000782d00000, 0x0000000782d00000, 0x0000000782e00000|  0%| F|  |TAMS 0x0000000782d00000, 0x0000000782d00000| Untracked 
|  46|0x0000000782e00000, 0x0000000782e00000, 0x0000000782f00000|  0%| F|  |TAMS 0x0000000782e00000, 0x0000000782e00000| Untracked 
|  47|0x0000000782f00000, 0x0000000782f00000, 0x0000000783000000|  0%| F|  |TAMS 0x0000000782f00000, 0x0000000782f00000| Untracked 
|  48|0x0000000783000000, 0x0000000783000000, 0x0000000783100000|  0%| F|  |TAMS 0x0000000783000000, 0x0000000783000000| Untracked 
|  49|0x0000000783100000, 0x0000000783100000, 0x0000000783200000|  0%| F|  |TAMS 0x0000000783100000, 0x0000000783100000| Untracked 
|  50|0x0000000783200000, 0x0000000783200000, 0x0000000783300000|  0%| F|  |TAMS 0x0000000783200000, 0x0000000783200000| Untracked 
|  51|0x0000000783300000, 0x0000000783300000, 0x0000000783400000|  0%| F|  |TAMS 0x0000000783300000, 0x0000000783300000| Untracked 
|  52|0x0000000783400000, 0x0000000783400000, 0x0000000783500000|  0%| F|  |TAMS 0x0000000783400000, 0x0000000783400000| Untracked 
|  53|0x0000000783500000, 0x0000000783500000, 0x0000000783600000|  0%| F|  |TAMS 0x0000000783500000, 0x0000000783500000| Untracked 
|  54|0x0000000783600000, 0x0000000783600000, 0x0000000783700000|  0%| F|  |TAMS 0x0000000783600000, 0x0000000783600000| Untracked 
|  55|0x0000000783700000, 0x0000000783700000, 0x0000000783800000|  0%| F|  |TAMS 0x0000000783700000, 0x0000000783700000| Untracked 
|  56|0x0000000783800000, 0x0000000783800000, 0x0000000783900000|  0%| F|  |TAMS 0x0000000783800000, 0x0000000783800000| Untracked 
|  57|0x0000000783900000, 0x0000000783900000, 0x0000000783a00000|  0%| F|  |TAMS 0x0000000783900000, 0x0000000783900000| Untracked 
|  58|0x0000000783a00000, 0x0000000783a00000, 0x0000000783b00000|  0%| F|  |TAMS 0x0000000783a00000, 0x0000000783a00000| Untracked 
|  59|0x0000000783b00000, 0x0000000783b00000, 0x0000000783c00000|  0%| F|  |TAMS 0x0000000783b00000, 0x0000000783b00000| Untracked 
|  60|0x0000000783c00000, 0x0000000783c00000, 0x0000000783d00000|  0%| F|  |TAMS 0x0000000783c00000, 0x0000000783c00000| Untracked 
|  61|0x0000000783d00000, 0x0000000783d00000, 0x0000000783e00000|  0%| F|  |TAMS 0x0000000783d00000, 0x0000000783d00000| Untracked 
|  62|0x0000000783e00000, 0x0000000783e00000, 0x0000000783f00000|  0%| F|  |TAMS 0x0000000783e00000, 0x0000000783e00000| Untracked 
|  63|0x0000000783f00000, 0x0000000783f00000, 0x0000000784000000|  0%| F|  |TAMS 0x0000000783f00000, 0x0000000783f00000| Untracked 
|  64|0x0000000784000000, 0x0000000784000000, 0x0000000784100000|  0%| F|  |TAMS 0x0000000784000000, 0x0000000784000000| Untracked 
|  65|0x0000000784100000, 0x0000000784100000, 0x0000000784200000|  0%| F|  |TAMS 0x0000000784100000, 0x0000000784100000| Untracked 
|  66|0x0000000784200000, 0x0000000784200000, 0x0000000784300000|  0%| F|  |TAMS 0x0000000784200000, 0x0000000784200000| Untracked 
|  67|0x0000000784300000, 0x0000000784300000, 0x0000000784400000|  0%| F|  |TAMS 0x0000000784300000, 0x0000000784300000| Untracked 
|  68|0x0000000784400000, 0x0000000784400000, 0x0000000784500000|  0%| F|  |TAMS 0x0000000784400000, 0x0000000784400000| Untracked 
|  69|0x0000000784500000, 0x0000000784500000, 0x0000000784600000|  0%| F|  |TAMS 0x0000000784500000, 0x0000000784500000| Untracked 
|  70|0x0000000784600000, 0x0000000784600000, 0x0000000784700000|  0%| F|  |TAMS 0x0000000784600000, 0x0000000784600000| Untracked 
|  71|0x0000000784700000, 0x0000000784700000, 0x0000000784800000|  0%| F|  |TAMS 0x0000000784700000, 0x0000000784700000| Untracked 
|  72|0x0000000784800000, 0x0000000784800000, 0x0000000784900000|  0%| F|  |TAMS 0x0000000784800000, 0x0000000784800000| Untracked 
|  73|0x0000000784900000, 0x0000000784900000, 0x0000000784a00000|  0%| F|  |TAMS 0x0000000784900000, 0x0000000784900000| Untracked 
|  74|0x0000000784a00000, 0x0000000784a00000, 0x0000000784b00000|  0%| F|  |TAMS 0x0000000784a00000, 0x0000000784a00000| Untracked 
|  75|0x0000000784b00000, 0x0000000784b00000, 0x0000000784c00000|  0%| F|  |TAMS 0x0000000784b00000, 0x0000000784b00000| Untracked 
|  76|0x0000000784c00000, 0x0000000784c00000, 0x0000000784d00000|  0%| F|  |TAMS 0x0000000784c00000, 0x0000000784c00000| Untracked 
|  77|0x0000000784d00000, 0x0000000784d00000, 0x0000000784e00000|  0%| F|  |TAMS 0x0000000784d00000, 0x0000000784d00000| Untracked 
|  78|0x0000000784e00000, 0x0000000784e00000, 0x0000000784f00000|  0%| F|  |TAMS 0x0000000784e00000, 0x0000000784e00000| Untracked 
|  79|0x0000000784f00000, 0x0000000784f00000, 0x0000000785000000|  0%| F|  |TAMS 0x0000000784f00000, 0x0000000784f00000| Untracked 
|  80|0x0000000785000000, 0x0000000785000000, 0x0000000785100000|  0%| F|  |TAMS 0x0000000785000000, 0x0000000785000000| Untracked 
|  81|0x0000000785100000, 0x0000000785100000, 0x0000000785200000|  0%| F|  |TAMS 0x0000000785100000, 0x0000000785100000| Untracked 
|  82|0x0000000785200000, 0x0000000785200000, 0x0000000785300000|  0%| F|  |TAMS 0x0000000785200000, 0x0000000785200000| Untracked 
|  83|0x0000000785300000, 0x0000000785300000, 0x0000000785400000|  0%| F|  |TAMS 0x0000000785300000, 0x0000000785300000| Untracked 
|  84|0x0000000785400000, 0x0000000785400000, 0x0000000785500000|  0%| F|  |TAMS 0x0000000785400000, 0x0000000785400000| Untracked 
|  85|0x0000000785500000, 0x0000000785500000, 0x0000000785600000|  0%| F|  |TAMS 0x0000000785500000, 0x0000000785500000| Untracked 
|  86|0x0000000785600000, 0x0000000785600000, 0x0000000785700000|  0%| F|  |TAMS 0x0000000785600000, 0x0000000785600000| Untracked 
|  87|0x0000000785700000, 0x0000000785700000, 0x0000000785800000|  0%| F|  |TAMS 0x0000000785700000, 0x0000000785700000| Untracked 
|  88|0x0000000785800000, 0x0000000785800000, 0x0000000785900000|  0%| F|  |TAMS 0x0000000785800000, 0x0000000785800000| Untracked 
|  89|0x0000000785900000, 0x0000000785900000, 0x0000000785a00000|  0%| F|  |TAMS 0x0000000785900000, 0x0000000785900000| Untracked 
|  90|0x0000000785a00000, 0x0000000785a00000, 0x0000000785b00000|  0%| F|  |TAMS 0x0000000785a00000, 0x0000000785a00000| Untracked 
|  91|0x0000000785b00000, 0x0000000785b00000, 0x0000000785c00000|  0%| F|  |TAMS 0x0000000785b00000, 0x0000000785b00000| Untracked 
|  92|0x0000000785c00000, 0x0000000785c00000, 0x0000000785d00000|  0%| F|  |TAMS 0x0000000785c00000, 0x0000000785c00000| Untracked 
|  93|0x0000000785d00000, 0x0000000785d00000, 0x0000000785e00000|  0%| F|  |TAMS 0x0000000785d00000, 0x0000000785d00000| Untracked 
|  94|0x0000000785e00000, 0x0000000785e00000, 0x0000000785f00000|  0%| F|  |TAMS 0x0000000785e00000, 0x0000000785e00000| Untracked 
|  95|0x0000000785f00000, 0x0000000785f00000, 0x0000000786000000|  0%| F|  |TAMS 0x0000000785f00000, 0x0000000785f00000| Untracked 
|  96|0x0000000786000000, 0x0000000786000000, 0x0000000786100000|  0%| F|  |TAMS 0x0000000786000000, 0x0000000786000000| Untracked 
|  97|0x0000000786100000, 0x0000000786100000, 0x0000000786200000|  0%| F|  |TAMS 0x0000000786100000, 0x0000000786100000| Untracked 
|  98|0x0000000786200000, 0x0000000786200000, 0x0000000786300000|  0%| F|  |TAMS 0x0000000786200000, 0x0000000786200000| Untracked 
|  99|0x0000000786300000, 0x0000000786300000, 0x0000000786400000|  0%| F|  |TAMS 0x0000000786300000, 0x0000000786300000| Untracked 
| 100|0x0000000786400000, 0x0000000786400000, 0x0000000786500000|  0%| F|  |TAMS 0x0000000786400000, 0x0000000786400000| Untracked 
| 101|0x0000000786500000, 0x0000000786500000, 0x0000000786600000|  0%| F|  |TAMS 0x0000000786500000, 0x0000000786500000| Untracked 
| 102|0x0000000786600000, 0x0000000786600000, 0x0000000786700000|  0%| F|  |TAMS 0x0000000786600000, 0x0000000786600000| Untracked 
| 103|0x0000000786700000, 0x0000000786700000, 0x0000000786800000|  0%| F|  |TAMS 0x0000000786700000, 0x0000000786700000| Untracked 
| 104|0x0000000786800000, 0x0000000786800000, 0x0000000786900000|  0%| F|  |TAMS 0x0000000786800000, 0x0000000786800000| Untracked 
| 105|0x0000000786900000, 0x0000000786900000, 0x0000000786a00000|  0%| F|  |TAMS 0x0000000786900000, 0x0000000786900000| Untracked 
| 106|0x0000000786a00000, 0x0000000786a00000, 0x0000000786b00000|  0%| F|  |TAMS 0x0000000786a00000, 0x0000000786a00000| Untracked 
| 107|0x0000000786b00000, 0x0000000786b00000, 0x0000000786c00000|  0%| F|  |TAMS 0x0000000786b00000, 0x0000000786b00000| Untracked 
| 108|0x0000000786c00000, 0x0000000786c00000, 0x0000000786d00000|  0%| F|  |TAMS 0x0000000786c00000, 0x0000000786c00000| Untracked 
| 109|0x0000000786d00000, 0x0000000786d00000, 0x0000000786e00000|  0%| F|  |TAMS 0x0000000786d00000, 0x0000000786d00000| Untracked 
| 110|0x0000000786e00000, 0x0000000786e00000, 0x0000000786f00000|  0%| F|  |TAMS 0x0000000786e00000, 0x0000000786e00000| Untracked 
| 111|0x0000000786f00000, 0x0000000786f00000, 0x0000000787000000|  0%| F|  |TAMS 0x0000000786f00000, 0x0000000786f00000| Untracked 
| 112|0x0000000787000000, 0x0000000787000000, 0x0000000787100000|  0%| F|  |TAMS 0x0000000787000000, 0x0000000787000000| Untracked 
| 113|0x0000000787100000, 0x0000000787100000, 0x0000000787200000|  0%| F|  |TAMS 0x0000000787100000, 0x0000000787100000| Untracked 
| 114|0x0000000787200000, 0x0000000787200000, 0x0000000787300000|  0%| F|  |TAMS 0x0000000787200000, 0x0000000787200000| Untracked 
| 115|0x0000000787300000, 0x0000000787300000, 0x0000000787400000|  0%| F|  |TAMS 0x0000000787300000, 0x0000000787300000| Untracked 
| 116|0x0000000787400000, 0x0000000787400000, 0x0000000787500000|  0%| F|  |TAMS 0x0000000787400000, 0x0000000787400000| Untracked 
| 117|0x0000000787500000, 0x00000007875ec080, 0x0000000787600000| 92%| E|  |TAMS 0x0000000787500000, 0x0000000787500000| Complete 
| 118|0x0000000787600000, 0x0000000787700000, 0x0000000787700000|100%| E|CS|TAMS 0x0000000787600000, 0x0000000787600000| Complete 
| 119|0x0000000787700000, 0x0000000787800000, 0x0000000787800000|100%| E|CS|TAMS 0x0000000787700000, 0x0000000787700000| Complete 
| 120|0x0000000787800000, 0x0000000787900000, 0x0000000787900000|100%| E|CS|TAMS 0x0000000787800000, 0x0000000787800000| Complete 
| 121|0x0000000787900000, 0x0000000787a00000, 0x0000000787a00000|100%| E|CS|TAMS 0x0000000787900000, 0x0000000787900000| Complete 
| 122|0x0000000787a00000, 0x0000000787b00000, 0x0000000787b00000|100%| E|CS|TAMS 0x0000000787a00000, 0x0000000787a00000| Complete 
| 123|0x0000000787b00000, 0x0000000787c00000, 0x0000000787c00000|100%| E|CS|TAMS 0x0000000787b00000, 0x0000000787b00000| Complete 
| 124|0x0000000787c00000, 0x0000000787d00000, 0x0000000787d00000|100%| E|CS|TAMS 0x0000000787c00000, 0x0000000787c00000| Complete 
| 125|0x0000000787d00000, 0x0000000787e00000, 0x0000000787e00000|100%| E|CS|TAMS 0x0000000787d00000, 0x0000000787d00000| Complete 
| 126|0x0000000787e00000, 0x0000000787f00000, 0x0000000787f00000|100%| E|  |TAMS 0x0000000787e00000, 0x0000000787e00000| Complete 
| 127|0x0000000787f00000, 0x0000000788000000, 0x0000000788000000|100%| E|CS|TAMS 0x0000000787f00000, 0x0000000787f00000| Complete 
|2046|0x00000007ffe00000, 0x00000007ffe78000, 0x00000007fff00000| 46%|OA|  |TAMS 0x00000007ffe00000, 0x00000007ffe00000| Untracked 
|2047|0x00000007fff00000, 0x00000007fff80000, 0x0000000800000000| 50%|CA|  |TAMS 0x00000007fff00000, 0x00000007fff00000| Untracked 

Card table byte_map: [0x0000000102ba8000,0x0000000102fa8000] _byte_map_base: 0x00000000fefa8000

Marking Bits (Prev, Next): (CMBitMap*) 0x000000014b82dc10, (CMBitMap*) 0x000000014b82dc50
 Prev Bits: [0x000000011abcc000, 0x000000011cbcc000)
 Next Bits: [0x000000011cbcc000, 0x000000011ebcc000)

Polling page: 0x00000001023c4000

Metaspace:

Usage:
  Non-class:      2.83 MB used.
      Class:    366.58 KB used.
       Both:      3.19 MB used.

Virtual space:
  Non-class space:        8.00 MB reserved,       2.88 MB ( 36%) committed,  1 nodes.
      Class space:        1.00 GB reserved,     448.00 KB ( <1%) committed,  1 nodes.
             Both:        1.01 GB reserved,       3.31 MB ( <1%) committed. 

Chunk freelists:
   Non-Class:  2.88 MB
       Class:  3.55 MB
        Both:  6.42 MB

MaxMetaspaceSize: unlimited
CompressedClassSpaceSize: 1.00 GB
Initial GC threshold: 21.00 MB
Current GC threshold: 21.00 MB
CDS: on
MetaspaceReclaimPolicy: balanced
 - commit_granule_bytes: 65536.
 - commit_granule_words: 8192.
 - virtual_space_node_default_size: 1048576.
 - enlarge_chunks_in_place: 1.
 - new_chunks_are_fully_committed: 0.
 - uncommit_free_chunks: 1.
 - use_allocation_guard: 0.
 - handle_deallocations: 1.


Internal statistics:

num_allocs_failed_limit: 0.
num_arena_births: 76.
num_arena_deaths: 0.
num_vsnodes_births: 2.
num_vsnodes_deaths: 0.
num_space_committed: 53.
num_space_uncommitted: 0.
num_chunks_returned_to_freelist: 0.
num_chunks_taken_from_freelist: 154.
num_chunk_merges: 0.
num_chunk_splits: 94.
num_chunks_enlarged: 68.
num_purges: 0.
num_inconsistent_stats: 0.

CodeHeap 'non-profiled nmethods': size=120032Kb used=200Kb max_used=200Kb free=119832Kb
 bounds [0x0000000113694000, 0x0000000113904000, 0x000000011abcc000]
CodeHeap 'profiled nmethods': size=120016Kb used=1054Kb max_used=1054Kb free=118961Kb
 bounds [0x000000010c160000, 0x000000010c3d0000, 0x0000000113694000]
CodeHeap 'non-nmethods': size=5712Kb used=1152Kb max_used=1179Kb free=4559Kb
 bounds [0x000000010bbcc000, 0x000000010be3c000, 0x000000010c160000]
 total_blobs=1118 nmethods=644 adapters=391
 compilation: enabled
              stopped_count=0, restarted_count=0
 full_count=0

Compilation events (20 events):
Event: 0.188 Thread 0x000000015b82fc00  654       4       sun.security.provider.MD5::implCompress0 (1407 bytes)
Event: 0.189 Thread 0x000000015b830200  656       3       java.util.zip.ZipFile$Source::getEntryNext (9 bytes)
Event: 0.189 Thread 0x000000015b830200 nmethod 656 0x000000010c263310 code [0x000000010c2634c0, 0x000000010c263628]
Event: 0.191 Thread 0x000000015b830200  657       3       java.io.FilterInputStream::read (9 bytes)
Event: 0.191 Thread 0x000000015b830200 nmethod 657 0x000000010c263710 code [0x000000010c2638c0, 0x000000010c263ad8]
Event: 0.192 Thread 0x000000015b830200  658       3       java.security.DigestInputStream::read (39 bytes)
Event: 0.192 Thread 0x000000015b830200 nmethod 658 0x000000010c263b90 code [0x000000010c263d40, 0x000000010c264108]
Event: 0.192 Thread 0x000000015b830200  659       3       sun.security.provider.DigestBase::engineUpdate (189 bytes)
Event: 0.192 Thread 0x000000015b830200 nmethod 659 0x000000010c264290 code [0x000000010c264580, 0x000000010c265228]
Event: 0.192 Thread 0x000000015b830200  660       3       java.security.MessageDigest::update (45 bytes)
Event: 0.192 Thread 0x000000015b830200 nmethod 660 0x000000010c265610 code [0x000000010c265800, 0x000000010c265d38]
Event: 0.193 Thread 0x000000015b830200  661       1       java.lang.invoke.InfoFromMemberName::getReferenceKind (5 bytes)
Event: 0.193 Thread 0x000000015b830200 nmethod 661 0x00000001136c4410 code [0x00000001136c4580, 0x00000001136c4668]
Event: 0.194 Thread 0x000000015b830200  664       3       jdk.internal.org.objectweb.asm.Label::resolve (219 bytes)
Event: 0.194 Thread 0x000000015b830200 nmethod 664 0x000000010c265f10 code [0x000000010c266100, 0x000000010c2666a8]
Event: 0.194 Thread 0x000000015b830200  665       3       jdk.internal.org.objectweb.asm.ByteVector::putByteArray (49 bytes)
Event: 0.194 Thread 0x000000015b830200 nmethod 665 0x000000010c266910 code [0x000000010c266ac0, 0x000000010c266dc8]
Event: 0.195 Thread 0x000000015b82fc00 nmethod 654 0x00000001136c4e10 code [0x00000001136c4fc0, 0x00000001136c5d80]
Event: 0.221 Thread 0x000000015b830200  666       3       sun.invoke.util.BytecodeDescriptor::unparseSig (49 bytes)
Event: 0.222 Thread 0x000000015b830200 nmethod 666 0x000000010c266f10 code [0x000000010c267180, 0x000000010c267798]

GC Heap History (0 events):
No events

Deoptimization events (10 events):
Event: 0.054 Thread 0x000000014b808a00 Uncommon trap: trap_request=0xffffff45 fr.pc=0x000000011369f01c relative=0x000000000000045c
Event: 0.054 Thread 0x000000014b808a00 Uncommon trap: reason=unstable_if action=reinterpret pc=0x000000011369f01c method=java.lang.StringLatin1.replace([BCC)Ljava/lang/String; @ 19 c2
Event: 0.054 Thread 0x000000014b808a00 DEOPT PACKING pc=0x000000011369f01c sp=0x000000016de4d8d0
Event: 0.054 Thread 0x000000014b808a00 DEOPT UNPACKING pc=0x000000010bc0ad1c sp=0x000000016de4d830 mode 2
Event: 0.116 Thread 0x000000014b809000 Uncommon trap: trap_request=0xffffff45 fr.pc=0x00000001136a6060 relative=0x0000000000000520
Event: 0.116 Thread 0x000000014b809000 Uncommon trap: reason=unstable_if action=reinterpret pc=0x00000001136a6060 method=jdk.internal.module.Checks.isJavaIdentifier(Ljava/lang/String;)Z @ 4 c2
Event: 0.116 Thread 0x000000014b809000 DEOPT PACKING pc=0x00000001136a6060 sp=0x0000000280829b40
Event: 0.116 Thread 0x000000014b809000 DEOPT UNPACKING pc=0x000000010bc0ad1c sp=0x0000000280829ad0 mode 2
Event: 0.133 Thread 0x000000014b809000 DEOPT PACKING pc=0x000000010c19319c sp=0x0000000280825570
Event: 0.133 Thread 0x000000014b809000 DEOPT UNPACKING pc=0x000000010bc0ab7c sp=0x00000002808251e0 mode 0

Classes unloaded (0 events):
No events

Classes redefined (0 events):
No events

Internal exceptions (8 events):
Event: 0.050 Thread 0x000000014b808a00 Exception <a 'java/lang/NoSuchMethodError'{0x0000000787e79db8}: 'void java.lang.invoke.DirectMethodHandle$Holder.invokeVirtual(java.lang.Object, java.lang.Object)'> (0x0000000787e79db8) 
thrown [open/src/hotspot/share/interpreter/linkResolver.cpp, line 766]
Event: 0.077 Thread 0x000000014b8a0200 Exception <a 'java/lang/NoSuchMethodError'{0x0000000787ceeea8}: 'java.lang.Object java.lang.invoke.DirectMethodHandle$Holder.invokeStaticInit(java.lang.Object)'> (0x0000000787ceeea8) 
thrown [open/src/hotspot/share/interpreter/linkResolver.cpp, line 766]
Event: 0.079 Thread 0x000000014b8a0200 Exception <a 'java/lang/ClassNotFoundException'{0x0000000787cf9e30}: jdk/net/ExtendedSocketOptions> (0x0000000787cf9e30) 
thrown [open/src/hotspot/share/classfile/systemDictionary.cpp, line 256]
Event: 0.080 Thread 0x000000014b808a00 Exception <a 'java/lang/NoSuchMethodError'{0x0000000787b64ad8}: 'void java.lang.invoke.DirectMethodHandle$Holder.invokeStatic(java.lang.Object, java.lang.Object)'> (0x0000000787b64ad8) 
thrown [open/src/hotspot/share/interpreter/linkResolver.cpp, line 766]
Event: 0.080 Thread 0x000000014b8a0200 Exception <a 'java/lang/NoSuchMethodError'{0x0000000787cfb670}: 'void java.lang.invoke.DirectMethodHandle$Holder.invokeStatic(java.lang.Object, java.lang.Object)'> (0x0000000787cfb670) 
thrown [open/src/hotspot/share/interpreter/linkResolver.cpp, line 766]
Event: 0.101 Thread 0x000000014b808a00 Exception <a 'java/lang/NoSuchMethodError'{0x0000000787833e18}: 'void java.lang.invoke.DirectMethodHandle$Holder.invokeSpecial(java.lang.Object, java.lang.Object, java.lang.Object)'> (0x0000000787833e18) 
thrown [open/src/hotspot/share/interpreter/linkResolver.cpp, line 766]
Event: 0.106 Thread 0x000000014b808a00 Exception <a 'java/lang/NoSuchMethodError'{0x000000078786fff0}: 'void java.lang.invoke.DirectMethodHandle$Holder.invokeStatic(java.lang.Object, java.lang.Object, java.lang.Object)'> (0x000000078786fff0) 
thrown [open/src/hotspot/share/interpreter/linkResolver.cpp, line 766]
Event: 0.181 Thread 0x000000014b808a00 Exception <a 'java/lang/NoSuchMethodError'{0x000000078760a728}: 'int java.lang.invoke.DirectMethodHandle$Holder.invokeStaticInit(java.lang.Object, java.lang.Object, java.lang.Object)'> (0x000000078760a728) 
thrown [open/src/hotspot/share/interpreter/linkResolver.cpp, line 766]

VM Operations (6 events):
Event: 0.065 Executing VM operation: HandshakeAllThreads
Event: 0.065 Executing VM operation: HandshakeAllThreads done
Event: 0.065 Executing VM operation: HandshakeAllThreads
Event: 0.065 Executing VM operation: HandshakeAllThreads done
Event: 0.077 Executing VM operation: HandshakeAllThreads
Event: 0.077 Executing VM operation: HandshakeAllThreads done

Events (20 events):
Event: 0.179 loading class java/util/concurrent/locks/AbstractQueuedSynchronizer$ConditionNode
Event: 0.179 loading class java/util/concurrent/ForkJoinPool$ManagedBlocker
Event: 0.179 loading class java/util/concurrent/ForkJoinPool$ManagedBlocker done
Event: 0.179 loading class java/util/concurrent/locks/AbstractQueuedSynchronizer$ConditionNode done
Event: 0.185 Loading shared library /Users/heliya/.m2/repository/org/openjfx/javafx-graphics/17.0.1/libglass.dylib failed, dlopen(/Users/heliya/.m2/repository/org/openjfx/javafx-graphics/17.0.1/libglass.dylib, 0x0001): tried: '/Users/heliya/.m2/repository/org/openjfx/
Event: 0.192 Loaded shared library /Users/heliya/.openjfx/cache/17.0.1/libglass.dylib
Event: 0.193 loading class java/util/concurrent/BlockingDeque
Event: 0.193 loading class java/util/concurrent/BlockingDeque done
Event: 0.193 loading class java/util/concurrent/LinkedBlockingDeque
Event: 0.193 loading class java/util/concurrent/LinkedBlockingDeque done
Event: 0.193 Thread 0x000000014b8e5e00 Thread added: 0x000000014b8e5e00
Event: 0.193 Protecting memory [0x0000000280834000,0x0000000280840000] with protection modes 0
Event: 0.194 Protecting memory [0x000000016d3c4000,0x000000016d3d0000] with protection modes 0
Event: 0.194 Thread 0x000000014b8e3c00 Thread added: 0x000000014b8e3c00
Event: 0.221 Thread 0x000000015b906a00 Thread added: 0x000000015b906a00
Event: 0.221 Protecting memory [0x0000000280a40000,0x0000000280a4c000] with protection modes 0
Event: 0.248 loading class java/util/concurrent/LinkedBlockingDeque$Node
Event: 0.248 loading class java/util/concurrent/LinkedBlockingDeque$Node done
Event: 0.248 Protecting memory [0x0000000280a40000,0x0000000280a4c000] with protection modes 3
Event: 0.248 Thread 0x000000015b906a00 Thread exited: 0x000000015b906a00


Dynamic libraries:
0x0000000102374000 	/Users/heliya/Library/Java/JavaVirtualMachines/openjdk-17.0.2/Contents/Home/lib/libjli.dylib
0x00000001c90f5000 	/usr/lib/libz.1.dylib
0x00000001c91a5000 	/usr/lib/libSystem.B.dylib
0x00000001c919f000 	/usr/lib/system/libcache.dylib
0x00000001c915d000 	/usr/lib/system/libcommonCrypto.dylib
0x00000001c9186000 	/usr/lib/system/libcompiler_rt.dylib
0x00000001c917d000 	/usr/lib/system/libcopyfile.dylib
0x00000001be4de000 	/usr/lib/system/libcorecrypto.dylib
0x00000001be583000 	/usr/lib/system/libdispatch.dylib
0x00000001be74b000 	/usr/lib/system/libdyld.dylib
0x00000001c9195000 	/usr/lib/system/libkeymgr.dylib
0x00000001c913f000 	/usr/lib/system/libmacho.dylib
0x00000001c883f000 	/usr/lib/system/libquarantine.dylib
0x00000001c9192000 	/usr/lib/system/libremovefile.dylib
0x00000001c38dd000 	/usr/lib/system/libsystem_asl.dylib
0x00000001be488000 	/usr/lib/system/libsystem_blocks.dylib
0x00000001be609000 	/usr/lib/system/libsystem_c.dylib
0x00000001c918a000 	/usr/lib/system/libsystem_collections.dylib
0x00000001c7cfe000 	/usr/lib/system/libsystem_configuration.dylib
0x00000001c6f82000 	/usr/lib/system/libsystem_containermanager.dylib
0x00000001c8ea6000 	/usr/lib/system/libsystem_coreservices.dylib
0x00000001c0e6f000 	/usr/lib/system/libsystem_darwin.dylib
0x00000001c9196000 	/usr/lib/system/libsystem_dnssd.dylib
0x00000001be606000 	/usr/lib/system/libsystem_featureflags.dylib
0x00000001be760000 	/usr/lib/system/libsystem_info.dylib
0x00000001c9107000 	/usr/lib/system/libsystem_m.dylib
0x00000001be558000 	/usr/lib/system/libsystem_malloc.dylib
0x00000001c386e000 	/usr/lib/system/libsystem_networkextension.dylib
0x00000001c12c3000 	/usr/lib/system/libsystem_notify.dylib
0x00000001cf3a9000 	/usr/lib/system/libsystem_product_info_filter.dylib
0x00000001c7d03000 	/usr/lib/system/libsystem_sandbox.dylib
0x00000001c918f000 	/usr/lib/system/libsystem_secinit.dylib
0x00000001be708000 	/usr/lib/system/libsystem_kernel.dylib
0x00000001be758000 	/usr/lib/system/libsystem_platform.dylib
0x00000001be73e000 	/usr/lib/system/libsystem_pthread.dylib
0x00000001c501a000 	/usr/lib/system/libsystem_symptoms.dylib
0x00000001be4c4000 	/usr/lib/system/libsystem_trace.dylib
0x00000001c916a000 	/usr/lib/system/libunwind.dylib
0x00000001be48a000 	/usr/lib/system/libxpc.dylib
0x00000001be6ee000 	/usr/lib/libc++abi.dylib
0x00000001be5ca000 	/usr/lib/libobjc.A.dylib
0x00000001c9175000 	/usr/lib/liboah.dylib
0x00000001be68a000 	/usr/lib/libc++.1.dylib
0x00000001d4daa000 	/System/Library/Frameworks/Cocoa.framework/Versions/A/Cocoa
0x00000001c1323000 	/System/Library/Frameworks/AppKit.framework/Versions/C/AppKit
0x00000001c4859000 	/System/Library/Frameworks/CoreData.framework/Versions/A/CoreData
0x00000001bf680000 	/System/Library/Frameworks/Foundation.framework/Versions/C/Foundation
0x00000001c21da000 	/System/Library/PrivateFrameworks/UIFoundation.framework/Versions/A/UIFoundation
0x00000001cf0a3000 	/System/Library/PrivateFrameworks/RemoteViewServices.framework/Versions/A/RemoteViewServices
0x00000001c76bc000 	/System/Library/PrivateFrameworks/XCTTargetBootstrap.framework/Versions/A/XCTTargetBootstrap
0x00000001caea6000 	/System/Library/PrivateFrameworks/InternationalSupport.framework/Versions/A/InternationalSupport
0x00000001caf2f000 	/System/Library/PrivateFrameworks/UserActivity.framework/Versions/A/UserActivity
0x00000001ca3d4000 	/usr/lib/libspindump.dylib
0x00000001c244a000 	/System/Library/Frameworks/UniformTypeIdentifiers.framework/Versions/A/UniformTypeIdentifiers
0x00000001c5c49000 	/usr/lib/libapp_launch_measurement.dylib
0x00000001c51c1000 	/System/Library/PrivateFrameworks/CoreAnalytics.framework/Versions/A/CoreAnalytics
0x00000001c5c4c000 	/System/Library/PrivateFrameworks/CoreAutoLayout.framework/Versions/A/CoreAutoLayout
0x00000001c6fbf000 	/System/Library/Frameworks/Metal.framework/Versions/A/Metal
0x00000001c7d0e000 	/usr/lib/liblangid.dylib
0x00000001c76c0000 	/System/Library/PrivateFrameworks/CoreSVG.framework/Versions/A/CoreSVG
0x00000001c3911000 	/System/Library/PrivateFrameworks/SkyLight.framework/Versions/A/SkyLight
0x00000001c3cde000 	/System/Library/Frameworks/CoreGraphics.framework/Versions/A/CoreGraphics
0x00000001cf721000 	/System/Library/Frameworks/Accelerate.framework/Versions/A/Accelerate
0x00000001c9e48000 	/System/Library/PrivateFrameworks/IconServices.framework/Versions/A/IconServices
0x00000001c6fa1000 	/System/Library/Frameworks/IOSurface.framework/Versions/A/IOSurface
0x00000001c51f1000 	/usr/lib/libDiagnosticMessagesClient.dylib
0x00000001d2b6a000 	/System/Library/Frameworks/ApplicationServices.framework/Versions/A/ApplicationServices
0x00000001c76a4000 	/System/Library/PrivateFrameworks/DFRFoundation.framework/Versions/A/DFRFoundation
0x00000001c0bc4000 	/usr/lib/libicucore.A.dylib
0x00000001cbca7000 	/System/Library/Frameworks/AudioToolbox.framework/Versions/A/AudioToolbox
0x00000001caeb2000 	/System/Library/PrivateFrameworks/DataDetectorsCore.framework/Versions/A/DataDetectorsCore
0x00000001e1000000 	/System/Library/PrivateFrameworks/TextInput.framework/Versions/A/TextInput
0x00000001c3888000 	/usr/lib/libMobileGestalt.dylib
0x00000001c7374000 	/System/Library/Frameworks/Carbon.framework/Versions/A/Frameworks/HIToolbox.framework/Versions/A/HIToolbox
0x00000001c5652000 	/System/Library/Frameworks/QuartzCore.framework/Versions/A/QuartzCore
0x00000001c0841000 	/System/Library/Frameworks/Security.framework/Versions/A/Security
0x00000001cf0e3000 	/System/Library/Frameworks/Carbon.framework/Versions/A/Frameworks/SpeechRecognition.framework/Versions/A/SpeechRecognition
0x00000001c59a0000 	/System/Library/PrivateFrameworks/CoreUI.framework/Versions/A/CoreUI
0x00000001c0112000 	/System/Library/Frameworks/CoreAudio.framework/Versions/A/CoreAudio
0x00000001c52e5000 	/System/Library/Frameworks/DiskArbitration.framework/Versions/A/DiskArbitration
0x00000001ca7b9000 	/System/Library/PrivateFrameworks/MultitouchSupport.framework/Versions/A/MultitouchSupport
0x00000001c3886000 	/usr/lib/libenergytrace.dylib
0x00000001c11ed000 	/System/Library/Frameworks/IOKit.framework/Versions/A/IOKit
0x00000001cf4cc000 	/System/Library/Frameworks/CoreServices.framework/Versions/A/CoreServices
0x00000001c5bd9000 	/System/Library/PrivateFrameworks/PerformanceAnalysis.framework/Versions/A/PerformanceAnalysis
0x000000021fbad000 	/System/Library/Frameworks/OpenGL.framework/Versions/A/OpenGL
0x00000001c875f000 	/System/Library/PrivateFrameworks/MobileKeyBag.framework/Versions/A/MobileKeyBag
0x00000001c42ee000 	/System/Library/Frameworks/ColorSync.framework/Versions/A/ColorSync
0x00000001be78c000 	/System/Library/Frameworks/CoreFoundation.framework/Versions/A/CoreFoundation
0x00000001c7941000 	/System/Library/Frameworks/CoreImage.framework/Versions/A/CoreImage
0x00000001bff35000 	/System/Library/Frameworks/CoreText.framework/Versions/A/CoreText
0x00000001c76f0000 	/System/Library/Frameworks/ImageIO.framework/Versions/A/ImageIO
0x00000001c91ab000 	/System/Library/PrivateFrameworks/SoftLinking.framework/Versions/A/SoftLinking
0x00000001c5c96000 	/usr/lib/libxml2.2.dylib
0x00000001c9444000 	/usr/lib/libcompression.dylib
0x00000001cadff000 	/System/Library/PrivateFrameworks/TextureIO.framework/Versions/A/TextureIO
0x00000001c9b62000 	/usr/lib/libate.dylib
0x00000001c9a2a000 	/usr/lib/liblzma.5.dylib
0x00000001bf374000 	/System/Library/Frameworks/SystemConfiguration.framework/Versions/A/SystemConfiguration
0x00000001c91a7000 	/usr/lib/libfakelink.dylib
0x00000001c33b5000 	/System/Library/Frameworks/CFNetwork.framework/Versions/A/CFNetwork
0x00000001c92ee000 	/usr/lib/libarchive.2.dylib
0x00000001c7d0a000 	/System/Library/PrivateFrameworks/AppleSystemInfo.framework/Versions/A/AppleSystemInfo
0x00000001c886a000 	/usr/lib/libbsm.0.dylib
0x00000001c28ed000 	/usr/lib/libnetwork.dylib
0x00000001c9145000 	/usr/lib/system/libkxld.dylib
0x00000001c8481000 	/System/Library/PrivateFrameworks/IOMobileFramebuffer.framework/Versions/A/IOMobileFramebuffer
0x000000023b9de000 	/usr/lib/libCoreEntitlements.dylib
0x00000001c8e88000 	/System/Library/PrivateFrameworks/AppleFSCompression.framework/Versions/A/AppleFSCompression
0x00000001c8852000 	/usr/lib/libcoretls.dylib
0x00000001c9a43000 	/usr/lib/libcoretls_cfhelpers.dylib
0x00000001c943f000 	/usr/lib/libpam.2.dylib
0x00000001c4c42000 	/usr/lib/libsqlite3.dylib
0x00000001c9aab000 	/usr/lib/libxar.1.dylib
0x00000001c8e99000 	/usr/lib/libbz2.1.0.dylib
0x00000001c91ac000 	/usr/lib/libpcap.A.dylib
0x00000001c5011000 	/usr/lib/libdns_services.dylib
0x00000001c9412000 	/usr/lib/libapple_nghttp2.dylib
0x00000001c91e9000 	/usr/lib/libiconv.2.dylib
0x00000001c913e000 	/usr/lib/libcharset.1.dylib
0x00000001c5c15000 	/System/Library/Frameworks/CoreServices.framework/Versions/A/Frameworks/FSEvents.framework/Versions/A/FSEvents
0x00000001c0e7a000 	/System/Library/Frameworks/CoreServices.framework/Versions/A/Frameworks/CarbonCore.framework/Versions/A/CarbonCore
0x00000001c5248000 	/System/Library/Frameworks/CoreServices.framework/Versions/A/Frameworks/Metadata.framework/Versions/A/Metadata
0x00000001c8eac000 	/System/Library/Frameworks/CoreServices.framework/Versions/A/Frameworks/OSServices.framework/Versions/A/OSServices
0x00000001c9374000 	/System/Library/Frameworks/CoreServices.framework/Versions/A/Frameworks/SearchKit.framework/Versions/A/SearchKit
0x00000001c4f9f000 	/System/Library/Frameworks/CoreServices.framework/Versions/A/Frameworks/AE.framework/Versions/A/AE
0x00000001becd0000 	/System/Library/Frameworks/CoreServices.framework/Versions/A/Frameworks/LaunchServices.framework/Versions/A/LaunchServices
0x00000001c99d3000 	/System/Library/Frameworks/CoreServices.framework/Versions/A/Frameworks/DictionaryServices.framework/Versions/A/DictionaryServices
0x00000001c5c22000 	/System/Library/Frameworks/CoreServices.framework/Versions/A/Frameworks/SharedFileList.framework/Versions/A/SharedFileList
0x00000001c8842000 	/usr/lib/libCheckFix.dylib
0x00000001c38f5000 	/System/Library/PrivateFrameworks/TCC.framework/Versions/A/TCC
0x00000001c7d10000 	/System/Library/PrivateFrameworks/CoreNLP.framework/Versions/A/CoreNLP
0x00000001c51f4000 	/System/Library/PrivateFrameworks/MetadataUtilities.framework/Versions/A/MetadataUtilities
0x00000001bf42d000 	/usr/lib/libmecabra.dylib
0x00000001c887b000 	/usr/lib/libmecab.dylib
0x00000001bf3f9000 	/usr/lib/libCRFSuite.dylib
0x00000001c88d9000 	/usr/lib/libgermantok.dylib
0x00000001c93eb000 	/usr/lib/libThaiTokenizer.dylib
0x00000001c52ed000 	/System/Library/Frameworks/Accelerate.framework/Versions/A/Frameworks/vImage.framework/Versions/A/vImage
0x00000001cf4a3000 	/System/Library/Frameworks/Accelerate.framework/Versions/A/Frameworks/vecLib.framework/Versions/A/vecLib
0x00000001c9aef000 	/System/Library/Frameworks/Accelerate.framework/Versions/A/Frameworks/vecLib.framework/Versions/A/libvMisc.dylib
0x00000001c838b000 	/System/Library/Frameworks/Accelerate.framework/Versions/A/Frameworks/vecLib.framework/Versions/A/libvDSP.dylib
0x00000001bf053000 	/System/Library/Frameworks/Accelerate.framework/Versions/A/Frameworks/vecLib.framework/Versions/A/libBLAS.dylib
0x00000001c9513000 	/System/Library/Frameworks/Accelerate.framework/Versions/A/Frameworks/vecLib.framework/Versions/A/libLAPACK.dylib
0x00000001c88dc000 	/System/Library/Frameworks/Accelerate.framework/Versions/A/Frameworks/vecLib.framework/Versions/A/libLinearAlgebra.dylib
0x00000001c942a000 	/System/Library/Frameworks/Accelerate.framework/Versions/A/Frameworks/vecLib.framework/Versions/A/libSparseBLAS.dylib
0x00000001c950e000 	/System/Library/Frameworks/Accelerate.framework/Versions/A/Frameworks/vecLib.framework/Versions/A/libQuadrature.dylib
0x00000001c7e07000 	/System/Library/Frameworks/Accelerate.framework/Versions/A/Frameworks/vecLib.framework/Versions/A/libBNNS.dylib
0x00000001bf311000 	/System/Library/Frameworks/Accelerate.framework/Versions/A/Frameworks/vecLib.framework/Versions/A/libSparse.dylib
0x00000001c7dff000 	/System/Library/PrivateFrameworks/LinguisticData.framework/Versions/A/LinguisticData
0x00000001bf2c7000 	/System/Library/PrivateFrameworks/Lexicon.framework/Versions/A/Lexicon
0x00000001c9ae7000 	/usr/lib/libChineseTokenizer.dylib
0x00000001bfa6e000 	/System/Library/PrivateFrameworks/LanguageModeling.framework/Versions/A/LanguageModeling
0x00000001c93ed000 	/System/Library/PrivateFrameworks/AppleSauce.framework/Versions/A/AppleSauce
0x00000001c846e000 	/System/Library/PrivateFrameworks/CoreEmoji.framework/Versions/A/CoreEmoji
0x00000001c92dc000 	/usr/lib/libcmph.dylib
0x00000001c5bf5000 	/System/Library/Frameworks/OpenDirectory.framework/Versions/A/Frameworks/CFOpenDirectory.framework/Versions/A/CFOpenDirectory
0x00000001c5be5000 	/System/Library/Frameworks/OpenDirectory.framework/Versions/A/OpenDirectory
0x00000001c9a45000 	/System/Library/PrivateFrameworks/APFS.framework/Versions/A/APFS
0x00000001c879a000 	/System/Library/Frameworks/SecurityFoundation.framework/Versions/A/SecurityFoundation
0x00000001c9ab9000 	/usr/lib/libutil.dylib
0x00000001c11af000 	/System/Library/PrivateFrameworks/CoreServicesStore.framework/Versions/A/CoreServicesStore
0x00000001c9abd000 	/usr/lib/libxslt.1.dylib
0x00000001c882e000 	/System/Library/PrivateFrameworks/BackgroundTaskManagement.framework/Versions/A/BackgroundTaskManagement
0x00000001cad20000 	/System/Library/Frameworks/ImageIO.framework/Versions/A/Resources/libRadiance.dylib
0x00000001cad29000 	/System/Library/Frameworks/ImageIO.framework/Versions/A/Resources/libJPEG.dylib
0x00000001cac7b000 	/System/Library/Frameworks/ImageIO.framework/Versions/A/Resources/libPng.dylib
0x00000001cac9d000 	/System/Library/Frameworks/ImageIO.framework/Versions/A/Resources/libTIFF.dylib
0x00000001cad84000 	/System/Library/Frameworks/ImageIO.framework/Versions/A/Resources/libGIF.dylib
0x00000001ca6c9000 	/System/Library/Frameworks/ImageIO.framework/Versions/A/Resources/libJP2.dylib
0x00000001c9e0e000 	/usr/lib/libexpat.1.dylib
0x00000001ca684000 	/System/Library/PrivateFrameworks/AppleJPEG.framework/Versions/A/AppleJPEG
0x00000001c7233000 	/System/Library/PrivateFrameworks/FontServices.framework/libFontParser.dylib
0x00000001c4f44000 	/System/Library/PrivateFrameworks/RunningBoardServices.framework/Versions/A/RunningBoardServices
0x00000001d5420000 	/System/Library/PrivateFrameworks/IOSurfaceAccelerator.framework/Versions/A/IOSurfaceAccelerator
0x00000001ca7b5000 	/System/Library/PrivateFrameworks/WatchdogClient.framework/Versions/A/WatchdogClient
0x00000001bfb72000 	/System/Library/Frameworks/CoreDisplay.framework/Versions/A/CoreDisplay
0x00000001c7121000 	/System/Library/Frameworks/CoreMedia.framework/Versions/A/CoreMedia
0x00000001c6fb5000 	/System/Library/PrivateFrameworks/IOAccelerator.framework/Versions/A/IOAccelerator
0x00000001c5d83000 	/System/Library/Frameworks/CoreVideo.framework/Versions/A/CoreVideo
0x00000001c943d000 	/System/Library/Frameworks/MetalPerformanceShaders.framework/Versions/A/MetalPerformanceShaders
0x00000001ca7f2000 	/System/Library/Frameworks/VideoToolbox.framework/Versions/A/VideoToolbox
0x00000001c4e88000 	/System/Library/PrivateFrameworks/BaseBoard.framework/Versions/A/BaseBoard
0x00000001c4c27000 	/System/Library/PrivateFrameworks/ProtocolBuffer.framework/Versions/A/ProtocolBuffer
0x00000001cad1b000 	/System/Library/PrivateFrameworks/GPUWrangler.framework/Versions/A/GPUWrangler
0x00000001cacfa000 	/System/Library/PrivateFrameworks/IOPresentment.framework/Versions/A/IOPresentment
0x00000001cad23000 	/System/Library/PrivateFrameworks/DSExternalDisplay.framework/Versions/A/DSExternalDisplay
0x000000021fba0000 	/System/Library/Frameworks/OpenGL.framework/Versions/A/Libraries/libCoreFSCache.dylib
0x000000022938b000 	/System/Library/PrivateFrameworks/GPUCompiler.framework/Versions/31001/Libraries/libGPUCompilerUtils.dylib
0x00000001cad89000 	/System/Library/PrivateFrameworks/CMCaptureCore.framework/Versions/A/CMCaptureCore
0x00000001ca3c2000 	/System/Library/PrivateFrameworks/AppServerSupport.framework/Versions/A/AppServerSupport
0x00000001cc562000 	/System/Library/PrivateFrameworks/perfdata.framework/Versions/A/perfdata
0x00000001bfc92000 	/System/Library/PrivateFrameworks/AudioToolboxCore.framework/Versions/A/AudioToolboxCore
0x00000001c70f9000 	/System/Library/PrivateFrameworks/caulk.framework/Versions/A/caulk
0x00000001cbe57000 	/usr/lib/libAudioStatistics.dylib
0x00000001dd774000 	/System/Library/PrivateFrameworks/SystemPolicy.framework/Versions/A/SystemPolicy
0x00000001cc0b7000 	/usr/lib/libSMC.dylib
0x00000001d4c8c000 	/System/Library/Frameworks/CoreMIDI.framework/Versions/A/CoreMIDI
0x00000001cac49000 	/usr/lib/libAudioToolboxUtility.dylib
0x00000001d9ba1000 	/System/Library/PrivateFrameworks/OSAServicesClient.framework/Versions/A/OSAServicesClient
0x00000001cc56f000 	/usr/lib/libperfcheck.dylib
0x00000001de27b000 	/usr/lib/libmis.dylib
0x000000021fc01000 	/System/Library/Frameworks/OpenGL.framework/Versions/A/Libraries/libGLU.dylib
0x000000021fbc0000 	/System/Library/Frameworks/OpenGL.framework/Versions/A/Libraries/libGFXShared.dylib
0x000000021fdaa000 	/System/Library/Frameworks/OpenGL.framework/Versions/A/Libraries/libGL.dylib
0x000000021fbc9000 	/System/Library/Frameworks/OpenGL.framework/Versions/A/Libraries/libGLImage.dylib
0x000000021fbbd000 	/System/Library/Frameworks/OpenGL.framework/Versions/A/Libraries/libCVMSPluginSupport.dylib
0x000000021fba7000 	/System/Library/Frameworks/OpenGL.framework/Versions/A/Libraries/libCoreVMClient.dylib
0x00000001c7c8b000 	/System/Library/Frameworks/MetalPerformanceShaders.framework/Versions/A/Frameworks/MPSCore.framework/Versions/A/MPSCore
0x00000001c8dfb000 	/System/Library/Frameworks/MetalPerformanceShaders.framework/Versions/A/Frameworks/MPSImage.framework/Versions/A/MPSImage
0x00000001c88f1000 	/System/Library/Frameworks/MetalPerformanceShaders.framework/Versions/A/Frameworks/MPSNeuralNetwork.framework/Versions/A/MPSNeuralNetwork
0x00000001c8d2e000 	/System/Library/Frameworks/MetalPerformanceShaders.framework/Versions/A/Frameworks/MPSMatrix.framework/Versions/A/MPSMatrix
0x00000001c8b09000 	/System/Library/Frameworks/MetalPerformanceShaders.framework/Versions/A/Frameworks/MPSRayIntersector.framework/Versions/A/MPSRayIntersector
0x00000001c8d5f000 	/System/Library/Frameworks/MetalPerformanceShaders.framework/Versions/A/Frameworks/MPSNDArray.framework/Versions/A/MPSNDArray
0x00000002218d8000 	/System/Library/Frameworks/MetalPerformanceShaders.framework/Versions/A/Frameworks/MPSFunctions.framework/Versions/A/MPSFunctions
0x00000001bef31000 	/System/Library/PrivateFrameworks/MetalTools.framework/Versions/A/MetalTools
0x00000001c7d08000 	/System/Library/PrivateFrameworks/AggregateDictionary.framework/Versions/A/AggregateDictionary
0x00000001c9bf4000 	/usr/lib/libIOReport.dylib
0x00000001d3c73000 	/System/Library/PrivateFrameworks/ASEProcessing.framework/Versions/A/ASEProcessing
0x00000001c9f67000 	/System/Library/PrivateFrameworks/FaceCore.framework/Versions/A/FaceCore
0x00000001c9f59000 	/System/Library/PrivateFrameworks/GraphVisualizer.framework/Versions/A/GraphVisualizer
0x00000002292a2000 	/System/Library/PrivateFrameworks/FontServices.framework/Versions/A/FontServices
0x00000001ca37c000 	/System/Library/PrivateFrameworks/OTSVG.framework/Versions/A/OTSVG
0x00000001c5951000 	/System/Library/Frameworks/ApplicationServices.framework/Versions/A/Frameworks/ATS.framework/Versions/A/Resources/libFontRegistry.dylib
0x00000001ca3cb000 	/System/Library/PrivateFrameworks/FontServices.framework/libhvf.dylib
0x00000002292a3000 	/System/Library/PrivateFrameworks/FontServices.framework/libXTFontStaticRegistryData.dylib
0x000000021ff4c000 	/System/Library/Frameworks/OpenCL.framework/Versions/A/OpenCL
0x00000001c9dc2000 	/System/Library/PrivateFrameworks/AppleVA.framework/Versions/A/AppleVA
0x00000001cbe7f000 	/System/Library/Frameworks/ApplicationServices.framework/Versions/A/Frameworks/ATS.framework/Versions/A/ATS
0x00000001c43eb000 	/System/Library/Frameworks/ApplicationServices.framework/Versions/A/Frameworks/HIServices.framework/Versions/A/HIServices
0x00000001cad93000 	/System/Library/Frameworks/ApplicationServices.framework/Versions/A/Frameworks/PrintCore.framework/Versions/A/PrintCore
0x00000001cc20a000 	/System/Library/Frameworks/ApplicationServices.framework/Versions/A/Frameworks/QD.framework/Versions/A/QD
0x00000001cc202000 	/System/Library/Frameworks/ApplicationServices.framework/Versions/A/Frameworks/ColorSyncLegacy.framework/Versions/A/ColorSyncLegacy
0x00000001cbe6b000 	/System/Library/Frameworks/ApplicationServices.framework/Versions/A/Frameworks/SpeechSynthesis.framework/Versions/A/SpeechSynthesis
0x00000001cad54000 	/System/Library/Frameworks/ApplicationServices.framework/Versions/A/Frameworks/ATSUI.framework/Versions/A/ATSUI
0x00000001cc197000 	/usr/lib/libcups.2.dylib
0x00000001cc57d000 	/System/Library/Frameworks/Kerberos.framework/Versions/A/Kerberos
0x00000001cc58e000 	/System/Library/Frameworks/GSS.framework/Versions/A/GSS
0x00000001cbeee000 	/usr/lib/libresolv.9.dylib
0x00000001ca3d9000 	/System/Library/PrivateFrameworks/Heimdal.framework/Versions/A/Heimdal
0x00000001d2ee2000 	/System/Library/Frameworks/Kerberos.framework/Versions/A/Libraries/libHeimdalProxy.dylib
0x00000001c5023000 	/System/Library/Frameworks/Network.framework/Versions/A/Network
0x00000001c9e29000 	/usr/lib/libheimdal-asn1.dylib
0x00000001cc5d4000 	/System/Library/PrivateFrameworks/CommonAuth.framework/Versions/A/CommonAuth
0x00000001cbde5000 	/System/Library/PrivateFrameworks/AudioSession.framework/Versions/A/AudioSession
0x00000001c9eba000 	/System/Library/PrivateFrameworks/MediaExperience.framework/Versions/A/MediaExperience
0x00000001cbc6d000 	/System/Library/PrivateFrameworks/AudioSession.framework/libSessionUtility.dylib
0x00000001cc216000 	/System/Library/PrivateFrameworks/AudioResourceArbitration.framework/Versions/A/AudioResourceArbitration
0x00000001d0321000 	/System/Library/PrivateFrameworks/PowerLog.framework/Versions/A/PowerLog
0x00000001c9e32000 	/System/Library/PrivateFrameworks/IconFoundation.framework/Versions/A/IconFoundation
0x00000001cf0cf000 	/System/Library/PrivateFrameworks/SpeechRecognitionCore.framework/Versions/A/SpeechRecognitionCore
0x00000001034dc000 	/Users/heliya/Library/Java/JavaVirtualMachines/openjdk-17.0.2/Contents/Home/lib/server/libjvm.dylib
0x00000001023d8000 	/Users/heliya/Library/Java/JavaVirtualMachines/openjdk-17.0.2/Contents/Home/lib/libjimage.dylib
0x0000000102404000 	/Users/heliya/Library/Java/JavaVirtualMachines/openjdk-17.0.2/Contents/Home/lib/libinstrument.dylib
0x0000000102450000 	/Users/heliya/Library/Java/JavaVirtualMachines/openjdk-17.0.2/Contents/Home/lib/libjava.dylib
0x00000001024c4000 	/Users/heliya/Library/Java/JavaVirtualMachines/openjdk-17.0.2/Contents/Home/lib/libnio.dylib
0x00000001024e4000 	/Users/heliya/Library/Java/JavaVirtualMachines/openjdk-17.0.2/Contents/Home/lib/libnet.dylib
0x0000000102438000 	/Users/heliya/Library/Java/JavaVirtualMachines/openjdk-17.0.2/Contents/Home/lib/libzip.dylib
0x0000000103410000 	/Users/heliya/.openjfx/cache/17.0.1/libprism_es2.dylib
0x00000001c1172000 	/System/Library/PrivateFrameworks/CoreServicesInternal.framework/Versions/A/CoreServicesInternal
0x000000021fdb4000 	/System/Library/Frameworks/OpenGL.framework/Versions/A/Resources/GLEngine.bundle/GLEngine
0x000000021fc3b000 	/System/Library/Frameworks/OpenGL.framework/Versions/A/Libraries/libGLProgrammability.dylib
0x00000001237b4000 	/System/Library/Extensions/AppleMetalOpenGLRenderer.bundle/Contents/MacOS/AppleMetalOpenGLRenderer
0x000000021ff23000 	/System/Library/Frameworks/OpenGL.framework/Versions/A/Resources/GLRendererFloat.bundle/GLRendererFloat
0x000000021ffc4000 	/System/Library/Extensions/AGXMetal13_3.bundle/Contents/MacOS/AGXMetal13_3
0x00000001de297000 	/System/Library/PrivateFrameworks/GPURawCounter.framework/Versions/A/GPURawCounter
0x00000001d8d25000 	/System/Library/PrivateFrameworks/IOGPU.framework/Versions/A/IOGPU
0x000000012384c000 	/Users/heliya/.openjfx/cache/17.0.1/libglass.dylib
0x00000001d0575000 	/System/Library/Frameworks/FileProvider.framework/Versions/A/FileProvider
0x00000001c4df0000 	/System/Library/Frameworks/Accounts.framework/Versions/A/Accounts
0x00000001d06f5000 	/System/Library/PrivateFrameworks/GenerationalStorage.framework/Versions/A/GenerationalStorage
0x00000001d12ab000 	/System/Library/PrivateFrameworks/CoreSymbolication.framework/Versions/A/CoreSymbolication
0x00000001d0315000 	/System/Library/PrivateFrameworks/SymptomDiagnosticReporter.framework/Versions/A/SymptomDiagnosticReporter
0x00000001c245e000 	/System/Library/PrivateFrameworks/DesktopServicesPriv.framework/Versions/A/DesktopServicesPriv
0x00000001c12d2000 	/usr/lib/libsandbox.1.dylib
0x00000001c5e10000 	/System/Library/PrivateFrameworks/UserManagement.framework/Versions/A/UserManagement
0x00000001d126c000 	/System/Library/PrivateFrameworks/DebugSymbols.framework/Versions/A/DebugSymbols
0x00000001cc1f5000 	/System/Library/PrivateFrameworks/NetAuth.framework/Versions/A/NetAuth
0x00000001cd0f8000 	/System/Library/PrivateFrameworks/Sharing.framework/Versions/A/Sharing
0x00000001c5de0000 	/System/Library/PrivateFrameworks/login.framework/Versions/A/Frameworks/loginsupport.framework/Versions/A/loginsupport
0x00000001d2424000 	/System/Library/PrivateFrameworks/Apple80211.framework/Versions/A/Apple80211
0x00000001c8edf000 	/System/Library/PrivateFrameworks/AuthKit.framework/Versions/A/AuthKit
0x00000001c856d000 	/System/Library/PrivateFrameworks/CoreUtils.framework/Versions/A/CoreUtils
0x00000001c848d000 	/System/Library/Frameworks/CoreWLAN.framework/Versions/A/CoreWLAN
0x00000001cd262000 	/System/Library/Frameworks/IOBluetooth.framework/Versions/A/IOBluetooth
0x00000001d2484000 	/System/Library/PrivateFrameworks/CoreWiFi.framework/Versions/A/CoreWiFi
0x00000001d0e53000 	/System/Library/PrivateFrameworks/FrontBoardServices.framework/Versions/A/FrontBoardServices
0x00000001d0eeb000 	/System/Library/PrivateFrameworks/BoardServices.framework/Versions/A/BoardServices
0x00000001c8788000 	/System/Library/PrivateFrameworks/AssertionServices.framework/Versions/A/AssertionServices
0x00000001d25f2000 	/System/Library/PrivateFrameworks/BackBoardServices.framework/Versions/A/BackBoardServices
0x00000001cc667000 	/System/Library/PrivateFrameworks/CorePhoneNumbers.framework/Versions/A/CorePhoneNumbers
0x00000001d0445000 	/System/Library/PrivateFrameworks/DiskManagement.framework/Versions/A/DiskManagement
0x00000001d0348000 	/System/Library/PrivateFrameworks/AppleIDAuthSupport.framework/Versions/A/AppleIDAuthSupport
0x0000000223bc2000 	/System/Library/PrivateFrameworks/AAAFoundation.framework/Versions/A/AAAFoundation
0x00000001cc646000 	/System/Library/PrivateFrameworks/KeychainCircle.framework/Versions/A/KeychainCircle
0x00000001d0411000 	/System/Library/PrivateFrameworks/MediaKit.framework/Versions/A/MediaKit
0x00000001d0355000 	/System/Library/Frameworks/DiscRecording.framework/Versions/A/DiscRecording
0x00000001c9d3e000 	/usr/lib/libCoreStorage.dylib
0x00000001d28ee000 	/usr/lib/libcsfde.dylib
0x00000001cd337000 	/System/Library/PrivateFrameworks/ProtectedCloudStorage.framework/Versions/A/ProtectedCloudStorage
0x00000001d28e6000 	/System/Library/PrivateFrameworks/EFILogin.framework/Versions/A/EFILogin
0x00000001d071c000 	/System/Library/PrivateFrameworks/OctagonTrust.framework/Versions/A/OctagonTrust
0x00000002284ee000 	/System/Library/PrivateFrameworks/CoreUtilsExtras.framework/Versions/A/CoreUtilsExtras
0x00000001d028a000 	/System/Library/Frameworks/CoreBluetooth.framework/Versions/A/CoreBluetooth
0x00000001d2f67000 	/System/Library/Frameworks/AudioUnit.framework/Versions/A/AudioUnit
0x00000001c9d36000 	/usr/lib/libMatch.1.dylib
0x00000001e258d000 	/System/Library/Frameworks/Accelerate.framework/Versions/A/Frameworks/vImage.framework/Versions/A/Libraries/libCGInterfaces.dylib
0x0000000124de4000 	/usr/lib/libobjc-trampolines.dylib
0x000000023bb58000 	/usr/lib/libRosetta.dylib
0x00000001c5add000 	/System/Library/PrivateFrameworks/ViewBridge.framework/Versions/A/ViewBridge


VM Arguments:
jvm_args: -javaagent:/Applications/IntelliJ IDEA CE.app/Contents/lib/idea_rt.jar=51317:/Applications/IntelliJ IDEA CE.app/Contents/bin -Dfile.encoding=UTF-8 --module-path=/Users/heliya/.m2/repository/org/openjfx/javafx-base/17.0.1/javafx-base-17.0.1-mac-aarch64.jar:/Users/heliya/demoMyTwitter/target/classes:/Users/heliya/.m2/repository/org/openjfx/javafx-fxml/17.0.1/javafx-fxml-17.0.1-mac-aarch64.jar:/Users/heliya/.m2/repository/org/openjfx/javafx-graphics/17.0.1/javafx-graphics-17.0.1-mac-aarch64.jar:/Users/heliya/.m2/repository/org/openjfx/javafx-controls/17.0.1/javafx-controls-17.0.1-mac-aarch64.jar -Djdk.module.main=com.example.demomytwitter 
java_command: com.example.demomytwitter/com.example.demomytwitter.HelloApplication
java_class_path (initial): /Users/heliya/.m2/repository/org/openjfx/javafx-controls/17.0.1/javafx-controls-17.0.1.jar:/Users/heliya/.m2/repository/org/openjfx/javafx-graphics/17.0.1/javafx-graphics-17.0.1.jar:/Users/heliya/.m2/repository/org/openjfx/javafx-base/17.0.1/javafx-base-17.0.1.jar:/Users/heliya/.m2/repository/org/openjfx/javafx-fxml/17.0.1/javafx-fxml-17.0.1.jar
Launcher Type: SUN_STANDARD

[Global flags]
     intx CICompilerCount                          = 4                                         {product} {ergonomic}
     uint ConcGCThreads                            = 2                                         {product} {ergonomic}
     uint G1ConcRefinementThreads                  = 8                                         {product} {ergonomic}
   size_t G1HeapRegionSize                         = 1048576                                   {product} {ergonomic}
    uintx GCDrainStackTargetSize                   = 64                                        {product} {ergonomic}
   size_t InitialHeapSize                          = 134217728                                 {product} {ergonomic}
   size_t MarkStackSize                            = 4194304                                   {product} {ergonomic}
   size_t MaxHeapSize                              = 2147483648                                {product} {ergonomic}
   size_t MaxNewSize                               = 1287651328                                {product} {ergonomic}
   size_t MinHeapDeltaBytes                        = 1048576                                   {product} {ergonomic}
   size_t MinHeapSize                              = 8388608                                   {product} {ergonomic}
    uintx NonNMethodCodeHeapSize                   = 5839564                                {pd product} {ergonomic}
    uintx NonProfiledCodeHeapSize                  = 122909338                              {pd product} {ergonomic}
    uintx ProfiledCodeHeapSize                     = 122909338                              {pd product} {ergonomic}
    uintx ReservedCodeCacheSize                    = 251658240                              {pd product} {ergonomic}
     bool SegmentedCodeCache                       = true                                      {product} {ergonomic}
   size_t SoftMaxHeapSize                          = 2147483648                             {manageable} {ergonomic}
     bool UseCompressedClassPointers               = true                           {product lp64_product} {ergonomic}
     bool UseCompressedOops                        = true                           {product lp64_product} {ergonomic}
     bool UseG1GC                                  = true                                      {product} {ergonomic}
     bool UseNUMA                                  = false                                     {product} {ergonomic}
     bool UseNUMAInterleaving                      = false                                     {product} {ergonomic}

Logging:
Log output configuration:
 #0: stdout all=warning uptime,level,tags
 #1: stderr all=off uptime,level,tags

Environment Variables:
PATH=/usr/local/bin:/usr/bin:/bin:/usr/sbin:/sbin
SHELL=/bin/zsh
LC_CTYPE=en_US.UTF-8

Signal Handlers:
   SIGSEGV: _ZL13crash_handleriP9__siginfoPv in libjvm.dylib, mask=11100110000111110111111111111111, flags=SA_RESTART|SA_SIGINFO
    SIGBUS: _ZL13crash_handleriP9__siginfoPv in libjvm.dylib, mask=11100110000111110111111111111111, flags=SA_RESTART|SA_SIGINFO
    SIGFPE: _ZL13crash_handleriP9__siginfoPv in libjvm.dylib, mask=11100110000111110111111111111111, flags=SA_RESTART|SA_SIGINFO
   SIGPIPE: _ZL17javaSignalHandleriP9__siginfoPv in libjvm.dylib, mask=11100110000111110111111111111111, flags=SA_RESTART|SA_SIGINFO
   SIGXFSZ: _ZL17javaSignalHandleriP9__siginfoPv in libjvm.dylib, mask=11100110000111110111111111111111, flags=SA_RESTART|SA_SIGINFO
    SIGILL: _ZL13crash_handleriP9__siginfoPv in libjvm.dylib, mask=11100110000111110111111111111111, flags=SA_RESTART|SA_SIGINFO
   SIGUSR2: _ZL10SR_handleriP9__siginfoP17__darwin_ucontext in libjvm.dylib, mask=00100000000000000000000000000000, flags=SA_RESTART|SA_SIGINFO
    SIGHUP: _ZL11UserHandleriPvS_ in libjvm.dylib, mask=11100110000111110111111111111111, flags=SA_RESTART|SA_SIGINFO
    SIGINT: _ZL11UserHandleriPvS_ in libjvm.dylib, mask=11100110000111110111111111111111, flags=SA_RESTART|SA_SIGINFO
   SIGTERM: _ZL11UserHandleriPvS_ in libjvm.dylib, mask=11100110000111110111111111111111, flags=SA_RESTART|SA_SIGINFO
   SIGQUIT: _ZL11UserHandleriPvS_ in libjvm.dylib, mask=11100110000111110111111111111111, flags=SA_RESTART|SA_SIGINFO
   SIGTRAP: _ZL13crash_handleriP9__siginfoPv in libjvm.dylib, mask=11100110000111110111111111111111, flags=SA_RESTART|SA_SIGINFO


---------------  S Y S T E M  ---------------

OS:
uname: Darwin 21.3.0 Darwin Kernel Version 21.3.0: Wed Jan  5 21:37:58 PST 2022; root:xnu-8019.80.24~20/RELEASE_ARM64_T8101 arm64
OS uptime: 0 days 9:25 hours
rlimit (soft/hard): STACK 8176k/65520k , CORE 0k/infinity , NPROC 1333/2000 , NOFILE 10240/infinity , AS infinity/infinity , CPU infinity/infinity , DATA infinity/infinity , FSIZE infinity/infinity , MEMLOCK infinity/infinity , RSS infinity/infinity
load average: 4.50 2.46 2.03

CPU: total 8 (initial active 8) 0x61:0x0:0x1b588bb3:0, fp, simd, crc, lse

Memory: 16k page, physical 8388608k(387136k free), swap 1048576k(1031680k free)

vm_info: OpenJDK 64-Bit Server VM (17.0.2+8-86) for bsd-aarch64 JRE (17.0.2+8-86), built on Dec  7 2021 21:45:06 by "mach5one" with clang Apple LLVM 12.0.0 (clang-1200.0.32.29)

END.
